
ej07.elf:     file format elf32-littleriscv
ej07.elf
architecture: riscv:rv32, flags 0x00000112:
EXEC_P, HAS_SYMS, D_PAGED
start address 0x0000000c

Program Header:
    LOAD off    0x00001000 vaddr 0x00000000 paddr 0x00000000 align 2**12
         filesz 0x0000004c memsz 0x0000004c flags r-x

Sections:
Idx Name              Size      VMA       LMA       File off  Algn  Flags
  0 .text             0000004c  00000000  00000000  00001000  2**2  CONTENTS, ALLOC, LOAD, READONLY, CODE
  1 .riscv.attributes 0000001f  00000000  00000000  0000104c  2**0  CONTENTS, READONLY
  2 .debug_line       00000084  00000000  00000000  0000106b  2**0  CONTENTS, READONLY, DEBUGGING, OCTETS
  3 .debug_info       00000026  00000000  00000000  000010ef  2**0  CONTENTS, READONLY, DEBUGGING, OCTETS
  4 .debug_abbrev     00000014  00000000  00000000  00001115  2**0  CONTENTS, READONLY, DEBUGGING, OCTETS
  5 .debug_aranges    00000020  00000000  00000000  00001130  2**3  CONTENTS, READONLY, DEBUGGING, OCTETS
  6 .debug_str        0000006e  00000000  00000000  00001150  2**0  CONTENTS, READONLY, DEBUGGING, OCTETS
SYMBOL TABLE:
00000000 l    d  .text	00000000 .text
00000000 l    d  .riscv.attributes	00000000 .riscv.attributes
00000000 l    d  .debug_line	00000000 .debug_line
00000000 l    d  .debug_info	00000000 .debug_info
00000000 l    d  .debug_abbrev	00000000 .debug_abbrev
00000000 l    d  .debug_aranges	00000000 .debug_aranges
00000000 l    d  .debug_str	00000000 .debug_str
00000000 l    df *ABS*	00000000 ./ej07.o
00000000 l       .text	00000000 a
00000004 l       .text	00000000 b
00000008 l       .text	00000000 mcd
00000024 l       .text	00000000 while
0000003c l       .text	00000000 fin_while
00000034 l       .text	00000000 else
00000038 l       .text	00000000 fin_if
00000048 l       .text	00000000 fin
0000000c g       .text	00000000 main



Disassembly of section .text:

00000000 <a>:
a():
   0:	0005                	c.nop	1
	...

00000004 <b>:
b():
   4:	0000000f          	fence	unknown,unknown

00000008 <mcd>:
mcd():
   8:	0000                	unimp
	...

0000000c <main>:
main():
C:\Users\Catalina\Documents\Universidad\1-2\FC2\Ensamblador\FC2problemasWS\ej07\Debug/../ej07.asm:34
b:  .word 15

mcd:.space 4

main:
    la   t1,a
   c:	00000317          	auipc	t1,0x0
  10:	ff430313          	addi	t1,t1,-12 # 0 <a>
C:\Users\Catalina\Documents\Universidad\1-2\FC2\Ensamblador\FC2problemasWS\ej07\Debug/../ej07.asm:35
    lw   s1,0(t1)       # s1 es a
  14:	00032483          	lw	s1,0(t1)
C:\Users\Catalina\Documents\Universidad\1-2\FC2\Ensamblador\FC2problemasWS\ej07\Debug/../ej07.asm:36
    la   t2,b
  18:	00000397          	auipc	t2,0x0
  1c:	fec38393          	addi	t2,t2,-20 # 4 <b>
C:\Users\Catalina\Documents\Universidad\1-2\FC2\Ensamblador\FC2problemasWS\ej07\Debug/../ej07.asm:37
    lw   s2,0(t2)       # s2 es b
  20:	0003a903          	lw	s2,0(t2)

00000024 <while>:
while():
C:\Users\Catalina\Documents\Universidad\1-2\FC2\Ensamblador\FC2problemasWS\ej07\Debug/../ej07.asm:39
while:
    beq  s1,s2, fin_while
  24:	01248c63          	beq	s1,s2,3c <fin_while>
C:\Users\Catalina\Documents\Universidad\1-2\FC2\Ensamblador\FC2problemasWS\ej07\Debug/../ej07.asm:40
    ble  s1,s2, else
  28:	00995663          	bge	s2,s1,34 <else>
C:\Users\Catalina\Documents\Universidad\1-2\FC2\Ensamblador\FC2problemasWS\ej07\Debug/../ej07.asm:41
    sub  s1,s1,s2       # a=a-b
  2c:	412484b3          	sub	s1,s1,s2
C:\Users\Catalina\Documents\Universidad\1-2\FC2\Ensamblador\FC2problemasWS\ej07\Debug/../ej07.asm:42
    j    fin_if
  30:	0080006f          	j	38 <fin_if>

00000034 <else>:
else():
C:\Users\Catalina\Documents\Universidad\1-2\FC2\Ensamblador\FC2problemasWS\ej07\Debug/../ej07.asm:44
else:
    sub  s2,s2,s1       # b=b-a
  34:	40990933          	sub	s2,s2,s1

00000038 <fin_if>:
fin_if():
C:\Users\Catalina\Documents\Universidad\1-2\FC2\Ensamblador\FC2problemasWS\ej07\Debug/../ej07.asm:46
fin_if:
    j    while
  38:	fedff06f          	j	24 <while>

0000003c <fin_while>:
fin_while():
C:\Users\Catalina\Documents\Universidad\1-2\FC2\Ensamblador\FC2problemasWS\ej07\Debug/../ej07.asm:48
fin_while:
    la   t3,mcd         # t3 = @mcd
  3c:	00000e17          	auipc	t3,0x0
  40:	fcce0e13          	addi	t3,t3,-52 # 8 <mcd>
C:\Users\Catalina\Documents\Universidad\1-2\FC2\Ensamblador\FC2problemasWS\ej07\Debug/../ej07.asm:49
    sw   s1,0(t3)
  44:	009e2023          	sw	s1,0(t3)

00000048 <fin>:
fin():
C:\Users\Catalina\Documents\Universidad\1-2\FC2\Ensamblador\FC2problemasWS\ej07\Debug/../ej07.asm:52

fin:
    j .
  48:	0000006f          	j	48 <fin>
