
pr2_lab.elf:     file format elf32-littleriscv
pr2_lab.elf
architecture: riscv:rv32, flags 0x00000112:
EXEC_P, HAS_SYMS, D_PAGED
start address 0x00000000

Program Header:
    LOAD off    0x00001000 vaddr 0x00000000 paddr 0x00000000 align 2**12
         filesz 0x000000d4 memsz 0x000000d4 flags r-x
    LOAD off    0x00002000 vaddr 0x00010000 paddr 0x00010000 align 2**12
         filesz 0x00000028 memsz 0x00000080 flags rw-

Sections:
Idx Name              Size      VMA       LMA       File off  Algn  Flags
  0 .text             000000d4  00000000  00000000  00001000  2**2  CONTENTS, ALLOC, LOAD, READONLY, CODE
  1 .data             00000028  00010000  00010000  00002000  2**0  CONTENTS, ALLOC, LOAD, DATA
  2 .bss              00000058  00010028  00010028  00002028  2**0  ALLOC
  3 .riscv.attributes 0000001f  00000000  00000000  00002028  2**0  CONTENTS, READONLY
  4 .debug_line       00000159  00000000  00000000  00002047  2**0  CONTENTS, READONLY, DEBUGGING, OCTETS
  5 .debug_info       00000026  00000000  00000000  000021a0  2**0  CONTENTS, READONLY, DEBUGGING, OCTETS
  6 .debug_abbrev     00000014  00000000  00000000  000021c6  2**0  CONTENTS, READONLY, DEBUGGING, OCTETS
  7 .debug_aranges    00000020  00000000  00000000  000021e0  2**3  CONTENTS, READONLY, DEBUGGING, OCTETS
  8 .debug_str        00000074  00000000  00000000  00002200  2**0  CONTENTS, READONLY, DEBUGGING, OCTETS
SYMBOL TABLE:
00000000 l    d  .text	00000000 .text
00010000 l    d  .data	00000000 .data
00010028 l    d  .bss	00000000 .bss
00000000 l    d  .riscv.attributes	00000000 .riscv.attributes
00000000 l    d  .debug_line	00000000 .debug_line
00000000 l    d  .debug_info	00000000 .debug_info
00000000 l    d  .debug_abbrev	00000000 .debug_abbrev
00000000 l    d  .debug_aranges	00000000 .debug_aranges
00000000 l    d  .debug_str	00000000 .debug_str
00000000 l    df *ABS*	00000000 ./pr2_lab.o
0000000a l       *ABS*	00000000 N
00010000 l       *ABS*	00000000 INT_MAX
00010000 l       .data	00000000 V
00010028 l       .bss	00000000 W
00010050 l       .bss	00000000 X
00010078 l       .bss	00000000 min
0001007c l       .bss	00000000 ind
00000018 l       .text	00000000 for
00000044 l       .text	00000000 e_for
00000064 l       .text	00000000 for_orden
000000d0 l       .text	00000000 e_for_orden
0000007c l       .text	00000000 for_i
000000ac l       .text	00000000 e_for_i
0000008c l       .text	00000000 if
000000a4 l       .text	00000000 end_if
000000d0 l       .text	00000000 fin
00000000 g       .text	00000000 main



Disassembly of section .text:

00000000 <main>:
main():
C:\Users\Catalina\Documents\Universidad\1-2\FC2\Ensamblador\FC2practicasWS\pr2_lab\Debug/../pr2_lab.asm:47
min: .space 4
ind: .space 4

.text
main:
	li t0, 0			//t0=i
   0:	00000293          	li	t0,0
C:\Users\Catalina\Documents\Universidad\1-2\FC2\Ensamblador\FC2practicasWS\pr2_lab\Debug/../pr2_lab.asm:48
	li t1, N			//t1=N(8)
   4:	00a00313          	li	t1,10
C:\Users\Catalina\Documents\Universidad\1-2\FC2\Ensamblador\FC2practicasWS\pr2_lab\Debug/../pr2_lab.asm:49
	la t3, V			//t3=@V
   8:	00010e17          	auipc	t3,0x10
   c:	ff8e0e13          	addi	t3,t3,-8 # 10000 <INT_MAX>
C:\Users\Catalina\Documents\Universidad\1-2\FC2\Ensamblador\FC2practicasWS\pr2_lab\Debug/../pr2_lab.asm:50
	la t4, W			//t4=@W
  10:	00010e97          	auipc	t4,0x10
  14:	018e8e93          	addi	t4,t4,24 # 10028 <W>

00000018 <for>:
for():
C:\Users\Catalina\Documents\Universidad\1-2\FC2\Ensamblador\FC2practicasWS\pr2_lab\Debug/../pr2_lab.asm:53

for:
	bge t0, t1, e_for
  18:	0262d663          	bge	t0,t1,44 <e_for>
C:\Users\Catalina\Documents\Universidad\1-2\FC2\Ensamblador\FC2practicasWS\pr2_lab\Debug/../pr2_lab.asm:57

	//mv s0, t0 //s0<-t0
	// V[i] -> t2
	slli s4, t0, 2
  1c:	00229a13          	slli	s4,t0,0x2
C:\Users\Catalina\Documents\Universidad\1-2\FC2\Ensamblador\FC2practicasWS\pr2_lab\Debug/../pr2_lab.asm:58
	add s4, s4, t3
  20:	01ca0a33          	add	s4,s4,t3
C:\Users\Catalina\Documents\Universidad\1-2\FC2\Ensamblador\FC2practicasWS\pr2_lab\Debug/../pr2_lab.asm:59
	lw t2, 0(s4)
  24:	000a2383          	lw	t2,0(s4)
C:\Users\Catalina\Documents\Universidad\1-2\FC2\Ensamblador\FC2practicasWS\pr2_lab\Debug/../pr2_lab.asm:62


	sub t2, t2, t0	//t2-= i
  28:	405383b3          	sub	t2,t2,t0
C:\Users\Catalina\Documents\Universidad\1-2\FC2\Ensamblador\FC2practicasWS\pr2_lab\Debug/../pr2_lab.asm:63
	add t2, t2, t1	// t2+= N
  2c:	006383b3          	add	t2,t2,t1
C:\Users\Catalina\Documents\Universidad\1-2\FC2\Ensamblador\FC2practicasWS\pr2_lab\Debug/../pr2_lab.asm:66

	// W[i]=t2
	slli s4, t0, 2    //s4=desplazamiento
  30:	00229a13          	slli	s4,t0,0x2
C:\Users\Catalina\Documents\Universidad\1-2\FC2\Ensamblador\FC2practicasWS\pr2_lab\Debug/../pr2_lab.asm:67
	add s4, s4, t4    //s4=dirección elemento a colocar
  34:	01da0a33          	add	s4,s4,t4
C:\Users\Catalina\Documents\Universidad\1-2\FC2\Ensamblador\FC2practicasWS\pr2_lab\Debug/../pr2_lab.asm:68
	sw t2, 0(s4)
  38:	007a2023          	sw	t2,0(s4)
C:\Users\Catalina\Documents\Universidad\1-2\FC2\Ensamblador\FC2practicasWS\pr2_lab\Debug/../pr2_lab.asm:70
	//i++ y jump
	addi t0,t0,1
  3c:	00128293          	addi	t0,t0,1
C:\Users\Catalina\Documents\Universidad\1-2\FC2\Ensamblador\FC2practicasWS\pr2_lab\Debug/../pr2_lab.asm:71
	j for
  40:	fd9ff06f          	j	18 <for>

00000044 <e_for>:
e_for():
C:\Users\Catalina\Documents\Universidad\1-2\FC2\Ensamblador\FC2practicasWS\pr2_lab\Debug/../pr2_lab.asm:73
e_for:
	li t2, INT_MAX		//t2=INT_MAX
  44:	000103b7          	lui	t2,0x10
C:\Users\Catalina\Documents\Universidad\1-2\FC2\Ensamblador\FC2practicasWS\pr2_lab\Debug/../pr2_lab.asm:74
	la t5, min			//t5=@min
  48:	00010f17          	auipc	t5,0x10
  4c:	030f0f13          	addi	t5,t5,48 # 10078 <min>
C:\Users\Catalina\Documents\Universidad\1-2\FC2\Ensamblador\FC2practicasWS\pr2_lab\Debug/../pr2_lab.asm:75
	la t6, ind			//t6=@ind
  50:	00010f97          	auipc	t6,0x10
  54:	02cf8f93          	addi	t6,t6,44 # 1007c <ind>
C:\Users\Catalina\Documents\Universidad\1-2\FC2\Ensamblador\FC2practicasWS\pr2_lab\Debug/../pr2_lab.asm:76
	la t3, X
  58:	00010e17          	auipc	t3,0x10
  5c:	ff8e0e13          	addi	t3,t3,-8 # 10050 <X>
C:\Users\Catalina\Documents\Universidad\1-2\FC2\Ensamblador\FC2practicasWS\pr2_lab\Debug/../pr2_lab.asm:77
	li t0,0
  60:	00000293          	li	t0,0

00000064 <for_orden>:
for_orden():
C:\Users\Catalina\Documents\Universidad\1-2\FC2\Ensamblador\FC2practicasWS\pr2_lab\Debug/../pr2_lab.asm:79
for_orden:
	bge t0, t1, e_for_orden
  64:	0662d663          	bge	t0,t1,d0 <e_for_orden>
C:\Users\Catalina\Documents\Universidad\1-2\FC2\Ensamblador\FC2practicasWS\pr2_lab\Debug/../pr2_lab.asm:80
	mv s1, t2
  68:	00038493          	mv	s1,t2
C:\Users\Catalina\Documents\Universidad\1-2\FC2\Ensamblador\FC2practicasWS\pr2_lab\Debug/../pr2_lab.asm:81
	sw s1, 0(t5)    	//min=INT_MAX
  6c:	009f2023          	sw	s1,0(t5)
C:\Users\Catalina\Documents\Universidad\1-2\FC2\Ensamblador\FC2practicasWS\pr2_lab\Debug/../pr2_lab.asm:82
	li s2, 0        	//s2=i=0
  70:	00000913          	li	s2,0
C:\Users\Catalina\Documents\Universidad\1-2\FC2\Ensamblador\FC2practicasWS\pr2_lab\Debug/../pr2_lab.asm:83
	li s4, -5
  74:	ffb00a13          	li	s4,-5
C:\Users\Catalina\Documents\Universidad\1-2\FC2\Ensamblador\FC2practicasWS\pr2_lab\Debug/../pr2_lab.asm:84
	li s5, 35
  78:	02300a93          	li	s5,35

0000007c <for_i>:
for_i():
C:\Users\Catalina\Documents\Universidad\1-2\FC2\Ensamblador\FC2practicasWS\pr2_lab\Debug/../pr2_lab.asm:86
	for_i:
	bge s2, t1, e_for_i
  7c:	02695863          	bge	s2,t1,ac <e_for_i>
C:\Users\Catalina\Documents\Universidad\1-2\FC2\Ensamblador\FC2practicasWS\pr2_lab\Debug/../pr2_lab.asm:87
	slli s3, s2, 2   	// desplazamiento
  80:	00291993          	slli	s3,s2,0x2
C:\Users\Catalina\Documents\Universidad\1-2\FC2\Ensamblador\FC2practicasWS\pr2_lab\Debug/../pr2_lab.asm:88
	add s3, s3, t4   	// direccion
  84:	01d989b3          	add	s3,s3,t4
C:\Users\Catalina\Documents\Universidad\1-2\FC2\Ensamblador\FC2practicasWS\pr2_lab\Debug/../pr2_lab.asm:89
	lw s3, 0(s3)     	// s3= W[i]
  88:	0009a983          	lw	s3,0(s3)

0000008c <if>:
if():
C:\Users\Catalina\Documents\Universidad\1-2\FC2\Ensamblador\FC2practicasWS\pr2_lab\Debug/../pr2_lab.asm:92

		if:
		bge s3, s1, end_if //salta si s3 = v[i] >= s1 = min
  8c:	0099dc63          	bge	s3,s1,a4 <end_if>
C:\Users\Catalina\Documents\Universidad\1-2\FC2\Ensamblador\FC2practicasWS\pr2_lab\Debug/../pr2_lab.asm:93
		bge s4, s3, end_if
  90:	013a5a63          	bge	s4,s3,a4 <end_if>
C:\Users\Catalina\Documents\Universidad\1-2\FC2\Ensamblador\FC2practicasWS\pr2_lab\Debug/../pr2_lab.asm:94
		bge s3, s5, end_if
  94:	0159d863          	bge	s3,s5,a4 <end_if>
C:\Users\Catalina\Documents\Universidad\1-2\FC2\Ensamblador\FC2practicasWS\pr2_lab\Debug/../pr2_lab.asm:95
		mv s1, s3
  98:	00098493          	mv	s1,s3
C:\Users\Catalina\Documents\Universidad\1-2\FC2\Ensamblador\FC2practicasWS\pr2_lab\Debug/../pr2_lab.asm:96
		sw s1, 0(t5)     //min=W[i]
  9c:	009f2023          	sw	s1,0(t5)
C:\Users\Catalina\Documents\Universidad\1-2\FC2\Ensamblador\FC2practicasWS\pr2_lab\Debug/../pr2_lab.asm:97
		sw s2, 0(t6)     //ind=i
  a0:	012fa023          	sw	s2,0(t6)

000000a4 <end_if>:
end_if():
C:\Users\Catalina\Documents\Universidad\1-2\FC2\Ensamblador\FC2practicasWS\pr2_lab\Debug/../pr2_lab.asm:99
		end_if:
	addi s2, s2, 1    	//i++
  a4:	00190913          	addi	s2,s2,1
C:\Users\Catalina\Documents\Universidad\1-2\FC2\Ensamblador\FC2practicasWS\pr2_lab\Debug/../pr2_lab.asm:100
	j for_i
  a8:	fd5ff06f          	j	7c <for_i>

000000ac <e_for_i>:
e_for_i():
C:\Users\Catalina\Documents\Universidad\1-2\FC2\Ensamblador\FC2practicasWS\pr2_lab\Debug/../pr2_lab.asm:105

	e_for_i:

	//X[j]=W[index]
	slli s4, t0, 2    //s4=desplazamiento
  ac:	00229a13          	slli	s4,t0,0x2
C:\Users\Catalina\Documents\Universidad\1-2\FC2\Ensamblador\FC2practicasWS\pr2_lab\Debug/../pr2_lab.asm:106
	add s4, s4, t3    //s4=dirección elemento a colocar
  b0:	01ca0a33          	add	s4,s4,t3
C:\Users\Catalina\Documents\Universidad\1-2\FC2\Ensamblador\FC2practicasWS\pr2_lab\Debug/../pr2_lab.asm:107
	sw s1, 0(s4)      //X[j]=W[ind]
  b4:	009a2023          	sw	s1,0(s4)
C:\Users\Catalina\Documents\Universidad\1-2\FC2\Ensamblador\FC2practicasWS\pr2_lab\Debug/../pr2_lab.asm:110

	//X[index]=INT_MAX
	lw s5, 0(t6)      //s5=ind
  b8:	000faa83          	lw	s5,0(t6)
C:\Users\Catalina\Documents\Universidad\1-2\FC2\Ensamblador\FC2practicasWS\pr2_lab\Debug/../pr2_lab.asm:111
	slli s5, s5, 2    //desplazamiento
  bc:	002a9a93          	slli	s5,s5,0x2
C:\Users\Catalina\Documents\Universidad\1-2\FC2\Ensamblador\FC2practicasWS\pr2_lab\Debug/../pr2_lab.asm:112
	add s5, s5, t4    //direccion
  c0:	01da8ab3          	add	s5,s5,t4
C:\Users\Catalina\Documents\Universidad\1-2\FC2\Ensamblador\FC2practicasWS\pr2_lab\Debug/../pr2_lab.asm:113
	sw t2, 0(s5)      //W[index]=INT_MAX
  c4:	007aa023          	sw	t2,0(s5)
C:\Users\Catalina\Documents\Universidad\1-2\FC2\Ensamblador\FC2practicasWS\pr2_lab\Debug/../pr2_lab.asm:116

	//j++ y jump
	addi t0,t0,1
  c8:	00128293          	addi	t0,t0,1
C:\Users\Catalina\Documents\Universidad\1-2\FC2\Ensamblador\FC2practicasWS\pr2_lab\Debug/../pr2_lab.asm:117
	j for_orden
  cc:	f99ff06f          	j	64 <for_orden>

000000d0 <e_for_orden>:
e_for_orden():
C:\Users\Catalina\Documents\Universidad\1-2\FC2\Ensamblador\FC2practicasWS\pr2_lab\Debug/../pr2_lab.asm:122
e_for_orden:



fin: j .
  d0:	0000006f          	j	d0 <e_for_orden>
