
ej08.elf:     file format elf32-littleriscv
ej08.elf
architecture: riscv:rv32, flags 0x00000112:
EXEC_P, HAS_SYMS, D_PAGED
start address 0x00000000

Program Header:
    LOAD off    0x00001000 vaddr 0x00000000 paddr 0x00000000 align 2**12
         filesz 0x00000048 memsz 0x00000048 flags r-x
    LOAD off    0x00002000 vaddr 0x00010000 paddr 0x00010000 align 2**12
         filesz 0x00000030 memsz 0x00000034 flags rw-

Sections:
Idx Name              Size      VMA       LMA       File off  Algn  Flags
  0 .text             00000048  00000000  00000000  00001000  2**2  CONTENTS, ALLOC, LOAD, READONLY, CODE
  1 .data             00000030  00010000  00010000  00002000  2**0  CONTENTS, ALLOC, LOAD, DATA
  2 .bss              00000004  00010030  00010030  00002030  2**0  ALLOC
  3 .riscv.attributes 0000001f  00000000  00000000  00002030  2**0  CONTENTS, READONLY
  4 .debug_line       0000008a  00000000  00000000  0000204f  2**0  CONTENTS, READONLY, DEBUGGING, OCTETS
  5 .debug_info       00000026  00000000  00000000  000020d9  2**0  CONTENTS, READONLY, DEBUGGING, OCTETS
  6 .debug_abbrev     00000014  00000000  00000000  000020ff  2**0  CONTENTS, READONLY, DEBUGGING, OCTETS
  7 .debug_aranges    00000020  00000000  00000000  00002118  2**3  CONTENTS, READONLY, DEBUGGING, OCTETS
  8 .debug_str        00000069  00000000  00000000  00002138  2**0  CONTENTS, READONLY, DEBUGGING, OCTETS
SYMBOL TABLE:
00000000 l    d  .text	00000000 .text
00010000 l    d  .data	00000000 .data
00010030 l    d  .bss	00000000 .bss
00000000 l    d  .riscv.attributes	00000000 .riscv.attributes
00000000 l    d  .debug_line	00000000 .debug_line
00000000 l    d  .debug_info	00000000 .debug_info
00000000 l    d  .debug_abbrev	00000000 .debug_abbrev
00000000 l    d  .debug_aranges	00000000 .debug_aranges
00000000 l    d  .debug_str	00000000 .debug_str
00000000 l    df *ABS*	00000000 ./ej08.o
00000004 l       *ABS*	00000000 n
00010000 l       .data	00000000 g
00010004 l       .data	00000000 h
00010008 l       .data	00000000 b
00010030 l       .bss	00000000 f
00000044 l       .text	00000000 fin
00000000 g       .text	00000000 main



Disassembly of section .text:

00000000 <main>:
main():
C:\Users\Catalina\Documents\Universidad\1-2\FC2\Ensamblador\Problemas\ej08\Debug/../ej08.asm:28
b:  .word 0,1,2,3,4,5,6,7,8,9
.bss
f:  .space 4
.text
main:
    la   t2,g
   0:	00010397          	auipc	t2,0x10
   4:	00038393          	mv	t2,t2
C:\Users\Catalina\Documents\Universidad\1-2\FC2\Ensamblador\Problemas\ej08\Debug/../ej08.asm:29
    lw   s2, 0(t2)  # g en s2
   8:	0003a903          	lw	s2,0(t2) # 10000 <g>
C:\Users\Catalina\Documents\Universidad\1-2\FC2\Ensamblador\Problemas\ej08\Debug/../ej08.asm:30
    la   t3, h
   c:	00010e17          	auipc	t3,0x10
  10:	ff8e0e13          	addi	t3,t3,-8 # 10004 <h>
C:\Users\Catalina\Documents\Universidad\1-2\FC2\Ensamblador\Problemas\ej08\Debug/../ej08.asm:31
    lw   s3,0(t3)   # h en s3
  14:	000e2983          	lw	s3,0(t3)
C:\Users\Catalina\Documents\Universidad\1-2\FC2\Ensamblador\Problemas\ej08\Debug/../ej08.asm:32
    la   t4,b       # t4 es la dirección base de e
  18:	00010e97          	auipc	t4,0x10
  1c:	ff0e8e93          	addi	t4,t4,-16 # 10008 <b>
C:\Users\Catalina\Documents\Universidad\1-2\FC2\Ensamblador\Problemas\ej08\Debug/../ej08.asm:33
    li   t5,n       # t5contiene el índice, en este caso 4
  20:	00400f13          	li	t5,4
C:\Users\Catalina\Documents\Universidad\1-2\FC2\Ensamblador\Problemas\ej08\Debug/../ej08.asm:34
    slli t5,t5,2    # se multiplica en índice por 4 porque
  24:	002f1f13          	slli	t5,t5,0x2
C:\Users\Catalina\Documents\Universidad\1-2\FC2\Ensamblador\Problemas\ej08\Debug/../ej08.asm:36
                    // el tamaño es palabra (4 bytes)
    add  t5,t5,t4   # @=dirbase+indice*4
  28:	01df0f33          	add	t5,t5,t4
C:\Users\Catalina\Documents\Universidad\1-2\FC2\Ensamblador\Problemas\ej08\Debug/../ej08.asm:37
    lw   t5,0(t5)   # t5=B[4]
  2c:	000f2f03          	lw	t5,0(t5)
C:\Users\Catalina\Documents\Universidad\1-2\FC2\Ensamblador\Problemas\ej08\Debug/../ej08.asm:38
    add  s2,s2,s3   # g+h
  30:	01390933          	add	s2,s2,s3
C:\Users\Catalina\Documents\Universidad\1-2\FC2\Ensamblador\Problemas\ej08\Debug/../ej08.asm:39
    add  s2,s2,t5   # g+h+B[4]
  34:	01e90933          	add	s2,s2,t5
C:\Users\Catalina\Documents\Universidad\1-2\FC2\Ensamblador\Problemas\ej08\Debug/../ej08.asm:40
    la   t1,f
  38:	00010317          	auipc	t1,0x10
  3c:	ff830313          	addi	t1,t1,-8 # 10030 <f>
C:\Users\Catalina\Documents\Universidad\1-2\FC2\Ensamblador\Problemas\ej08\Debug/../ej08.asm:41
    sw   s2,0(t1)
  40:	01232023          	sw	s2,0(t1)

00000044 <fin>:
fin():
C:\Users\Catalina\Documents\Universidad\1-2\FC2\Ensamblador\Problemas\ej08\Debug/../ej08.asm:43
fin:
    j .
  44:	0000006f          	j	44 <fin>
