
**** Build of configuration Debug for project practica2 ****

"C:\\Users\\Catalina\\ccs\\utils\\bin\\gmake" -k -j 8 all -O 
 
Building file: "../hal_LCD.c"
Invoking: MSP430 Compiler
"C:/Users/Catalina/ccs/tools/compiler/ti-cgt-msp430_21.6.1.LTS/bin/cl430" -vmspx --use_hw_mpy=F5 --include_path="C:/Users/Catalina/ccs/ccs_base/msp430/include" --include_path="C:/Users/Catalina/Documents/Universidad/2-2/EC/Prueba/practica2" --include_path="C:/Users/Catalina/ccs/tools/compiler/ti-cgt-msp430_21.6.1.LTS/include" --advice:power=all --define=__CC430F5123__ -g --printf_support=minimal --diag_warning=225 --diag_wrap=off --display_error_number --silicon_errata=CPU21 --silicon_errata=CPU22 --silicon_errata=CPU40 --preproc_with_compile --preproc_dependency="hal_LCD.d_raw"  "../hal_LCD.c"
 
>> Compilation failure
subdir_rules.mk:9: recipe for target 'hal_LCD.obj' failed
"../hal_LCD.c", line 44: fatal error #1965: cannot open source file "driverlib.h"
1 catastrophic error detected in the compilation of "../hal_LCD.c".
Compilation terminated.
gmake: *** [hal_LCD.obj] Error 1
Building file: "../driverlib/MSP430FR5xx_6xx/adc12_b.c"
Invoking: MSP430 Compiler
"C:/Users/Catalina/ccs/tools/compiler/ti-cgt-msp430_21.6.1.LTS/bin/cl430" -vmspx --use_hw_mpy=F5 --include_path="C:/Users/Catalina/ccs/ccs_base/msp430/include" --include_path="C:/Users/Catalina/Documents/Universidad/2-2/EC/Prueba/practica2" --include_path="C:/Users/Catalina/ccs/tools/compiler/ti-cgt-msp430_21.6.1.LTS/include" --advice:power=all --define=__CC430F5123__ -g --printf_support=minimal --diag_warning=225 --diag_wrap=off --display_error_number --silicon_errata=CPU21 --silicon_errata=CPU22 --silicon_errata=CPU40 --preproc_with_compile --preproc_dependency="driverlib/MSP430FR5xx_6xx/adc12_b.d_raw" --obj_directory="driverlib/MSP430FR5xx_6xx"  "../driverlib/MSP430FR5xx_6xx/adc12_b.c"
Finished building: "../driverlib/MSP430FR5xx_6xx/adc12_b.c"
 
Building file: "../driverlib/MSP430FR5xx_6xx/cs.c"
Invoking: MSP430 Compiler
"C:/Users/Catalina/ccs/tools/compiler/ti-cgt-msp430_21.6.1.LTS/bin/cl430" -vmspx --use_hw_mpy=F5 --include_path="C:/Users/Catalina/ccs/ccs_base/msp430/include" --include_path="C:/Users/Catalina/Documents/Universidad/2-2/EC/Prueba/practica2" --include_path="C:/Users/Catalina/ccs/tools/compiler/ti-cgt-msp430_21.6.1.LTS/include" --advice:power=all --define=__CC430F5123__ -g --printf_support=minimal --diag_warning=225 --diag_wrap=off --display_error_number --silicon_errata=CPU21 --silicon_errata=CPU22 --silicon_errata=CPU40 --preproc_with_compile --preproc_dependency="driverlib/MSP430FR5xx_6xx/cs.d_raw" --obj_directory="driverlib/MSP430FR5xx_6xx"  "../driverlib/MSP430FR5xx_6xx/cs.c"
 
>> Compilation failure
driverlib/MSP430FR5xx_6xx/subdir_rules.mk:9: recipe for target 'driverlib/MSP430FR5xx_6xx/cs.obj' failed
"../driverlib/MSP430FR5xx_6xx/cs.c", line 116: error #20: identifier "CS_BASE" is undefined
"../driverlib/MSP430FR5xx_6xx/cs.c", line 116: error #20: identifier "OFS_CSCTL1" is undefined
"../driverlib/MSP430FR5xx_6xx/cs.c", line 116: error #20: identifier "DCORSEL" is undefined
"../driverlib/MSP430FR5xx_6xx/cs.c", line 118: error #20: identifier "DCOFSEL_7" is undefined
"../driverlib/MSP430FR5xx_6xx/cs.c", line 120: error #20: identifier "DCOFSEL_0" is undefined
"../driverlib/MSP430FR5xx_6xx/cs.c", line 123: error #20: identifier "DCOFSEL_1" is undefined
"../driverlib/MSP430FR5xx_6xx/cs.c", line 126: error #20: identifier "DCOFSEL_2" is undefined
"../driverlib/MSP430FR5xx_6xx/cs.c", line 129: error #20: identifier "DCOFSEL_3" is undefined
"../driverlib/MSP430FR5xx_6xx/cs.c", line 132: error #20: identifier "DCOFSEL_4" is undefined
"../driverlib/MSP430FR5xx_6xx/cs.c", line 135: error #20: identifier "DCOFSEL_5" is undefined
"../driverlib/MSP430FR5xx_6xx/cs.c", line 138: error #20: identifier "DCOFSEL_6" is undefined
"../driverlib/MSP430FR5xx_6xx/cs.c", line 149: error #20: identifier "DCOFSEL_7" is undefined
"../driverlib/MSP430FR5xx_6xx/cs.c", line 151: error #20: identifier "DCOFSEL_0" is undefined
"../driverlib/MSP430FR5xx_6xx/cs.c", line 154: error #20: identifier "DCOFSEL_1" is undefined
"../driverlib/MSP430FR5xx_6xx/cs.c", line 157: error #20: identifier "DCOFSEL_2" is undefined
"../driverlib/MSP430FR5xx_6xx/cs.c", line 160: error #20: identifier "DCOFSEL_3" is undefined
"../driverlib/MSP430FR5xx_6xx/cs.c", line 163: error #20: identifier "DCOFSEL_4" is undefined
"../driverlib/MSP430FR5xx_6xx/cs.c", line 166: error #20: identifier "DCOFSEL_5" is undefined
"../driverlib/MSP430FR5xx_6xx/cs.c", line 169: error #20: identifier "DCOFSEL_6" is undefined
"../driverlib/MSP430FR5xx_6xx/cs.c", line 121: remark #1530-D: (ULP 5.1) Detected divide operation(s). Recommend moving them to RAM during run time or not using as these are processing/power intensive
"../driverlib/MSP430FR5xx_6xx/cs.c", line 124: remark #1530-D: (ULP 5.1) Detected divide operation(s). Recommend moving them to RAM during run time or not using as these are processing/power intensive
"../driverlib/MSP430FR5xx_6xx/cs.c", line 127: remark #1530-D: (ULP 5.1) Detected divide operation(s). Recommend moving them to RAM during run time or not using as these are processing/power intensive
"../driverlib/MSP430FR5xx_6xx/cs.c", line 130: remark #1530-D: (ULP 5.1) Detected divide operation(s). Recommend moving them to RAM during run time or not using as these are processing/power intensive
"../driverlib/MSP430FR5xx_6xx/cs.c", line 133: remark #1530-D: (ULP 5.1) Detected divide operation(s). Recommend moving them to RAM during run time or not using as these are processing/power intensive
"../driverlib/MSP430FR5xx_6xx/cs.c", line 136: remark #1530-D: (ULP 5.1) Detected divide operation(s). Recommend moving them to RAM during run time or not using as these are processing/power intensive
"../driverlib/MSP430FR5xx_6xx/cs.c", line 140: remark #1530-D: (ULP 5.1) Detected divide operation(s). Recommend moving them to RAM during run time or not using as these are processing/power intensive
"../driverlib/MSP430FR5xx_6xx/cs.c", line 152: remark #1530-D: (ULP 5.1) Detected divide operation(s). Recommend moving them to RAM during run time or not using as these are processing/power intensive
"../driverlib/MSP430FR5xx_6xx/cs.c", line 155: remark #1530-D: (ULP 5.1) Detected divide operation(s). Recommend moving them to RAM during run time or not using as these are processing/power intensive
"../driverlib/MSP430FR5xx_6xx/cs.c", line 158: remark #1530-D: (ULP 5.1) Detected divide operation(s). Recommend moving them to RAM during run time or not using as these are processing/power intensive
"../driverlib/MSP430FR5xx_6xx/cs.c", line 161: remark #1530-D: (ULP 5.1) Detected divide operation(s). Recommend moving them to RAM during run time or not using as these are processing/power intensive
"../driverlib/MSP430FR5xx_6xx/cs.c", line 164: remark #1530-D: (ULP 5.1) Detected divide operation(s). Recommend moving them to RAM during run time or not using as these are processing/power intensive
"../driverlib/MSP430FR5xx_6xx/cs.c", line 167: remark #1530-D: (ULP 5.1) Detected divide operation(s). Recommend moving them to RAM during run time or not using as these are processing/power intensive
"../driverlib/MSP430FR5xx_6xx/cs.c", line 171: remark #1530-D: (ULP 5.1) Detected divide operation(s). Recommend moving them to RAM during run time or not using as these are processing/power intensive
"../driverlib/MSP430FR5xx_6xx/cs.c", line 196: error #20: identifier "CS_BASE" is undefined
"../driverlib/MSP430FR5xx_6xx/cs.c", line 196: error #20: identifier "OFS_CSCTL0" is undefined
"../driverlib/MSP430FR5xx_6xx/cs.c", line 196: error #20: identifier "CSKEY" is undefined
"../driverlib/MSP430FR5xx_6xx/cs.c", line 202: error #20: identifier "SELM__LFXTCLK" is undefined
"../driverlib/MSP430FR5xx_6xx/cs.c", line 208: error #20: identifier "OFS_CSCTL5" is undefined
"../driverlib/MSP430FR5xx_6xx/cs.c", line 208: error #20: identifier "LFXTOFFG" is undefined
"../driverlib/MSP430FR5xx_6xx/cs.c", line 226: error #20: identifier "SELM__LFMODOSC" is undefined
"../driverlib/MSP430FR5xx_6xx/cs.c", line 238: error #20: identifier "SELM__MODOSC" is undefined
"../driverlib/MSP430FR5xx_6xx/cs.c", line 244: error #20: identifier "SELM__HFXTCLK" is undefined
"../driverlib/MSP430FR5xx_6xx/cs.c", line 248: error #20: identifier "HFXTOFFG" is undefined
"../driverlib/MSP430FR5xx_6xx/cs.c", line 263: error #20: identifier "OFS_CSCTL0_H" is undefined
"../driverlib/MSP430FR5xx_6xx/cs.c", line 190: remark #1544-D: (ULP 13.1) Detected loop counting up. Recommend loops count down as detecting zeros is easier
"../driverlib/MSP430FR5xx_6xx/cs.c", line 203: remark #1530-D: (ULP 5.1) Detected divide operation(s). Recommend moving them to RAM during run time or not using as these are processing/power intensive
"../driverlib/MSP430FR5xx_6xx/cs.c", line 223: remark #1530-D: (ULP 5.1) Detected divide operation(s). Recommend moving them to RAM during run time or not using as these are processing/power intensive
"../driverlib/MSP430FR5xx_6xx/cs.c", line 228: remark #1530-D: (ULP 5.1) Detected divide operation(s). Recommend moving them to RAM during run time or not using as these are processing/power intensive
"../driverlib/MSP430FR5xx_6xx/cs.c", line 240: remark #1530-D: (ULP 5.1) Detected divide operation(s). Recommend moving them to RAM during run time or not using as these are processing/power intensive
"../driverlib/MSP430FR5xx_6xx/cs.c", line 246: remark #1530-D: (ULP 5.1) Detected divide operation(s). Recommend moving them to RAM during run time or not using as these are processing/power intensive
"../driverlib/MSP430FR5xx_6xx/cs.c", line 290: error #20: identifier "CS_BASE" is undefined
"../driverlib/MSP430FR5xx_6xx/cs.c", line 290: error #20: identifier "OFS_CSCTL0" is undefined
"../driverlib/MSP430FR5xx_6xx/cs.c", line 290: error #20: identifier "CSKEY" is undefined
"../driverlib/MSP430FR5xx_6xx/cs.c", line 304: error #20: identifier "OFS_CSCTL2" is undefined
"../driverlib/MSP430FR5xx_6xx/cs.c", line 306: error #20: identifier "OFS_CSCTL3" is undefined
"../driverlib/MSP430FR5xx_6xx/cs.c", line 345: error #20: identifier "OFS_CSCTL0_H" is undefined
"../driverlib/MSP430FR5xx_6xx/cs.c", line 358: error #20: identifier "CS_BASE" is undefined
"../driverlib/MSP430FR5xx_6xx/cs.c", line 358: error #20: identifier "OFS_CSCTL0" is undefined
"../driverlib/MSP430FR5xx_6xx/cs.c", line 358: error #20: identifier "CSKEY" is undefined
"../driverlib/MSP430FR5xx_6xx/cs.c", line 361: error #20: identifier "OFS_CSCTL4" is undefined
"../driverlib/MSP430FR5xx_6xx/cs.c", line 361: error #20: identifier "LFXTOFF" is undefined
"../driverlib/MSP430FR5xx_6xx/cs.c", line 364: error #20: identifier "OFS_CSCTL4_L" is undefined
"../driverlib/MSP430FR5xx_6xx/cs.c", line 364: error #20: identifier "LFXTDRIVE1_L" is undefined
"../driverlib/MSP430FR5xx_6xx/cs.c", line 364: error #20: identifier "LFXTDRIVE0_L" is undefined
"../driverlib/MSP430FR5xx_6xx/cs.c", line 366: error #20: identifier "LFXTBYPASS" is undefined
"../driverlib/MSP430FR5xx_6xx/cs.c", line 369: error #20: identifier "OFS_CSCTL5" is undefined
"../driverlib/MSP430FR5xx_6xx/cs.c", line 369: error #20: identifier "LFXTOFFG" is undefined
"../driverlib/MSP430FR5xx_6xx/cs.c", line 380: error #20: identifier "LFXTDRIVE_3" is undefined
"../driverlib/MSP430FR5xx_6xx/cs.c", line 385: error #20: identifier "OFS_CSCTL0_H" is undefined
"../driverlib/MSP430FR5xx_6xx/cs.c", line 394: error #20: identifier "CS_BASE" is undefined
"../driverlib/MSP430FR5xx_6xx/cs.c", line 394: error #20: identifier "OFS_CSCTL0" is undefined
"../driverlib/MSP430FR5xx_6xx/cs.c", line 394: error #20: identifier "CSKEY" is undefined
"../driverlib/MSP430FR5xx_6xx/cs.c", line 399: error #20: identifier "OFS_CSCTL4" is undefined
"../driverlib/MSP430FR5xx_6xx/cs.c", line 399: error #20: identifier "LFXTBYPASS" is undefined
"../driverlib/MSP430FR5xx_6xx/cs.c", line 399: error #20: identifier "LFXTOFF" is undefined
"../driverlib/MSP430FR5xx_6xx/cs.c", line 402: error #20: identifier "OFS_CSCTL5" is undefined
"../driverlib/MSP430FR5xx_6xx/cs.c", line 402: error #20: identifier "LFXTOFFG" is undefined
"../driverlib/MSP430FR5xx_6xx/cs.c", line 414: error #20: identifier "OFS_CSCTL0_H" is undefined
"../driverlib/MSP430FR5xx_6xx/cs.c", line 430: error #20: identifier "CS_BASE" is undefined
"../driverlib/MSP430FR5xx_6xx/cs.c", line 430: error #20: identifier "OFS_CSCTL0" is undefined
"../driverlib/MSP430FR5xx_6xx/cs.c", line 430: error #20: identifier "CSKEY" is undefined
"../driverlib/MSP430FR5xx_6xx/cs.c", line 433: error #20: identifier "OFS_CSCTL4" is undefined
"../driverlib/MSP430FR5xx_6xx/cs.c", line 433: error #20: identifier "LFXTOFF" is undefined
"../driverlib/MSP430FR5xx_6xx/cs.c", line 436: error #20: identifier "OFS_CSCTL4_L" is undefined
"../driverlib/MSP430FR5xx_6xx/cs.c", line 436: error #20: identifier "LFXTDRIVE1_L" is undefined
"../driverlib/MSP430FR5xx_6xx/cs.c", line 436: error #20: identifier "LFXTDRIVE0_L" is undefined
"../driverlib/MSP430FR5xx_6xx/cs.c", line 438: error #20: identifier "LFXTBYPASS" is undefined
"../driverlib/MSP430FR5xx_6xx/cs.c", line 440: error #20: identifier "OFS_CSCTL5" is undefined
"../driverlib/MSP430FR5xx_6xx/cs.c", line 440: error #20: identifier "LFXTOFFG" is undefined
"../driverlib/MSP430FR5xx_6xx/cs.c", line 455: error #20: identifier "LFXTDRIVE_3" is undefined
"../driverlib/MSP430FR5xx_6xx/cs.c", line 459: error #20: identifier "OFS_CSCTL0_H" is undefined
"../driverlib/MSP430FR5xx_6xx/cs.c", line 465: error #20: identifier "OFS_CSCTL0_H" is undefined
"../driverlib/MSP430FR5xx_6xx/cs.c", line 479: error #20: identifier "CS_BASE" is undefined
"../driverlib/MSP430FR5xx_6xx/cs.c", line 479: error #20: identifier "OFS_CSCTL0" is undefined
"../driverlib/MSP430FR5xx_6xx/cs.c", line 479: error #20: identifier "CSKEY" is undefined
"../driverlib/MSP430FR5xx_6xx/cs.c", line 482: error #20: identifier "OFS_CSCTL4" is undefined
"../driverlib/MSP430FR5xx_6xx/cs.c", line 482: error #20: identifier "LFXTBYPASS" is undefined
"../driverlib/MSP430FR5xx_6xx/cs.c", line 482: error #20: identifier "LFXTOFF" is undefined
"../driverlib/MSP430FR5xx_6xx/cs.c", line 484: error #20: identifier "OFS_CSCTL5" is undefined
"../driverlib/MSP430FR5xx_6xx/cs.c", line 484: error #20: identifier "LFXTOFFG" is undefined
"../driverlib/MSP430FR5xx_6xx/cs.c", line 496: error #20: identifier "OFS_CSCTL0_H" is undefined
"../driverlib/MSP430FR5xx_6xx/cs.c", line 511: error #20: identifier "CS_BASE" is undefined
"../driverlib/MSP430FR5xx_6xx/cs.c", line 511: error #20: identifier "OFS_CSCTL0" is undefined
"../driverlib/MSP430FR5xx_6xx/cs.c", line 511: error #20: identifier "CSKEY" is undefined
"../driverlib/MSP430FR5xx_6xx/cs.c", line 514: error #20: identifier "OFS_CSCTL4" is undefined
"../driverlib/MSP430FR5xx_6xx/cs.c", line 514: error #20: identifier "LFXTOFF" is undefined
"../driverlib/MSP430FR5xx_6xx/cs.c", line 517: error #20: identifier "OFS_CSCTL0_H" is undefined
"../driverlib/MSP430FR5xx_6xx/cs.c", line 530: error #20: identifier "CS_BASE" is undefined
"../driverlib/MSP430FR5xx_6xx/cs.c", line 530: error #20: identifier "OFS_CSCTL0" is undefined
"../driverlib/MSP430FR5xx_6xx/cs.c", line 530: error #20: identifier "CSKEY" is undefined
"../driverlib/MSP430FR5xx_6xx/cs.c", line 533: error #20: identifier "OFS_CSCTL4" is undefined
"../driverlib/MSP430FR5xx_6xx/cs.c", line 533: error #20: identifier "HFXTOFF" is undefined
"../driverlib/MSP430FR5xx_6xx/cs.c", line 536: error #20: identifier "HFXTBYPASS" is undefined
"../driverlib/MSP430FR5xx_6xx/cs.c", line 541: error #20: identifier "HFFREQ_3" is undefined
"../driverlib/MSP430FR5xx_6xx/cs.c", line 546: error #20: identifier "HFFREQ_2" is undefined
"../driverlib/MSP430FR5xx_6xx/cs.c", line 551: error #20: identifier "HFFREQ_0" is undefined
"../driverlib/MSP430FR5xx_6xx/cs.c", line 556: error #20: identifier "HFFREQ_1" is undefined
"../driverlib/MSP430FR5xx_6xx/cs.c", line 559: error #20: identifier "OFS_CSCTL5" is undefined
"../driverlib/MSP430FR5xx_6xx/cs.c", line 559: error #20: identifier "HFXTOFFG" is undefined
"../driverlib/MSP430FR5xx_6xx/cs.c", line 569: error #20: identifier "HFXTDRIVE_3" is undefined
Error limit reached.
100 errors detected in the compilation of "../driverlib/MSP430FR5xx_6xx/cs.c".
Compilation terminated.
gmake: *** [driverlib/MSP430FR5xx_6xx/cs.obj] Error 1
Building file: "../driverlib/MSP430FR5xx_6xx/aes256.c"
Invoking: MSP430 Compiler
"C:/Users/Catalina/ccs/tools/compiler/ti-cgt-msp430_21.6.1.LTS/bin/cl430" -vmspx --use_hw_mpy=F5 --include_path="C:/Users/Catalina/ccs/ccs_base/msp430/include" --include_path="C:/Users/Catalina/Documents/Universidad/2-2/EC/Prueba/practica2" --include_path="C:/Users/Catalina/ccs/tools/compiler/ti-cgt-msp430_21.6.1.LTS/include" --advice:power=all --define=__CC430F5123__ -g --printf_support=minimal --diag_warning=225 --diag_wrap=off --display_error_number --silicon_errata=CPU21 --silicon_errata=CPU22 --silicon_errata=CPU40 --preproc_with_compile --preproc_dependency="driverlib/MSP430FR5xx_6xx/aes256.d_raw" --obj_directory="driverlib/MSP430FR5xx_6xx"  "../driverlib/MSP430FR5xx_6xx/aes256.c"
Finished building: "../driverlib/MSP430FR5xx_6xx/aes256.c"
 
Building file: "../driverlib/MSP430FR5xx_6xx/comp_e.c"
Invoking: MSP430 Compiler
"C:/Users/Catalina/ccs/tools/compiler/ti-cgt-msp430_21.6.1.LTS/bin/cl430" -vmspx --use_hw_mpy=F5 --include_path="C:/Users/Catalina/ccs/ccs_base/msp430/include" --include_path="C:/Users/Catalina/Documents/Universidad/2-2/EC/Prueba/practica2" --include_path="C:/Users/Catalina/ccs/tools/compiler/ti-cgt-msp430_21.6.1.LTS/include" --advice:power=all --define=__CC430F5123__ -g --printf_support=minimal --diag_warning=225 --diag_wrap=off --display_error_number --silicon_errata=CPU21 --silicon_errata=CPU22 --silicon_errata=CPU40 --preproc_with_compile --preproc_dependency="driverlib/MSP430FR5xx_6xx/comp_e.d_raw" --obj_directory="driverlib/MSP430FR5xx_6xx"  "../driverlib/MSP430FR5xx_6xx/comp_e.c"
Finished building: "../driverlib/MSP430FR5xx_6xx/comp_e.c"
 
Building file: "../driverlib/MSP430FR5xx_6xx/crc.c"
Invoking: MSP430 Compiler
"C:/Users/Catalina/ccs/tools/compiler/ti-cgt-msp430_21.6.1.LTS/bin/cl430" -vmspx --use_hw_mpy=F5 --include_path="C:/Users/Catalina/ccs/ccs_base/msp430/include" --include_path="C:/Users/Catalina/Documents/Universidad/2-2/EC/Prueba/practica2" --include_path="C:/Users/Catalina/ccs/tools/compiler/ti-cgt-msp430_21.6.1.LTS/include" --advice:power=all --define=__CC430F5123__ -g --printf_support=minimal --diag_warning=225 --diag_wrap=off --display_error_number --silicon_errata=CPU21 --silicon_errata=CPU22 --silicon_errata=CPU40 --preproc_with_compile --preproc_dependency="driverlib/MSP430FR5xx_6xx/crc.d_raw" --obj_directory="driverlib/MSP430FR5xx_6xx"  "../driverlib/MSP430FR5xx_6xx/crc.c"
Finished building: "../driverlib/MSP430FR5xx_6xx/crc.c"
 
Building file: "../driverlib/MSP430FR5xx_6xx/crc32.c"
Invoking: MSP430 Compiler
"C:/Users/Catalina/ccs/tools/compiler/ti-cgt-msp430_21.6.1.LTS/bin/cl430" -vmspx --use_hw_mpy=F5 --include_path="C:/Users/Catalina/ccs/ccs_base/msp430/include" --include_path="C:/Users/Catalina/Documents/Universidad/2-2/EC/Prueba/practica2" --include_path="C:/Users/Catalina/ccs/tools/compiler/ti-cgt-msp430_21.6.1.LTS/include" --advice:power=all --define=__CC430F5123__ -g --printf_support=minimal --diag_warning=225 --diag_wrap=off --display_error_number --silicon_errata=CPU21 --silicon_errata=CPU22 --silicon_errata=CPU40 --preproc_with_compile --preproc_dependency="driverlib/MSP430FR5xx_6xx/crc32.d_raw" --obj_directory="driverlib/MSP430FR5xx_6xx"  "../driverlib/MSP430FR5xx_6xx/crc32.c"
Finished building: "../driverlib/MSP430FR5xx_6xx/crc32.c"
 
Building file: "../driverlib/MSP430FR5xx_6xx/dma.c"
Invoking: MSP430 Compiler
"C:/Users/Catalina/ccs/tools/compiler/ti-cgt-msp430_21.6.1.LTS/bin/cl430" -vmspx --use_hw_mpy=F5 --include_path="C:/Users/Catalina/ccs/ccs_base/msp430/include" --include_path="C:/Users/Catalina/Documents/Universidad/2-2/EC/Prueba/practica2" --include_path="C:/Users/Catalina/ccs/tools/compiler/ti-cgt-msp430_21.6.1.LTS/include" --advice:power=all --define=__CC430F5123__ -g --printf_support=minimal --diag_warning=225 --diag_wrap=off --display_error_number --silicon_errata=CPU21 --silicon_errata=CPU22 --silicon_errata=CPU40 --preproc_with_compile --preproc_dependency="driverlib/MSP430FR5xx_6xx/dma.d_raw" --obj_directory="driverlib/MSP430FR5xx_6xx"  "../driverlib/MSP430FR5xx_6xx/dma.c"
Finished building: "../driverlib/MSP430FR5xx_6xx/dma.c"
 
Building file: "../driverlib/MSP430FR5xx_6xx/esi.c"
Invoking: MSP430 Compiler
"C:/Users/Catalina/ccs/tools/compiler/ti-cgt-msp430_21.6.1.LTS/bin/cl430" -vmspx --use_hw_mpy=F5 --include_path="C:/Users/Catalina/ccs/ccs_base/msp430/include" --include_path="C:/Users/Catalina/Documents/Universidad/2-2/EC/Prueba/practica2" --include_path="C:/Users/Catalina/ccs/tools/compiler/ti-cgt-msp430_21.6.1.LTS/include" --advice:power=all --define=__CC430F5123__ -g --printf_support=minimal --diag_warning=225 --diag_wrap=off --display_error_number --silicon_errata=CPU21 --silicon_errata=CPU22 --silicon_errata=CPU40 --preproc_with_compile --preproc_dependency="driverlib/MSP430FR5xx_6xx/esi.d_raw" --obj_directory="driverlib/MSP430FR5xx_6xx"  "../driverlib/MSP430FR5xx_6xx/esi.c"
Finished building: "../driverlib/MSP430FR5xx_6xx/esi.c"
 
Building file: "../driverlib/MSP430FR5xx_6xx/eusci_a_spi.c"
Invoking: MSP430 Compiler
"C:/Users/Catalina/ccs/tools/compiler/ti-cgt-msp430_21.6.1.LTS/bin/cl430" -vmspx --use_hw_mpy=F5 --include_path="C:/Users/Catalina/ccs/ccs_base/msp430/include" --include_path="C:/Users/Catalina/Documents/Universidad/2-2/EC/Prueba/practica2" --include_path="C:/Users/Catalina/ccs/tools/compiler/ti-cgt-msp430_21.6.1.LTS/include" --advice:power=all --define=__CC430F5123__ -g --printf_support=minimal --diag_warning=225 --diag_wrap=off --display_error_number --silicon_errata=CPU21 --silicon_errata=CPU22 --silicon_errata=CPU40 --preproc_with_compile --preproc_dependency="driverlib/MSP430FR5xx_6xx/eusci_a_spi.d_raw" --obj_directory="driverlib/MSP430FR5xx_6xx"  "../driverlib/MSP430FR5xx_6xx/eusci_a_spi.c"
Finished building: "../driverlib/MSP430FR5xx_6xx/eusci_a_spi.c"
 
Building file: "../driverlib/MSP430FR5xx_6xx/eusci_a_uart.c"
Invoking: MSP430 Compiler
"C:/Users/Catalina/ccs/tools/compiler/ti-cgt-msp430_21.6.1.LTS/bin/cl430" -vmspx --use_hw_mpy=F5 --include_path="C:/Users/Catalina/ccs/ccs_base/msp430/include" --include_path="C:/Users/Catalina/Documents/Universidad/2-2/EC/Prueba/practica2" --include_path="C:/Users/Catalina/ccs/tools/compiler/ti-cgt-msp430_21.6.1.LTS/include" --advice:power=all --define=__CC430F5123__ -g --printf_support=minimal --diag_warning=225 --diag_wrap=off --display_error_number --silicon_errata=CPU21 --silicon_errata=CPU22 --silicon_errata=CPU40 --preproc_with_compile --preproc_dependency="driverlib/MSP430FR5xx_6xx/eusci_a_uart.d_raw" --obj_directory="driverlib/MSP430FR5xx_6xx"  "../driverlib/MSP430FR5xx_6xx/eusci_a_uart.c"
Finished building: "../driverlib/MSP430FR5xx_6xx/eusci_a_uart.c"
 
Building file: "../driverlib/MSP430FR5xx_6xx/eusci_b_i2c.c"
Invoking: MSP430 Compiler
"C:/Users/Catalina/ccs/tools/compiler/ti-cgt-msp430_21.6.1.LTS/bin/cl430" -vmspx --use_hw_mpy=F5 --include_path="C:/Users/Catalina/ccs/ccs_base/msp430/include" --include_path="C:/Users/Catalina/Documents/Universidad/2-2/EC/Prueba/practica2" --include_path="C:/Users/Catalina/ccs/tools/compiler/ti-cgt-msp430_21.6.1.LTS/include" --advice:power=all --define=__CC430F5123__ -g --printf_support=minimal --diag_warning=225 --diag_wrap=off --display_error_number --silicon_errata=CPU21 --silicon_errata=CPU22 --silicon_errata=CPU40 --preproc_with_compile --preproc_dependency="driverlib/MSP430FR5xx_6xx/eusci_b_i2c.d_raw" --obj_directory="driverlib/MSP430FR5xx_6xx"  "../driverlib/MSP430FR5xx_6xx/eusci_b_i2c.c"
Finished building: "../driverlib/MSP430FR5xx_6xx/eusci_b_i2c.c"
 
Building file: "../driverlib/MSP430FR5xx_6xx/eusci_b_spi.c"
Invoking: MSP430 Compiler
"C:/Users/Catalina/ccs/tools/compiler/ti-cgt-msp430_21.6.1.LTS/bin/cl430" -vmspx --use_hw_mpy=F5 --include_path="C:/Users/Catalina/ccs/ccs_base/msp430/include" --include_path="C:/Users/Catalina/Documents/Universidad/2-2/EC/Prueba/practica2" --include_path="C:/Users/Catalina/ccs/tools/compiler/ti-cgt-msp430_21.6.1.LTS/include" --advice:power=all --define=__CC430F5123__ -g --printf_support=minimal --diag_warning=225 --diag_wrap=off --display_error_number --silicon_errata=CPU21 --silicon_errata=CPU22 --silicon_errata=CPU40 --preproc_with_compile --preproc_dependency="driverlib/MSP430FR5xx_6xx/eusci_b_spi.d_raw" --obj_directory="driverlib/MSP430FR5xx_6xx"  "../driverlib/MSP430FR5xx_6xx/eusci_b_spi.c"
Finished building: "../driverlib/MSP430FR5xx_6xx/eusci_b_spi.c"
 
Building file: "../driverlib/MSP430FR5xx_6xx/framctl.c"
Invoking: MSP430 Compiler
"C:/Users/Catalina/ccs/tools/compiler/ti-cgt-msp430_21.6.1.LTS/bin/cl430" -vmspx --use_hw_mpy=F5 --include_path="C:/Users/Catalina/ccs/ccs_base/msp430/include" --include_path="C:/Users/Catalina/Documents/Universidad/2-2/EC/Prueba/practica2" --include_path="C:/Users/Catalina/ccs/tools/compiler/ti-cgt-msp430_21.6.1.LTS/include" --advice:power=all --define=__CC430F5123__ -g --printf_support=minimal --diag_warning=225 --diag_wrap=off --display_error_number --silicon_errata=CPU21 --silicon_errata=CPU22 --silicon_errata=CPU40 --preproc_with_compile --preproc_dependency="driverlib/MSP430FR5xx_6xx/framctl.d_raw" --obj_directory="driverlib/MSP430FR5xx_6xx"  "../driverlib/MSP430FR5xx_6xx/framctl.c"
Finished building: "../driverlib/MSP430FR5xx_6xx/framctl.c"
 
Building file: "../driverlib/MSP430FR5xx_6xx/gpio.c"
Invoking: MSP430 Compiler
"C:/Users/Catalina/ccs/tools/compiler/ti-cgt-msp430_21.6.1.LTS/bin/cl430" -vmspx --use_hw_mpy=F5 --include_path="C:/Users/Catalina/ccs/ccs_base/msp430/include" --include_path="C:/Users/Catalina/Documents/Universidad/2-2/EC/Prueba/practica2" --include_path="C:/Users/Catalina/ccs/tools/compiler/ti-cgt-msp430_21.6.1.LTS/include" --advice:power=all --define=__CC430F5123__ -g --printf_support=minimal --diag_warning=225 --diag_wrap=off --display_error_number --silicon_errata=CPU21 --silicon_errata=CPU22 --silicon_errata=CPU40 --preproc_with_compile --preproc_dependency="driverlib/MSP430FR5xx_6xx/gpio.d_raw" --obj_directory="driverlib/MSP430FR5xx_6xx"  "../driverlib/MSP430FR5xx_6xx/gpio.c"
Finished building: "../driverlib/MSP430FR5xx_6xx/gpio.c"
 
Building file: "../driverlib/MSP430FR5xx_6xx/lcd_c.c"
Invoking: MSP430 Compiler
"C:/Users/Catalina/ccs/tools/compiler/ti-cgt-msp430_21.6.1.LTS/bin/cl430" -vmspx --use_hw_mpy=F5 --include_path="C:/Users/Catalina/ccs/ccs_base/msp430/include" --include_path="C:/Users/Catalina/Documents/Universidad/2-2/EC/Prueba/practica2" --include_path="C:/Users/Catalina/ccs/tools/compiler/ti-cgt-msp430_21.6.1.LTS/include" --advice:power=all --define=__CC430F5123__ -g --printf_support=minimal --diag_warning=225 --diag_wrap=off --display_error_number --silicon_errata=CPU21 --silicon_errata=CPU22 --silicon_errata=CPU40 --preproc_with_compile --preproc_dependency="driverlib/MSP430FR5xx_6xx/lcd_c.d_raw" --obj_directory="driverlib/MSP430FR5xx_6xx"  "../driverlib/MSP430FR5xx_6xx/lcd_c.c"
Finished building: "../driverlib/MSP430FR5xx_6xx/lcd_c.c"
 
Building file: "../driverlib/MSP430FR5xx_6xx/mpu.c"
Invoking: MSP430 Compiler
"C:/Users/Catalina/ccs/tools/compiler/ti-cgt-msp430_21.6.1.LTS/bin/cl430" -vmspx --use_hw_mpy=F5 --include_path="C:/Users/Catalina/ccs/ccs_base/msp430/include" --include_path="C:/Users/Catalina/Documents/Universidad/2-2/EC/Prueba/practica2" --include_path="C:/Users/Catalina/ccs/tools/compiler/ti-cgt-msp430_21.6.1.LTS/include" --advice:power=all --define=__CC430F5123__ -g --printf_support=minimal --diag_warning=225 --diag_wrap=off --display_error_number --silicon_errata=CPU21 --silicon_errata=CPU22 --silicon_errata=CPU40 --preproc_with_compile --preproc_dependency="driverlib/MSP430FR5xx_6xx/mpu.d_raw" --obj_directory="driverlib/MSP430FR5xx_6xx"  "../driverlib/MSP430FR5xx_6xx/mpu.c"
Finished building: "../driverlib/MSP430FR5xx_6xx/mpu.c"
 
Building file: "../driverlib/MSP430FR5xx_6xx/pmm.c"
Invoking: MSP430 Compiler
"C:/Users/Catalina/ccs/tools/compiler/ti-cgt-msp430_21.6.1.LTS/bin/cl430" -vmspx --use_hw_mpy=F5 --include_path="C:/Users/Catalina/ccs/ccs_base/msp430/include" --include_path="C:/Users/Catalina/Documents/Universidad/2-2/EC/Prueba/practica2" --include_path="C:/Users/Catalina/ccs/tools/compiler/ti-cgt-msp430_21.6.1.LTS/include" --advice:power=all --define=__CC430F5123__ -g --printf_support=minimal --diag_warning=225 --diag_wrap=off --display_error_number --silicon_errata=CPU21 --silicon_errata=CPU22 --silicon_errata=CPU40 --preproc_with_compile --preproc_dependency="driverlib/MSP430FR5xx_6xx/pmm.d_raw" --obj_directory="driverlib/MSP430FR5xx_6xx"  "../driverlib/MSP430FR5xx_6xx/pmm.c"
Finished building: "../driverlib/MSP430FR5xx_6xx/pmm.c"
 
Building file: "../driverlib/MSP430FR5xx_6xx/ram.c"
Invoking: MSP430 Compiler
"C:/Users/Catalina/ccs/tools/compiler/ti-cgt-msp430_21.6.1.LTS/bin/cl430" -vmspx --use_hw_mpy=F5 --include_path="C:/Users/Catalina/ccs/ccs_base/msp430/include" --include_path="C:/Users/Catalina/Documents/Universidad/2-2/EC/Prueba/practica2" --include_path="C:/Users/Catalina/ccs/tools/compiler/ti-cgt-msp430_21.6.1.LTS/include" --advice:power=all --define=__CC430F5123__ -g --printf_support=minimal --diag_warning=225 --diag_wrap=off --display_error_number --silicon_errata=CPU21 --silicon_errata=CPU22 --silicon_errata=CPU40 --preproc_with_compile --preproc_dependency="driverlib/MSP430FR5xx_6xx/ram.d_raw" --obj_directory="driverlib/MSP430FR5xx_6xx"  "../driverlib/MSP430FR5xx_6xx/ram.c"
Finished building: "../driverlib/MSP430FR5xx_6xx/ram.c"
 
Building file: "../driverlib/MSP430FR5xx_6xx/mpy32.c"
Invoking: MSP430 Compiler
"C:/Users/Catalina/ccs/tools/compiler/ti-cgt-msp430_21.6.1.LTS/bin/cl430" -vmspx --use_hw_mpy=F5 --include_path="C:/Users/Catalina/ccs/ccs_base/msp430/include" --include_path="C:/Users/Catalina/Documents/Universidad/2-2/EC/Prueba/practica2" --include_path="C:/Users/Catalina/ccs/tools/compiler/ti-cgt-msp430_21.6.1.LTS/include" --advice:power=all --define=__CC430F5123__ -g --printf_support=minimal --diag_warning=225 --diag_wrap=off --display_error_number --silicon_errata=CPU21 --silicon_errata=CPU22 --silicon_errata=CPU40 --preproc_with_compile --preproc_dependency="driverlib/MSP430FR5xx_6xx/mpy32.d_raw" --obj_directory="driverlib/MSP430FR5xx_6xx"  "../driverlib/MSP430FR5xx_6xx/mpy32.c"
Finished building: "../driverlib/MSP430FR5xx_6xx/mpy32.c"
 
Building file: "../driverlib/MSP430FR5xx_6xx/ref_a.c"
Invoking: MSP430 Compiler
"C:/Users/Catalina/ccs/tools/compiler/ti-cgt-msp430_21.6.1.LTS/bin/cl430" -vmspx --use_hw_mpy=F5 --include_path="C:/Users/Catalina/ccs/ccs_base/msp430/include" --include_path="C:/Users/Catalina/Documents/Universidad/2-2/EC/Prueba/practica2" --include_path="C:/Users/Catalina/ccs/tools/compiler/ti-cgt-msp430_21.6.1.LTS/include" --advice:power=all --define=__CC430F5123__ -g --printf_support=minimal --diag_warning=225 --diag_wrap=off --display_error_number --silicon_errata=CPU21 --silicon_errata=CPU22 --silicon_errata=CPU40 --preproc_with_compile --preproc_dependency="driverlib/MSP430FR5xx_6xx/ref_a.d_raw" --obj_directory="driverlib/MSP430FR5xx_6xx"  "../driverlib/MSP430FR5xx_6xx/ref_a.c"
Finished building: "../driverlib/MSP430FR5xx_6xx/ref_a.c"
 
Building file: "../driverlib/MSP430FR5xx_6xx/rtc_b.c"
Invoking: MSP430 Compiler
"C:/Users/Catalina/ccs/tools/compiler/ti-cgt-msp430_21.6.1.LTS/bin/cl430" -vmspx --use_hw_mpy=F5 --include_path="C:/Users/Catalina/ccs/ccs_base/msp430/include" --include_path="C:/Users/Catalina/Documents/Universidad/2-2/EC/Prueba/practica2" --include_path="C:/Users/Catalina/ccs/tools/compiler/ti-cgt-msp430_21.6.1.LTS/include" --advice:power=all --define=__CC430F5123__ -g --printf_support=minimal --diag_warning=225 --diag_wrap=off --display_error_number --silicon_errata=CPU21 --silicon_errata=CPU22 --silicon_errata=CPU40 --preproc_with_compile --preproc_dependency="driverlib/MSP430FR5xx_6xx/rtc_b.d_raw" --obj_directory="driverlib/MSP430FR5xx_6xx"  "../driverlib/MSP430FR5xx_6xx/rtc_b.c"
Finished building: "../driverlib/MSP430FR5xx_6xx/rtc_b.c"
 
Building file: "../driverlib/MSP430FR5xx_6xx/rtc_c.c"
Invoking: MSP430 Compiler
"C:/Users/Catalina/ccs/tools/compiler/ti-cgt-msp430_21.6.1.LTS/bin/cl430" -vmspx --use_hw_mpy=F5 --include_path="C:/Users/Catalina/ccs/ccs_base/msp430/include" --include_path="C:/Users/Catalina/Documents/Universidad/2-2/EC/Prueba/practica2" --include_path="C:/Users/Catalina/ccs/tools/compiler/ti-cgt-msp430_21.6.1.LTS/include" --advice:power=all --define=__CC430F5123__ -g --printf_support=minimal --diag_warning=225 --diag_wrap=off --display_error_number --silicon_errata=CPU21 --silicon_errata=CPU22 --silicon_errata=CPU40 --preproc_with_compile --preproc_dependency="driverlib/MSP430FR5xx_6xx/rtc_c.d_raw" --obj_directory="driverlib/MSP430FR5xx_6xx"  "../driverlib/MSP430FR5xx_6xx/rtc_c.c"
Finished building: "../driverlib/MSP430FR5xx_6xx/rtc_c.c"
 
Building file: "../driverlib/MSP430FR5xx_6xx/sfr.c"
Invoking: MSP430 Compiler
"C:/Users/Catalina/ccs/tools/compiler/ti-cgt-msp430_21.6.1.LTS/bin/cl430" -vmspx --use_hw_mpy=F5 --include_path="C:/Users/Catalina/ccs/ccs_base/msp430/include" --include_path="C:/Users/Catalina/Documents/Universidad/2-2/EC/Prueba/practica2" --include_path="C:/Users/Catalina/ccs/tools/compiler/ti-cgt-msp430_21.6.1.LTS/include" --advice:power=all --define=__CC430F5123__ -g --printf_support=minimal --diag_warning=225 --diag_wrap=off --display_error_number --silicon_errata=CPU21 --silicon_errata=CPU22 --silicon_errata=CPU40 --preproc_with_compile --preproc_dependency="driverlib/MSP430FR5xx_6xx/sfr.d_raw" --obj_directory="driverlib/MSP430FR5xx_6xx"  "../driverlib/MSP430FR5xx_6xx/sfr.c"
Finished building: "../driverlib/MSP430FR5xx_6xx/sfr.c"
 
Building file: "../driverlib/MSP430FR5xx_6xx/sysctl.c"
Invoking: MSP430 Compiler
"C:/Users/Catalina/ccs/tools/compiler/ti-cgt-msp430_21.6.1.LTS/bin/cl430" -vmspx --use_hw_mpy=F5 --include_path="C:/Users/Catalina/ccs/ccs_base/msp430/include" --include_path="C:/Users/Catalina/Documents/Universidad/2-2/EC/Prueba/practica2" --include_path="C:/Users/Catalina/ccs/tools/compiler/ti-cgt-msp430_21.6.1.LTS/include" --advice:power=all --define=__CC430F5123__ -g --printf_support=minimal --diag_warning=225 --diag_wrap=off --display_error_number --silicon_errata=CPU21 --silicon_errata=CPU22 --silicon_errata=CPU40 --preproc_with_compile --preproc_dependency="driverlib/MSP430FR5xx_6xx/sysctl.d_raw" --obj_directory="driverlib/MSP430FR5xx_6xx"  "../driverlib/MSP430FR5xx_6xx/sysctl.c"
Finished building: "../driverlib/MSP430FR5xx_6xx/sysctl.c"
 
Building file: "../driverlib/MSP430FR5xx_6xx/timer_b.c"
Invoking: MSP430 Compiler
"C:/Users/Catalina/ccs/tools/compiler/ti-cgt-msp430_21.6.1.LTS/bin/cl430" -vmspx --use_hw_mpy=F5 --include_path="C:/Users/Catalina/ccs/ccs_base/msp430/include" --include_path="C:/Users/Catalina/Documents/Universidad/2-2/EC/Prueba/practica2" --include_path="C:/Users/Catalina/ccs/tools/compiler/ti-cgt-msp430_21.6.1.LTS/include" --advice:power=all --define=__CC430F5123__ -g --printf_support=minimal --diag_warning=225 --diag_wrap=off --display_error_number --silicon_errata=CPU21 --silicon_errata=CPU22 --silicon_errata=CPU40 --preproc_with_compile --preproc_dependency="driverlib/MSP430FR5xx_6xx/timer_b.d_raw" --obj_directory="driverlib/MSP430FR5xx_6xx"  "../driverlib/MSP430FR5xx_6xx/timer_b.c"
Finished building: "../driverlib/MSP430FR5xx_6xx/timer_b.c"
 
Building file: "../driverlib/MSP430FR5xx_6xx/timer_a.c"
Invoking: MSP430 Compiler
"C:/Users/Catalina/ccs/tools/compiler/ti-cgt-msp430_21.6.1.LTS/bin/cl430" -vmspx --use_hw_mpy=F5 --include_path="C:/Users/Catalina/ccs/ccs_base/msp430/include" --include_path="C:/Users/Catalina/Documents/Universidad/2-2/EC/Prueba/practica2" --include_path="C:/Users/Catalina/ccs/tools/compiler/ti-cgt-msp430_21.6.1.LTS/include" --advice:power=all --define=__CC430F5123__ -g --printf_support=minimal --diag_warning=225 --diag_wrap=off --display_error_number --silicon_errata=CPU21 --silicon_errata=CPU22 --silicon_errata=CPU40 --preproc_with_compile --preproc_dependency="driverlib/MSP430FR5xx_6xx/timer_a.d_raw" --obj_directory="driverlib/MSP430FR5xx_6xx"  "../driverlib/MSP430FR5xx_6xx/timer_a.c"
Finished building: "../driverlib/MSP430FR5xx_6xx/timer_a.c"
 
Building file: "../driverlib/MSP430FR5xx_6xx/wdt_a.c"
Invoking: MSP430 Compiler
"C:/Users/Catalina/ccs/tools/compiler/ti-cgt-msp430_21.6.1.LTS/bin/cl430" -vmspx --use_hw_mpy=F5 --include_path="C:/Users/Catalina/ccs/ccs_base/msp430/include" --include_path="C:/Users/Catalina/Documents/Universidad/2-2/EC/Prueba/practica2" --include_path="C:/Users/Catalina/ccs/tools/compiler/ti-cgt-msp430_21.6.1.LTS/include" --advice:power=all --define=__CC430F5123__ -g --printf_support=minimal --diag_warning=225 --diag_wrap=off --display_error_number --silicon_errata=CPU21 --silicon_errata=CPU22 --silicon_errata=CPU40 --preproc_with_compile --preproc_dependency="driverlib/MSP430FR5xx_6xx/wdt_a.d_raw" --obj_directory="driverlib/MSP430FR5xx_6xx"  "../driverlib/MSP430FR5xx_6xx/wdt_a.c"
Finished building: "../driverlib/MSP430FR5xx_6xx/wdt_a.c"
 
Building file: "../driverlib/MSP430FR5xx_6xx/tlv.c"
Invoking: MSP430 Compiler
"C:/Users/Catalina/ccs/tools/compiler/ti-cgt-msp430_21.6.1.LTS/bin/cl430" -vmspx --use_hw_mpy=F5 --include_path="C:/Users/Catalina/ccs/ccs_base/msp430/include" --include_path="C:/Users/Catalina/Documents/Universidad/2-2/EC/Prueba/practica2" --include_path="C:/Users/Catalina/ccs/tools/compiler/ti-cgt-msp430_21.6.1.LTS/include" --advice:power=all --define=__CC430F5123__ -g --printf_support=minimal --diag_warning=225 --diag_wrap=off --display_error_number --silicon_errata=CPU21 --silicon_errata=CPU22 --silicon_errata=CPU40 --preproc_with_compile --preproc_dependency="driverlib/MSP430FR5xx_6xx/tlv.d_raw" --obj_directory="driverlib/MSP430FR5xx_6xx"  "../driverlib/MSP430FR5xx_6xx/tlv.c"
Finished building: "../driverlib/MSP430FR5xx_6xx/tlv.c"
 
gmake: Target 'all' not remade because of errors.

**** Build Finished ****
