
ej06.elf:     file format elf32-littleriscv
ej06.elf
architecture: riscv:rv32, flags 0x00000112:
EXEC_P, HAS_SYMS, D_PAGED
start address 0x00000000

Program Header:
    LOAD off    0x00001000 vaddr 0x00000000 paddr 0x00000000 align 2**12
         filesz 0x00000044 memsz 0x00000044 flags r-x
    LOAD off    0x00002000 vaddr 0x00010000 paddr 0x00010000 align 2**12
         filesz 0x00000008 memsz 0x0000000c flags rw-

Sections:
Idx Name              Size      VMA       LMA       File off  Algn  Flags
  0 .text             00000044  00000000  00000000  00001000  2**2  CONTENTS, ALLOC, LOAD, READONLY, CODE
  1 .data             00000008  00010000  00010000  00002000  2**0  CONTENTS, ALLOC, LOAD, DATA
  2 .bss              00000004  00010008  00010008  00002008  2**0  ALLOC
  3 .riscv.attributes 0000001f  00000000  00000000  00002008  2**0  CONTENTS, READONLY
  4 .debug_line       0000008a  00000000  00000000  00002027  2**0  CONTENTS, READONLY, DEBUGGING, OCTETS
  5 .debug_info       00000026  00000000  00000000  000020b1  2**0  CONTENTS, READONLY, DEBUGGING, OCTETS
  6 .debug_abbrev     00000014  00000000  00000000  000020d7  2**0  CONTENTS, READONLY, DEBUGGING, OCTETS
  7 .debug_aranges    00000020  00000000  00000000  000020f0  2**3  CONTENTS, READONLY, DEBUGGING, OCTETS
  8 .debug_str        0000006e  00000000  00000000  00002110  2**0  CONTENTS, READONLY, DEBUGGING, OCTETS
SYMBOL TABLE:
00000000 l    d  .text	00000000 .text
00010000 l    d  .data	00000000 .data
00010008 l    d  .bss	00000000 .bss
00000000 l    d  .riscv.attributes	00000000 .riscv.attributes
00000000 l    d  .debug_line	00000000 .debug_line
00000000 l    d  .debug_info	00000000 .debug_info
00000000 l    d  .debug_abbrev	00000000 .debug_abbrev
00000000 l    d  .debug_aranges	00000000 .debug_aranges
00000000 l    d  .debug_str	00000000 .debug_str
00000000 l    df *ABS*	00000000 ./ej06.o
00010004 l       .data	00000000 n
00010000 l       .data	00000000 f
00010008 l       .bss	00000000 i
00000028 l       .text	00000000 for
00000040 l       .text	00000000 end
00000000 g       .text	00000000 main



Disassembly of section .text:

00000000 <main>:
main():
C:\Users\Catalina\Documents\Universidad\1-2\FC2\Ensamblador\FC2problemasWS\ej06\Debug/../ej06.asm:31
.bss
i: .space 4

.text
main :
    la t1,f         # t1=@f
   0:	00010317          	auipc	t1,0x10
   4:	00030313          	mv	t1,t1
C:\Users\Catalina\Documents\Universidad\1-2\FC2\Ensamblador\FC2problemasWS\ej06\Debug/../ej06.asm:32
    lw s1,0(t1)     # s1 es f
   8:	00032483          	lw	s1,0(t1) # 10000 <f>
C:\Users\Catalina\Documents\Universidad\1-2\FC2\Ensamblador\FC2problemasWS\ej06\Debug/../ej06.asm:33
    la s2,n         # s2 es n
   c:	00010917          	auipc	s2,0x10
  10:	ff890913          	addi	s2,s2,-8 # 10004 <n>
C:\Users\Catalina\Documents\Universidad\1-2\FC2\Ensamblador\FC2problemasWS\ej06\Debug/../ej06.asm:34
    lw s2,0(s2)
  14:	00092903          	lw	s2,0(s2)
C:\Users\Catalina\Documents\Universidad\1-2\FC2\Ensamblador\FC2problemasWS\ej06\Debug/../ej06.asm:35
    la t2,i
  18:	00010397          	auipc	t2,0x10
  1c:	ff038393          	addi	t2,t2,-16 # 10008 <i>
C:\Users\Catalina\Documents\Universidad\1-2\FC2\Ensamblador\FC2problemasWS\ej06\Debug/../ej06.asm:36
    li s3,2         # s3 es el i inicializado a 2
  20:	00200993          	li	s3,2
C:\Users\Catalina\Documents\Universidad\1-2\FC2\Ensamblador\FC2problemasWS\ej06\Debug/../ej06.asm:37
    sw s3,0(t2)
  24:	0133a023          	sw	s3,0(t2)

00000028 <for>:
for():
C:\Users\Catalina\Documents\Universidad\1-2\FC2\Ensamblador\FC2problemasWS\ej06\Debug/../ej06.asm:39
for:
    bgt s3,s2,end   # condición inversa
  28:	01394c63          	blt	s2,s3,40 <end>
C:\Users\Catalina\Documents\Universidad\1-2\FC2\Ensamblador\FC2problemasWS\ej06\Debug/../ej06.asm:40
    add s1,s1,s1
  2c:	009484b3          	add	s1,s1,s1
C:\Users\Catalina\Documents\Universidad\1-2\FC2\Ensamblador\FC2problemasWS\ej06\Debug/../ej06.asm:41
    sw s1,0(t1)
  30:	00932023          	sw	s1,0(t1)
C:\Users\Catalina\Documents\Universidad\1-2\FC2\Ensamblador\FC2problemasWS\ej06\Debug/../ej06.asm:42
    addi s3,s3,1
  34:	00198993          	addi	s3,s3,1
C:\Users\Catalina\Documents\Universidad\1-2\FC2\Ensamblador\FC2problemasWS\ej06\Debug/../ej06.asm:43
    sw s3,0(t2)
  38:	0133a023          	sw	s3,0(t2)
C:\Users\Catalina\Documents\Universidad\1-2\FC2\Ensamblador\FC2problemasWS\ej06\Debug/../ej06.asm:44
    j for
  3c:	fedff06f          	j	28 <for>

00000040 <end>:
end():
C:\Users\Catalina\Documents\Universidad\1-2\FC2\Ensamblador\FC2problemasWS\ej06\Debug/../ej06.asm:46
end:
    j .
  40:	0000006f          	j	40 <end>
