
pr2_a.elf:     file format elf32-littleriscv
pr2_a.elf
architecture: riscv:rv32, flags 0x00000112:
EXEC_P, HAS_SYMS, D_PAGED
start address 0x00000000

Program Header:
    LOAD off    0x00001000 vaddr 0x00000000 paddr 0x00000000 align 2**12
         filesz 0x00000050 memsz 0x00000050 flags r-x
    LOAD off    0x00002000 vaddr 0x00010000 paddr 0x00010000 align 2**12
         filesz 0x00000020 memsz 0x00000024 flags rw-

Sections:
Idx Name              Size      VMA       LMA       File off  Algn  Flags
  0 .text             00000050  00000000  00000000  00001000  2**2  CONTENTS, ALLOC, LOAD, READONLY, CODE
  1 .data             00000020  00010000  00010000  00002000  2**0  CONTENTS, ALLOC, LOAD, DATA
  2 .bss              00000004  00010020  00010020  00002020  2**0  ALLOC
  3 .riscv.attributes 0000001f  00000000  00000000  00002020  2**0  CONTENTS, READONLY
  4 .debug_line       0000009d  00000000  00000000  0000203f  2**0  CONTENTS, READONLY, DEBUGGING, OCTETS
  5 .debug_info       00000026  00000000  00000000  000020dc  2**0  CONTENTS, READONLY, DEBUGGING, OCTETS
  6 .debug_abbrev     00000014  00000000  00000000  00002102  2**0  CONTENTS, READONLY, DEBUGGING, OCTETS
  7 .debug_aranges    00000020  00000000  00000000  00002118  2**3  CONTENTS, READONLY, DEBUGGING, OCTETS
  8 .debug_str        00000070  00000000  00000000  00002138  2**0  CONTENTS, READONLY, DEBUGGING, OCTETS
SYMBOL TABLE:
00000000 l    d  .text	00000000 .text
00010000 l    d  .data	00000000 .data
00010020 l    d  .bss	00000000 .bss
00000000 l    d  .riscv.attributes	00000000 .riscv.attributes
00000000 l    d  .debug_line	00000000 .debug_line
00000000 l    d  .debug_info	00000000 .debug_info
00000000 l    d  .debug_abbrev	00000000 .debug_abbrev
00000000 l    d  .debug_aranges	00000000 .debug_aranges
00000000 l    d  .debug_str	00000000 .debug_str
00000000 l    df *ABS*	00000000 ./pr2_a.o
00000008 l       *ABS*	00000000 N
000346dc l       *ABS*	00000000 INT_MAX
00010000 l       .data	00000000 V
00010020 l       .bss	00000000 min
00000028 l       .text	00000000 for
00000048 l       .text	00000000 end_for
00000038 l       .text	00000000 if
00000040 l       .text	00000000 end_if
0000004c l       .text	00000000 end
00000000 g       .text	00000000 main



Disassembly of section .text:

00000000 <main>:
main():
C:\Users\Catalina\Documents\Universidad\1-2\FC2\Ensamblador\FC2practicasWS\pr2_a\Debug/../pr2_a.asm:36

.bss
min: .space 4
.text
main:
	la s1 , min		//s1= dir min
   0:	00010497          	auipc	s1,0x10
   4:	02048493          	addi	s1,s1,32 # 10020 <min>
C:\Users\Catalina\Documents\Universidad\1-2\FC2\Ensamblador\FC2practicasWS\pr2_a\Debug/../pr2_a.asm:37
	li t0 , INT_MAX // t0=MAX
   8:	000342b7          	lui	t0,0x34
   c:	6dc28293          	addi	t0,t0,1756 # 346dc <INT_MAX>
C:\Users\Catalina\Documents\Universidad\1-2\FC2\Ensamblador\FC2practicasWS\pr2_a\Debug/../pr2_a.asm:38
	sw t0 , 0( s1)	//min=max=t0
  10:	0054a023          	sw	t0,0(s1)
C:\Users\Catalina\Documents\Universidad\1-2\FC2\Ensamblador\FC2practicasWS\pr2_a\Debug/../pr2_a.asm:39
	li t3, N		//t3=N
  14:	00800e13          	li	t3,8
C:\Users\Catalina\Documents\Universidad\1-2\FC2\Ensamblador\FC2practicasWS\pr2_a\Debug/../pr2_a.asm:40
    la t4, V		//t4 =dir de V
  18:	00010e97          	auipc	t4,0x10
  1c:	fe8e8e93          	addi	t4,t4,-24 # 10000 <V>
C:\Users\Catalina\Documents\Universidad\1-2\FC2\Ensamblador\FC2practicasWS\pr2_a\Debug/../pr2_a.asm:41
	li t1, 0		//t1=i
  20:	00000313          	li	t1,0
C:\Users\Catalina\Documents\Universidad\1-2\FC2\Ensamblador\FC2practicasWS\pr2_a\Debug/../pr2_a.asm:42
	li t5,0
  24:	00000f13          	li	t5,0

00000028 <for>:
for():
C:\Users\Catalina\Documents\Universidad\1-2\FC2\Ensamblador\FC2practicasWS\pr2_a\Debug/../pr2_a.asm:45

for:
	bge t1, t3, end_for
  28:	03c35063          	bge	t1,t3,48 <end_for>
C:\Users\Catalina\Documents\Universidad\1-2\FC2\Ensamblador\FC2practicasWS\pr2_a\Debug/../pr2_a.asm:46
	slli t2 , t1 , 2 // t2 contiene ahora (t1 << 2) , igual a "t1 *4"
  2c:	00231393          	slli	t2,t1,0x2
C:\Users\Catalina\Documents\Universidad\1-2\FC2\Ensamblador\FC2practicasWS\pr2_a\Debug/../pr2_a.asm:47
	add t5 , t4 , t2 // t3 contiene "s1 + t1 *4" , justo la direcci ón buscada
  30:	007e8f33          	add	t5,t4,t2
C:\Users\Catalina\Documents\Universidad\1-2\FC2\Ensamblador\FC2practicasWS\pr2_a\Debug/../pr2_a.asm:48
	lw a0 , 0(t5)
  34:	000f2503          	lw	a0,0(t5)

00000038 <if>:
if():
C:\Users\Catalina\Documents\Universidad\1-2\FC2\Ensamblador\FC2practicasWS\pr2_a\Debug/../pr2_a.asm:50
	if:
		bge a0, t0, end_if //salta si a0(v[i])>=t0(min)
  38:	00555463          	bge	a0,t0,40 <end_if>
C:\Users\Catalina\Documents\Universidad\1-2\FC2\Ensamblador\FC2practicasWS\pr2_a\Debug/../pr2_a.asm:51
		addi t0, a0, 0
  3c:	00050293          	mv	t0,a0

00000040 <end_if>:
end_if():
C:\Users\Catalina\Documents\Universidad\1-2\FC2\Ensamblador\FC2practicasWS\pr2_a\Debug/../pr2_a.asm:54

	end_if:
		addi t1, t1, 1
  40:	00130313          	addi	t1,t1,1
C:\Users\Catalina\Documents\Universidad\1-2\FC2\Ensamblador\FC2practicasWS\pr2_a\Debug/../pr2_a.asm:55
	j for
  44:	fe5ff06f          	j	28 <for>

00000048 <end_for>:
end_for():
C:\Users\Catalina\Documents\Universidad\1-2\FC2\Ensamblador\FC2practicasWS\pr2_a\Debug/../pr2_a.asm:57
end_for:
	sw t0, 0(s1)
  48:	0054a023          	sw	t0,0(s1)

0000004c <end>:
end():
C:\Users\Catalina\Documents\Universidad\1-2\FC2\Ensamblador\FC2practicasWS\pr2_a\Debug/../pr2_a.asm:60

end:
	 j end
  4c:	0000006f          	j	4c <end>
