
ej14.elf:     file format elf32-littleriscv
ej14.elf
architecture: riscv:rv32, flags 0x00000112:
EXEC_P, HAS_SYMS, D_PAGED
start address 0x00000000

Program Header:
    LOAD off    0x00001000 vaddr 0x00000000 paddr 0x00000000 align 2**12
         filesz 0x0000004c memsz 0x0000004c flags r-x
    LOAD off    0x00002000 vaddr 0x00010000 paddr 0x00010000 align 2**12
         filesz 0x00000008 memsz 0x00000008 flags rw-

Sections:
Idx Name              Size      VMA       LMA       File off  Algn  Flags
  0 .text             0000004c  00000000  00000000  00001000  2**2  CONTENTS, ALLOC, LOAD, READONLY, CODE
  1 .data             00000008  00010000  00010000  00002000  2**0  CONTENTS, ALLOC, LOAD, DATA
  2 .riscv.attributes 0000001f  00000000  00000000  00002008  2**0  CONTENTS, READONLY
  3 .debug_line       0000009c  00000000  00000000  00002027  2**0  CONTENTS, READONLY, DEBUGGING, OCTETS
  4 .debug_info       00000026  00000000  00000000  000020c3  2**0  CONTENTS, READONLY, DEBUGGING, OCTETS
  5 .debug_abbrev     00000014  00000000  00000000  000020e9  2**0  CONTENTS, READONLY, DEBUGGING, OCTETS
  6 .debug_aranges    00000020  00000000  00000000  00002100  2**3  CONTENTS, READONLY, DEBUGGING, OCTETS
  7 .debug_str        0000006e  00000000  00000000  00002120  2**0  CONTENTS, READONLY, DEBUGGING, OCTETS
SYMBOL TABLE:
00000000 l    d  .text	00000000 .text
00010000 l    d  .data	00000000 .data
00000000 l    d  .riscv.attributes	00000000 .riscv.attributes
00000000 l    d  .debug_line	00000000 .debug_line
00000000 l    d  .debug_info	00000000 .debug_info
00000000 l    d  .debug_abbrev	00000000 .debug_abbrev
00000000 l    d  .debug_aranges	00000000 .debug_aranges
00000000 l    d  .debug_str	00000000 .debug_str
00000000 l    df *ABS*	00000000 ./ej14.o
00010000 l       .data	00000000 a
00010004 l       .data	00000000 b
0000001c l       .text	00000000 while
0000002c l       .text	00000000 if
0000003c l       .text	00000000 else
00000048 l       .text	00000000 fin
00000000 g       .text	00000000 main



Disassembly of section .text:

00000000 <main>:
main():
C:\Users\Catalina\Documents\Universidad\1-2\FC2\Ensamblador\FC2problemasWS\ej14\Debug/../ej14.asm:35
a:  .word 13
b:  .word 16

.text
main:
    la   t1,a
   0:	00010317          	auipc	t1,0x10
   4:	00030313          	mv	t1,t1
C:\Users\Catalina\Documents\Universidad\1-2\FC2\Ensamblador\FC2problemasWS\ej14\Debug/../ej14.asm:36
    lw   s1,0(t1)
   8:	00032483          	lw	s1,0(t1) # 10000 <a>
C:\Users\Catalina\Documents\Universidad\1-2\FC2\Ensamblador\FC2problemasWS\ej14\Debug/../ej14.asm:37
    la   t2,b
   c:	00010397          	auipc	t2,0x10
  10:	ff838393          	addi	t2,t2,-8 # 10004 <b>
C:\Users\Catalina\Documents\Universidad\1-2\FC2\Ensamblador\FC2problemasWS\ej14\Debug/../ej14.asm:38
    lw   s2,0(t2)
  14:	0003a903          	lw	s2,0(t2)
C:\Users\Catalina\Documents\Universidad\1-2\FC2\Ensamblador\FC2problemasWS\ej14\Debug/../ej14.asm:39
    li   t3,10
  18:	00a00e13          	li	t3,10

0000001c <while>:
while():
C:\Users\Catalina\Documents\Universidad\1-2\FC2\Ensamblador\FC2problemasWS\ej14\Debug/../ej14.asm:41
while:
    ble  s1,t3,if
  1c:	009e5863          	bge	t3,s1,2c <if>
C:\Users\Catalina\Documents\Universidad\1-2\FC2\Ensamblador\FC2problemasWS\ej14\Debug/../ej14.asm:42
    addi s1,s1,-1
  20:	fff48493          	addi	s1,s1,-1
C:\Users\Catalina\Documents\Universidad\1-2\FC2\Ensamblador\FC2problemasWS\ej14\Debug/../ej14.asm:43
    addi s2,s2,2
  24:	00290913          	addi	s2,s2,2
C:\Users\Catalina\Documents\Universidad\1-2\FC2\Ensamblador\FC2problemasWS\ej14\Debug/../ej14.asm:44
    j    while
  28:	ff5ff06f          	j	1c <while>

0000002c <if>:
if():
C:\Users\Catalina\Documents\Universidad\1-2\FC2\Ensamblador\FC2problemasWS\ej14\Debug/../ej14.asm:46
if:
    bge  s1,s2, else
  2c:	0124d863          	bge	s1,s2,3c <else>
C:\Users\Catalina\Documents\Universidad\1-2\FC2\Ensamblador\FC2problemasWS\ej14\Debug/../ej14.asm:47
    sw   s1,0(t2)
  30:	0093a023          	sw	s1,0(t2)
C:\Users\Catalina\Documents\Universidad\1-2\FC2\Ensamblador\FC2problemasWS\ej14\Debug/../ej14.asm:48
    sw   s2,0(t1)
  34:	01232023          	sw	s2,0(t1)
C:\Users\Catalina\Documents\Universidad\1-2\FC2\Ensamblador\FC2problemasWS\ej14\Debug/../ej14.asm:49
    j    fin
  38:	0100006f          	j	48 <fin>

0000003c <else>:
else():
C:\Users\Catalina\Documents\Universidad\1-2\FC2\Ensamblador\FC2problemasWS\ej14\Debug/../ej14.asm:51
else:
    addi s2,s1,-1
  3c:	fff48913          	addi	s2,s1,-1
C:\Users\Catalina\Documents\Universidad\1-2\FC2\Ensamblador\FC2problemasWS\ej14\Debug/../ej14.asm:52
    sw   s1,0(t1)
  40:	00932023          	sw	s1,0(t1)
C:\Users\Catalina\Documents\Universidad\1-2\FC2\Ensamblador\FC2problemasWS\ej14\Debug/../ej14.asm:53
    sw   s2,0(t2)
  44:	0123a023          	sw	s2,0(t2)

00000048 <fin>:
fin():
C:\Users\Catalina\Documents\Universidad\1-2\FC2\Ensamblador\FC2problemasWS\ej14\Debug/../ej14.asm:55
fin:
    j .
  48:	0000006f          	j	48 <fin>
