
pr4.elf:     file format elf32-littleriscv
pr4.elf
architecture: riscv:rv32, flags 0x00000112:
EXEC_P, HAS_SYMS, D_PAGED
start address 0x00000108

Program Header:
    LOAD off    0x00001000 vaddr 0x00000000 paddr 0x00000000 align 2**12
         filesz 0x000010cc memsz 0x000010cc flags r-x
    LOAD off    0x00003000 vaddr 0x00010000 paddr 0x00010000 align 2**12
         filesz 0x0000085c memsz 0x00000898 flags rw-

Sections:
Idx Name              Size      VMA       LMA       File off  Algn  Flags
  0 .text             00000e64  00000000  00000000  00001000  2**2  CONTENTS, ALLOC, LOAD, READONLY, CODE
  1 .text.merge       00000268  00000e64  00000e64  00001e64  2**2  CONTENTS, ALLOC, LOAD, READONLY, CODE
  2 .data             00000850  00010000  00010000  00003000  2**3  CONTENTS, ALLOC, LOAD, DATA
  3 .sdata            0000000c  00010850  00010850  00003850  2**2  CONTENTS, ALLOC, LOAD, DATA
  4 .bss              00000028  0001085c  0001085c  0000385c  2**2  ALLOC
  5 .sbss             00000014  00010884  00010884  0000385c  2**2  ALLOC
  6 .riscv.attributes 00000021  00000000  00000000  0000385c  2**0  CONTENTS, READONLY
  7 .comment          00000012  00000000  00000000  0000387d  2**0  CONTENTS, READONLY
  8 .debug_line       000003f4  00000000  00000000  0000388f  2**0  CONTENTS, READONLY, DEBUGGING, OCTETS
  9 .debug_info       000000fc  00000000  00000000  00003c83  2**0  CONTENTS, READONLY, DEBUGGING, OCTETS
 10 .debug_abbrev     000000ab  00000000  00000000  00003d7f  2**0  CONTENTS, READONLY, DEBUGGING, OCTETS
 11 .debug_aranges    00000040  00000000  00000000  00003e30  2**3  CONTENTS, READONLY, DEBUGGING, OCTETS
 12 .debug_str        0000240b  00000000  00000000  00003e70  2**0  CONTENTS, READONLY, DEBUGGING, OCTETS
 13 .debug_ranges     00000010  00000000  00000000  0000627b  2**0  CONTENTS, READONLY, DEBUGGING, OCTETS
 14 .debug_macro      000006f9  00000000  00000000  0000628b  2**0  CONTENTS, READONLY, DEBUGGING, OCTETS
 15 .debug_frame      00000038  00000000  00000000  00006984  2**2  CONTENTS, READONLY, DEBUGGING, OCTETS
SYMBOL TABLE:
00000000 l    d  .text	00000000 .text
00000e64 l    d  .text.merge	00000000 .text.merge
00010000 l    d  .data	00000000 .data
00010850 l    d  .sdata	00000000 .sdata
0001085c l    d  .bss	00000000 .bss
00010884 l    d  .sbss	00000000 .sbss
00000000 l    d  .riscv.attributes	00000000 .riscv.attributes
00000000 l    d  .comment	00000000 .comment
00000000 l    d  .debug_line	00000000 .debug_line
00000000 l    d  .debug_info	00000000 .debug_info
00000000 l    d  .debug_abbrev	00000000 .debug_abbrev
00000000 l    d  .debug_aranges	00000000 .debug_aranges
00000000 l    d  .debug_str	00000000 .debug_str
00000000 l    d  .debug_ranges	00000000 .debug_ranges
00000000 l    d  .debug_macro	00000000 .debug_macro
00000000 l    d  .debug_frame	00000000 .debug_frame
00000000 l    df *ABS*	00000000 ./fun_asm.o
00010000 l       .data	00000000 a
0001001c l       .data	00000000 n
0000005c l       .text	00000000 else
00000094 l       .text	00000000 end
00000000 l    df *ABS*	00000000 malloc.c
00000000 l    df *ABS*	00000000 mallocr.c
00000000 l    df *ABS*	00000000 mlock.c
00000000 l    df *ABS*	00000000 sbrkr.c
00000000 l    df *ABS*	00000000 mallocr.c
00000000 l    df *ABS*	00000000 sys_sbrk.c
00010894 l     O .sbss	00000004 heap_end.0
00000000 l    df *ABS*	00000000 errno.c
00000000 l    df *ABS*	00000000 pr4.c
00000000 l    df *ABS*	00000000 impure.c
00010428 l     O .data	00000428 impure_data
00000e64 g     F .text.merge	00000268 merge
00000900 g     F .text	00000004 __malloc_unlock
00000e58 g     F .text	0000000c __errno
00010890 g     O .sbss	00000004 errno
00000000 g       .text	00000000 merge_sort
000000b8 g       .text	00000000 swap
00000124 g     F .text	00000010 malloc
0001088c g     O .sbss	00000004 __malloc_top_pad
00000904 g     F .text	00000060 _sbrk_r
00010888 g     O .sbss	00000004 __malloc_max_sbrked_mem
00000db8 g     F .text	000000a0 _sbrk
00000aa4 g     F .text	00000314 _free_r
00010850 g     O .sdata	00000004 __malloc_sbrk_base
0001085c g     O .bss	00000028 __malloc_current_mallinfo
00010020 g     O .data	00000408 __malloc_av_
000008fc g     F .text	00000004 __malloc_lock
00000108 g       .text	00000000 main
00010884 g     O .sbss	00000004 __malloc_max_total_mem
00000144 g     F .text	000007b8 _malloc_r
00000964 g     F .text	00000140 _malloc_trim_r
00010858 g     O .sdata	00000004 _impure_ptr
00010854 g     O .sdata	00000004 __malloc_trim_threshold
00000134 g     F .text	00000010 free



Disassembly of section .text:

00000000 <merge_sort>:
merge_sort():
C:\Users\Catalina\Documents\Universidad\1-2\FC2\Ensamblador\FC2practicasWS\pr4\Debug/../fun_asm.asm:28
.data
.bss

.text
merge_sort:
	addi sp, sp, -28
   0:	fe410113          	addi	sp,sp,-28
C:\Users\Catalina\Documents\Universidad\1-2\FC2\Ensamblador\FC2practicasWS\pr4\Debug/../fun_asm.asm:29
	sw ra, 24(sp) //
   4:	00112c23          	sw	ra,24(sp)
C:\Users\Catalina\Documents\Universidad\1-2\FC2\Ensamblador\FC2practicasWS\pr4\Debug/../fun_asm.asm:30
	sw s0, 20(sp) //
   8:	00812a23          	sw	s0,20(sp)
C:\Users\Catalina\Documents\Universidad\1-2\FC2\Ensamblador\FC2practicasWS\pr4\Debug/../fun_asm.asm:31
	sw s1, 16(sp) // PRÓLOGO
   c:	00912823          	sw	s1,16(sp)
C:\Users\Catalina\Documents\Universidad\1-2\FC2\Ensamblador\FC2practicasWS\pr4\Debug/../fun_asm.asm:32
	sw s2, 12 (sp) //
  10:	01212623          	sw	s2,12(sp)
C:\Users\Catalina\Documents\Universidad\1-2\FC2\Ensamblador\FC2practicasWS\pr4\Debug/../fun_asm.asm:33
	sw s3, 8 (sp) //
  14:	01312423          	sw	s3,8(sp)
C:\Users\Catalina\Documents\Universidad\1-2\FC2\Ensamblador\FC2practicasWS\pr4\Debug/../fun_asm.asm:34
	sw s4, 4 (sp) //
  18:	01412223          	sw	s4,4(sp)
C:\Users\Catalina\Documents\Universidad\1-2\FC2\Ensamblador\FC2practicasWS\pr4\Debug/../fun_asm.asm:35
	sw s5, 0 (sp)
  1c:	01512023          	sw	s5,0(sp)
C:\Users\Catalina\Documents\Universidad\1-2\FC2\Ensamblador\FC2practicasWS\pr4\Debug/../fun_asm.asm:41

	//s4 <=a0
	//s5 <=a1
	//s6 <=a2

	addi t1, a2, 1		//t1 = l+1
  20:	00160313          	addi	t1,a2,1
C:\Users\Catalina\Documents\Universidad\1-2\FC2\Ensamblador\FC2practicasWS\pr4\Debug/../fun_asm.asm:42
	bne a3, t1, else	//if r !=l+1-> salta
  24:	02669c63          	bne	a3,t1,5c <else>
C:\Users\Catalina\Documents\Universidad\1-2\FC2\Ensamblador\FC2practicasWS\pr4\Debug/../fun_asm.asm:43
	mv s4, a0
  28:	00050a13          	mv	s4,a0
C:\Users\Catalina\Documents\Universidad\1-2\FC2\Ensamblador\FC2practicasWS\pr4\Debug/../fun_asm.asm:44
	mv s5, a1
  2c:	00058a93          	mv	s5,a1
C:\Users\Catalina\Documents\Universidad\1-2\FC2\Ensamblador\FC2practicasWS\pr4\Debug/../fun_asm.asm:46

	li s1,0
  30:	00000493          	li	s1,0
C:\Users\Catalina\Documents\Universidad\1-2\FC2\Ensamblador\FC2practicasWS\pr4\Debug/../fun_asm.asm:47
	mv s3, a0			//s3 = dir vector
  34:	00050993          	mv	s3,a0
C:\Users\Catalina\Documents\Universidad\1-2\FC2\Ensamblador\FC2practicasWS\pr4\Debug/../fun_asm.asm:48
	slli s1, a2, 2   	// desplazamiento
  38:	00261493          	slli	s1,a2,0x2
C:\Users\Catalina\Documents\Universidad\1-2\FC2\Ensamblador\FC2practicasWS\pr4\Debug/../fun_asm.asm:49
	add a0, s3, s1  	// a0= &a[l]
  3c:	00998533          	add	a0,s3,s1
C:\Users\Catalina\Documents\Universidad\1-2\FC2\Ensamblador\FC2practicasWS\pr4\Debug/../fun_asm.asm:50
	lw s2, 0(a0)		// s2 = a[l]
  40:	00052903          	lw	s2,0(a0)
C:\Users\Catalina\Documents\Universidad\1-2\FC2\Ensamblador\FC2practicasWS\pr4\Debug/../fun_asm.asm:52

	li s1, 0
  44:	00000493          	li	s1,0
C:\Users\Catalina\Documents\Universidad\1-2\FC2\Ensamblador\FC2practicasWS\pr4\Debug/../fun_asm.asm:53
	slli s1, a3, 2   	// desplazamiento
  48:	00269493          	slli	s1,a3,0x2
C:\Users\Catalina\Documents\Universidad\1-2\FC2\Ensamblador\FC2practicasWS\pr4\Debug/../fun_asm.asm:54
	add a1, s3, s1  	// a1= &a[r]
  4c:	009985b3          	add	a1,s3,s1
C:\Users\Catalina\Documents\Universidad\1-2\FC2\Ensamblador\FC2practicasWS\pr4\Debug/../fun_asm.asm:55
	lw s3, 0(a1)		// s3 = a[r]
  50:	0005a983          	lw	s3,0(a1)
C:\Users\Catalina\Documents\Universidad\1-2\FC2\Ensamblador\FC2practicasWS\pr4\Debug/../fun_asm.asm:57

	bge s3, s2, end			//if2
  54:	0529d063          	bge	s3,s2,94 <end>
C:\Users\Catalina\Documents\Universidad\1-2\FC2\Ensamblador\FC2practicasWS\pr4\Debug/../fun_asm.asm:58
	call swap				//swap
  58:	060000ef          	jal	ra,b8 <swap>

0000005c <else>:
else():
C:\Users\Catalina\Documents\Universidad\1-2\FC2\Ensamblador\FC2practicasWS\pr4\Debug/../fun_asm.asm:61

	else:
	li t5, 2
  5c:	00200f13          	li	t5,2
C:\Users\Catalina\Documents\Universidad\1-2\FC2\Ensamblador\FC2practicasWS\pr4\Debug/../fun_asm.asm:63

	div t4, a3, t5
  60:	03e6ceb3          	div	t4,a3,t5
C:\Users\Catalina\Documents\Universidad\1-2\FC2\Ensamblador\FC2practicasWS\pr4\Debug/../fun_asm.asm:64
	add t4, t4, a2
  64:	00ce8eb3          	add	t4,t4,a2
C:\Users\Catalina\Documents\Universidad\1-2\FC2\Ensamblador\FC2practicasWS\pr4\Debug/../fun_asm.asm:65
	mv a3, t4			//operaciones l+r/2 en a3
  68:	000e8693          	mv	a3,t4
C:\Users\Catalina\Documents\Universidad\1-2\FC2\Ensamblador\FC2practicasWS\pr4\Debug/../fun_asm.asm:66
	call merge_sort;
  6c:	f95ff0ef          	jal	ra,0 <merge_sort>
C:\Users\Catalina\Documents\Universidad\1-2\FC2\Ensamblador\FC2practicasWS\pr4\Debug/../fun_asm.asm:68

	mv a0, s4
  70:	000a0513          	mv	a0,s4
C:\Users\Catalina\Documents\Universidad\1-2\FC2\Ensamblador\FC2practicasWS\pr4\Debug/../fun_asm.asm:69
	mv a1, s5
  74:	000a8593          	mv	a1,s5
C:\Users\Catalina\Documents\Universidad\1-2\FC2\Ensamblador\FC2practicasWS\pr4\Debug/../fun_asm.asm:70
	mv a2, s6
  78:	000b0613          	mv	a2,s6
C:\Users\Catalina\Documents\Universidad\1-2\FC2\Ensamblador\FC2practicasWS\pr4\Debug/../fun_asm.asm:72
	//operaciones l+r/2 +1 en a2
	div t4, a3, t5		//t4= r/2
  7c:	03e6ceb3          	div	t4,a3,t5
C:\Users\Catalina\Documents\Universidad\1-2\FC2\Ensamblador\FC2practicasWS\pr4\Debug/../fun_asm.asm:73
	add t4, t4, a2		//t4 +=l
  80:	00ce8eb3          	add	t4,t4,a2
C:\Users\Catalina\Documents\Universidad\1-2\FC2\Ensamblador\FC2practicasWS\pr4\Debug/../fun_asm.asm:74
	addi a2, t4, 1		//a2=t4+1
  84:	001e8613          	addi	a2,t4,1
C:\Users\Catalina\Documents\Universidad\1-2\FC2\Ensamblador\FC2practicasWS\pr4\Debug/../fun_asm.asm:76

	mv a1, t3
  88:	000e0593          	mv	a1,t3
C:\Users\Catalina\Documents\Universidad\1-2\FC2\Ensamblador\FC2practicasWS\pr4\Debug/../fun_asm.asm:77
	call merge_sort;
  8c:	f75ff0ef          	jal	ra,0 <merge_sort>
C:\Users\Catalina\Documents\Universidad\1-2\FC2\Ensamblador\FC2practicasWS\pr4\Debug/../fun_asm.asm:79

	call merge;
  90:	5d5000ef          	jal	ra,e64 <merge>

00000094 <end>:
end():
C:\Users\Catalina\Documents\Universidad\1-2\FC2\Ensamblador\FC2practicasWS\pr4\Debug/../fun_asm.asm:81
end:
	lw ra , 24( sp) 	//
  94:	01812083          	lw	ra,24(sp)
C:\Users\Catalina\Documents\Universidad\1-2\FC2\Ensamblador\FC2practicasWS\pr4\Debug/../fun_asm.asm:82
	lw s0 , 20( sp) 	//
  98:	01412403          	lw	s0,20(sp)
C:\Users\Catalina\Documents\Universidad\1-2\FC2\Ensamblador\FC2practicasWS\pr4\Debug/../fun_asm.asm:83
	lw s1 , 16( sp) 	//
  9c:	01012483          	lw	s1,16(sp)
C:\Users\Catalina\Documents\Universidad\1-2\FC2\Ensamblador\FC2practicasWS\pr4\Debug/../fun_asm.asm:84
	lw s2 , 12( sp)		// EPÍLOGO
  a0:	00c12903          	lw	s2,12(sp)
C:\Users\Catalina\Documents\Universidad\1-2\FC2\Ensamblador\FC2practicasWS\pr4\Debug/../fun_asm.asm:85
	lw s3 , 8( sp) 		//
  a4:	00812983          	lw	s3,8(sp)
C:\Users\Catalina\Documents\Universidad\1-2\FC2\Ensamblador\FC2practicasWS\pr4\Debug/../fun_asm.asm:86
	lw s4 , 4( sp) 		//
  a8:	00412a03          	lw	s4,4(sp)
C:\Users\Catalina\Documents\Universidad\1-2\FC2\Ensamblador\FC2practicasWS\pr4\Debug/../fun_asm.asm:87
	lw s5 , 0( sp) 		//
  ac:	00012a83          	lw	s5,0(sp)
C:\Users\Catalina\Documents\Universidad\1-2\FC2\Ensamblador\FC2practicasWS\pr4\Debug/../fun_asm.asm:88
	addi sp , sp , 28 	//
  b0:	01c10113          	addi	sp,sp,28
C:\Users\Catalina\Documents\Universidad\1-2\FC2\Ensamblador\FC2practicasWS\pr4\Debug/../fun_asm.asm:89
	ret
  b4:	00008067          	ret

000000b8 <swap>:
swap():
C:\Users\Catalina\Documents\Universidad\1-2\FC2\Ensamblador\FC2practicasWS\pr4\Debug/../fun_asm.asm:94



swap:
	addi sp, sp, -28
  b8:	fe410113          	addi	sp,sp,-28
C:\Users\Catalina\Documents\Universidad\1-2\FC2\Ensamblador\FC2practicasWS\pr4\Debug/../fun_asm.asm:95
	sw ra, 24(sp) //
  bc:	00112c23          	sw	ra,24(sp)
C:\Users\Catalina\Documents\Universidad\1-2\FC2\Ensamblador\FC2practicasWS\pr4\Debug/../fun_asm.asm:96
	sw s0, 20(sp) //
  c0:	00812a23          	sw	s0,20(sp)
C:\Users\Catalina\Documents\Universidad\1-2\FC2\Ensamblador\FC2practicasWS\pr4\Debug/../fun_asm.asm:97
	sw s1, 16(sp) // PRÓLOGO
  c4:	00912823          	sw	s1,16(sp)
C:\Users\Catalina\Documents\Universidad\1-2\FC2\Ensamblador\FC2practicasWS\pr4\Debug/../fun_asm.asm:98
	sw s2, 12 (sp) //
  c8:	01212623          	sw	s2,12(sp)
C:\Users\Catalina\Documents\Universidad\1-2\FC2\Ensamblador\FC2practicasWS\pr4\Debug/../fun_asm.asm:99
	sw s3, 8 (sp) //
  cc:	01312423          	sw	s3,8(sp)
C:\Users\Catalina\Documents\Universidad\1-2\FC2\Ensamblador\FC2practicasWS\pr4\Debug/../fun_asm.asm:100
	sw s4, 4 (sp) //
  d0:	01412223          	sw	s4,4(sp)
C:\Users\Catalina\Documents\Universidad\1-2\FC2\Ensamblador\FC2practicasWS\pr4\Debug/../fun_asm.asm:101
	sw s5, 0 (sp)
  d4:	01512023          	sw	s5,0(sp)
C:\Users\Catalina\Documents\Universidad\1-2\FC2\Ensamblador\FC2practicasWS\pr4\Debug/../fun_asm.asm:103

	mv a0, t2;
  d8:	00038513          	mv	a0,t2
C:\Users\Catalina\Documents\Universidad\1-2\FC2\Ensamblador\FC2practicasWS\pr4\Debug/../fun_asm.asm:104
	mv a1, a0;
  dc:	00050593          	mv	a1,a0
C:\Users\Catalina\Documents\Universidad\1-2\FC2\Ensamblador\FC2practicasWS\pr4\Debug/../fun_asm.asm:105
	mv t2, a1;
  e0:	00058393          	mv	t2,a1
C:\Users\Catalina\Documents\Universidad\1-2\FC2\Ensamblador\FC2practicasWS\pr4\Debug/../fun_asm.asm:107

	lw ra , 24( sp) 	//
  e4:	01812083          	lw	ra,24(sp)
C:\Users\Catalina\Documents\Universidad\1-2\FC2\Ensamblador\FC2practicasWS\pr4\Debug/../fun_asm.asm:108
	lw s0 , 20( sp) 	//
  e8:	01412403          	lw	s0,20(sp)
C:\Users\Catalina\Documents\Universidad\1-2\FC2\Ensamblador\FC2practicasWS\pr4\Debug/../fun_asm.asm:109
	lw s1 , 16( sp) 	//
  ec:	01012483          	lw	s1,16(sp)
C:\Users\Catalina\Documents\Universidad\1-2\FC2\Ensamblador\FC2practicasWS\pr4\Debug/../fun_asm.asm:110
	lw s2 , 12( sp)		// EPÍLOGO
  f0:	00c12903          	lw	s2,12(sp)
C:\Users\Catalina\Documents\Universidad\1-2\FC2\Ensamblador\FC2practicasWS\pr4\Debug/../fun_asm.asm:111
	lw s3 , 8( sp) 		//
  f4:	00812983          	lw	s3,8(sp)
C:\Users\Catalina\Documents\Universidad\1-2\FC2\Ensamblador\FC2practicasWS\pr4\Debug/../fun_asm.asm:112
	lw s4 , 4( sp) 		//
  f8:	00412a03          	lw	s4,4(sp)
C:\Users\Catalina\Documents\Universidad\1-2\FC2\Ensamblador\FC2practicasWS\pr4\Debug/../fun_asm.asm:113
	lw s5 , 0( sp) 		//
  fc:	00012a83          	lw	s5,0(sp)
C:\Users\Catalina\Documents\Universidad\1-2\FC2\Ensamblador\FC2practicasWS\pr4\Debug/../fun_asm.asm:114
	addi sp , sp , 28 	//
 100:	01c10113          	addi	sp,sp,28
C:\Users\Catalina\Documents\Universidad\1-2\FC2\Ensamblador\FC2practicasWS\pr4\Debug/../fun_asm.asm:115
	ret
 104:	00008067          	ret

00000108 <main>:
main():
C:\Users\Catalina\Documents\Universidad\1-2\FC2\Ensamblador\FC2practicasWS\pr4\Debug/../fun_asm.asm:126
    *b = t;
}
*/

main:
	la a0, a
 108:	00010517          	auipc	a0,0x10
 10c:	ef850513          	addi	a0,a0,-264 # 10000 <a>
C:\Users\Catalina\Documents\Universidad\1-2\FC2\Ensamblador\FC2practicasWS\pr4\Debug/../fun_asm.asm:127
	lw a1, n
 110:	00010597          	auipc	a1,0x10
 114:	f0c5a583          	lw	a1,-244(a1) # 1001c <n>
C:\Users\Catalina\Documents\Universidad\1-2\FC2\Ensamblador\FC2practicasWS\pr4\Debug/../fun_asm.asm:128
	li a2, 0
 118:	00000613          	li	a2,0
C:\Users\Catalina\Documents\Universidad\1-2\FC2\Ensamblador\FC2practicasWS\pr4\Debug/../fun_asm.asm:129
	addi a3, a1, -1
 11c:	fff58693          	addi	a3,a1,-1
C:\Users\Catalina\Documents\Universidad\1-2\FC2\Ensamblador\FC2practicasWS\pr4\Debug/../fun_asm.asm:131

	call merge_sort
 120:	ee1ff0ef          	jal	ra,0 <merge_sort>

00000124 <malloc>:
malloc():
 124:	000117b7          	lui	a5,0x11
 128:	00050593          	mv	a1,a0
 12c:	8587a503          	lw	a0,-1960(a5) # 10858 <_impure_ptr>
 130:	0140006f          	j	144 <_malloc_r>

00000134 <free>:
free():
 134:	000117b7          	lui	a5,0x11
 138:	00050593          	mv	a1,a0
 13c:	8587a503          	lw	a0,-1960(a5) # 10858 <_impure_ptr>
 140:	1650006f          	j	aa4 <_free_r>

00000144 <_malloc_r>:
_malloc_r():
 144:	fd010113          	addi	sp,sp,-48
 148:	01312e23          	sw	s3,28(sp)
 14c:	02112623          	sw	ra,44(sp)
 150:	02812423          	sw	s0,40(sp)
 154:	02912223          	sw	s1,36(sp)
 158:	03212023          	sw	s2,32(sp)
 15c:	01412c23          	sw	s4,24(sp)
 160:	01512a23          	sw	s5,20(sp)
 164:	01612823          	sw	s6,16(sp)
 168:	01712623          	sw	s7,12(sp)
 16c:	01812423          	sw	s8,8(sp)
 170:	01912223          	sw	s9,4(sp)
 174:	00b58793          	addi	a5,a1,11
 178:	01600713          	li	a4,22
 17c:	00050993          	mv	s3,a0
 180:	06f76663          	bltu	a4,a5,1ec <_malloc_r+0xa8>
 184:	01000793          	li	a5,16
 188:	1eb7e663          	bltu	a5,a1,374 <_malloc_r+0x230>
 18c:	770000ef          	jal	ra,8fc <__malloc_lock>
 190:	01000493          	li	s1,16
 194:	01800793          	li	a5,24
 198:	00200613          	li	a2,2
 19c:	00010937          	lui	s2,0x10
 1a0:	02090913          	addi	s2,s2,32 # 10020 <__malloc_av_>
 1a4:	00f907b3          	add	a5,s2,a5
 1a8:	0047a403          	lw	s0,4(a5)
 1ac:	ff878713          	addi	a4,a5,-8
 1b0:	20e40a63          	beq	s0,a4,3c4 <_malloc_r+0x280>
 1b4:	00442783          	lw	a5,4(s0)
 1b8:	00c42683          	lw	a3,12(s0)
 1bc:	00842603          	lw	a2,8(s0)
 1c0:	ffc7f793          	andi	a5,a5,-4
 1c4:	00f407b3          	add	a5,s0,a5
 1c8:	0047a703          	lw	a4,4(a5)
 1cc:	00d62623          	sw	a3,12(a2)
 1d0:	00c6a423          	sw	a2,8(a3)
 1d4:	00176713          	ori	a4,a4,1
 1d8:	00098513          	mv	a0,s3
 1dc:	00e7a223          	sw	a4,4(a5)
 1e0:	720000ef          	jal	ra,900 <__malloc_unlock>
 1e4:	00840513          	addi	a0,s0,8
 1e8:	1980006f          	j	380 <_malloc_r+0x23c>
 1ec:	ff87f493          	andi	s1,a5,-8
 1f0:	1807c263          	bltz	a5,374 <_malloc_r+0x230>
 1f4:	18b4e063          	bltu	s1,a1,374 <_malloc_r+0x230>
 1f8:	704000ef          	jal	ra,8fc <__malloc_lock>
 1fc:	1f700793          	li	a5,503
 200:	4697f663          	bgeu	a5,s1,66c <_malloc_r+0x528>
 204:	0094d793          	srli	a5,s1,0x9
 208:	1a078663          	beqz	a5,3b4 <_malloc_r+0x270>
 20c:	00400713          	li	a4,4
 210:	3cf76c63          	bltu	a4,a5,5e8 <_malloc_r+0x4a4>
 214:	0064d793          	srli	a5,s1,0x6
 218:	03978613          	addi	a2,a5,57
 21c:	03878513          	addi	a0,a5,56
 220:	00361693          	slli	a3,a2,0x3
 224:	00010937          	lui	s2,0x10
 228:	02090913          	addi	s2,s2,32 # 10020 <__malloc_av_>
 22c:	00d906b3          	add	a3,s2,a3
 230:	0046a403          	lw	s0,4(a3)
 234:	ff868693          	addi	a3,a3,-8
 238:	02868663          	beq	a3,s0,264 <_malloc_r+0x120>
 23c:	00f00593          	li	a1,15
 240:	0100006f          	j	250 <_malloc_r+0x10c>
 244:	32075c63          	bgez	a4,57c <_malloc_r+0x438>
 248:	00c42403          	lw	s0,12(s0)
 24c:	00868c63          	beq	a3,s0,264 <_malloc_r+0x120>
 250:	00442783          	lw	a5,4(s0)
 254:	ffc7f793          	andi	a5,a5,-4
 258:	40978733          	sub	a4,a5,s1
 25c:	fee5d4e3          	bge	a1,a4,244 <_malloc_r+0x100>
 260:	00050613          	mv	a2,a0
 264:	01092403          	lw	s0,16(s2)
 268:	00890893          	addi	a7,s2,8
 26c:	17140863          	beq	s0,a7,3dc <_malloc_r+0x298>
 270:	00442503          	lw	a0,4(s0)
 274:	00f00693          	li	a3,15
 278:	ffc57513          	andi	a0,a0,-4
 27c:	409507b3          	sub	a5,a0,s1
 280:	40f6cc63          	blt	a3,a5,698 <_malloc_r+0x554>
 284:	01192a23          	sw	a7,20(s2)
 288:	01192823          	sw	a7,16(s2)
 28c:	3e07d663          	bgez	a5,678 <_malloc_r+0x534>
 290:	1ff00793          	li	a5,511
 294:	2ea7ea63          	bltu	a5,a0,588 <_malloc_r+0x444>
 298:	ff857793          	andi	a5,a0,-8
 29c:	00878793          	addi	a5,a5,8
 2a0:	00492583          	lw	a1,4(s2)
 2a4:	00f907b3          	add	a5,s2,a5
 2a8:	0007a683          	lw	a3,0(a5)
 2ac:	00555513          	srli	a0,a0,0x5
 2b0:	00100713          	li	a4,1
 2b4:	00a71733          	sll	a4,a4,a0
 2b8:	00b76733          	or	a4,a4,a1
 2bc:	ff878593          	addi	a1,a5,-8
 2c0:	00b42623          	sw	a1,12(s0)
 2c4:	00d42423          	sw	a3,8(s0)
 2c8:	00e92223          	sw	a4,4(s2)
 2cc:	0087a023          	sw	s0,0(a5)
 2d0:	0086a623          	sw	s0,12(a3)
 2d4:	40265793          	srai	a5,a2,0x2
 2d8:	00100593          	li	a1,1
 2dc:	00f595b3          	sll	a1,a1,a5
 2e0:	10b76863          	bltu	a4,a1,3f0 <_malloc_r+0x2ac>
 2e4:	00e5f7b3          	and	a5,a1,a4
 2e8:	02079463          	bnez	a5,310 <_malloc_r+0x1cc>
 2ec:	00159593          	slli	a1,a1,0x1
 2f0:	ffc67613          	andi	a2,a2,-4
 2f4:	00e5f7b3          	and	a5,a1,a4
 2f8:	00460613          	addi	a2,a2,4
 2fc:	00079a63          	bnez	a5,310 <_malloc_r+0x1cc>
 300:	00159593          	slli	a1,a1,0x1
 304:	00e5f7b3          	and	a5,a1,a4
 308:	00460613          	addi	a2,a2,4
 30c:	fe078ae3          	beqz	a5,300 <_malloc_r+0x1bc>
 310:	00f00813          	li	a6,15
 314:	00361313          	slli	t1,a2,0x3
 318:	00690333          	add	t1,s2,t1
 31c:	00030513          	mv	a0,t1
 320:	00c52783          	lw	a5,12(a0)
 324:	00060e13          	mv	t3,a2
 328:	2ef50263          	beq	a0,a5,60c <_malloc_r+0x4c8>
 32c:	0047a703          	lw	a4,4(a5)
 330:	00078413          	mv	s0,a5
 334:	00c7a783          	lw	a5,12(a5)
 338:	ffc77713          	andi	a4,a4,-4
 33c:	409706b3          	sub	a3,a4,s1
 340:	2ed84263          	blt	a6,a3,624 <_malloc_r+0x4e0>
 344:	fe06c2e3          	bltz	a3,328 <_malloc_r+0x1e4>
 348:	00e40733          	add	a4,s0,a4
 34c:	00472683          	lw	a3,4(a4)
 350:	00842603          	lw	a2,8(s0)
 354:	00098513          	mv	a0,s3
 358:	0016e693          	ori	a3,a3,1
 35c:	00d72223          	sw	a3,4(a4)
 360:	00f62623          	sw	a5,12(a2)
 364:	00c7a423          	sw	a2,8(a5)
 368:	598000ef          	jal	ra,900 <__malloc_unlock>
 36c:	00840513          	addi	a0,s0,8
 370:	0100006f          	j	380 <_malloc_r+0x23c>
 374:	00c00793          	li	a5,12
 378:	00f9a023          	sw	a5,0(s3)
 37c:	00000513          	li	a0,0
 380:	02c12083          	lw	ra,44(sp)
 384:	02812403          	lw	s0,40(sp)
 388:	02412483          	lw	s1,36(sp)
 38c:	02012903          	lw	s2,32(sp)
 390:	01c12983          	lw	s3,28(sp)
 394:	01812a03          	lw	s4,24(sp)
 398:	01412a83          	lw	s5,20(sp)
 39c:	01012b03          	lw	s6,16(sp)
 3a0:	00c12b83          	lw	s7,12(sp)
 3a4:	00812c03          	lw	s8,8(sp)
 3a8:	00412c83          	lw	s9,4(sp)
 3ac:	03010113          	addi	sp,sp,48
 3b0:	00008067          	ret
 3b4:	20000693          	li	a3,512
 3b8:	04000613          	li	a2,64
 3bc:	03f00513          	li	a0,63
 3c0:	e65ff06f          	j	224 <_malloc_r+0xe0>
 3c4:	00c7a403          	lw	s0,12(a5)
 3c8:	00260613          	addi	a2,a2,2
 3cc:	de8794e3          	bne	a5,s0,1b4 <_malloc_r+0x70>
 3d0:	01092403          	lw	s0,16(s2)
 3d4:	00890893          	addi	a7,s2,8
 3d8:	e9141ce3          	bne	s0,a7,270 <_malloc_r+0x12c>
 3dc:	00492703          	lw	a4,4(s2)
 3e0:	40265793          	srai	a5,a2,0x2
 3e4:	00100593          	li	a1,1
 3e8:	00f595b3          	sll	a1,a1,a5
 3ec:	eeb77ce3          	bgeu	a4,a1,2e4 <_malloc_r+0x1a0>
 3f0:	00892403          	lw	s0,8(s2)
 3f4:	00442a83          	lw	s5,4(s0)
 3f8:	ffcafb13          	andi	s6,s5,-4
 3fc:	009b6863          	bltu	s6,s1,40c <_malloc_r+0x2c8>
 400:	409b07b3          	sub	a5,s6,s1
 404:	00f00713          	li	a4,15
 408:	14f74663          	blt	a4,a5,554 <_malloc_r+0x410>
 40c:	000117b7          	lui	a5,0x11
 410:	00011cb7          	lui	s9,0x11
 414:	88c7aa83          	lw	s5,-1908(a5) # 1088c <__malloc_top_pad>
 418:	850ca703          	lw	a4,-1968(s9) # 10850 <__malloc_sbrk_base>
 41c:	fff00793          	li	a5,-1
 420:	01640a33          	add	s4,s0,s6
 424:	01548ab3          	add	s5,s1,s5
 428:	34f70a63          	beq	a4,a5,77c <_malloc_r+0x638>
 42c:	000017b7          	lui	a5,0x1
 430:	00f78793          	addi	a5,a5,15 # 100f <merge+0x1ab>
 434:	00fa8ab3          	add	s5,s5,a5
 438:	fffff7b7          	lui	a5,0xfffff
 43c:	00fafab3          	and	s5,s5,a5
 440:	000a8593          	mv	a1,s5
 444:	00098513          	mv	a0,s3
 448:	4bc000ef          	jal	ra,904 <_sbrk_r>
 44c:	fff00793          	li	a5,-1
 450:	00050b93          	mv	s7,a0
 454:	28f50c63          	beq	a0,a5,6ec <_malloc_r+0x5a8>
 458:	29456863          	bltu	a0,s4,6e8 <_malloc_r+0x5a4>
 45c:	00011c37          	lui	s8,0x11
 460:	85cc0c13          	addi	s8,s8,-1956 # 1085c <__malloc_current_mallinfo>
 464:	000c2583          	lw	a1,0(s8)
 468:	00ba85b3          	add	a1,s5,a1
 46c:	00bc2023          	sw	a1,0(s8)
 470:	00058793          	mv	a5,a1
 474:	3aaa0463          	beq	s4,a0,81c <_malloc_r+0x6d8>
 478:	850ca683          	lw	a3,-1968(s9)
 47c:	fff00713          	li	a4,-1
 480:	3ae68c63          	beq	a3,a4,838 <_malloc_r+0x6f4>
 484:	414b8a33          	sub	s4,s7,s4
 488:	00fa07b3          	add	a5,s4,a5
 48c:	00fc2023          	sw	a5,0(s8)
 490:	007bfc93          	andi	s9,s7,7
 494:	300c8663          	beqz	s9,7a0 <_malloc_r+0x65c>
 498:	000017b7          	lui	a5,0x1
 49c:	419b8bb3          	sub	s7,s7,s9
 4a0:	00878593          	addi	a1,a5,8 # 1008 <merge+0x1a4>
 4a4:	008b8b93          	addi	s7,s7,8
 4a8:	419585b3          	sub	a1,a1,s9
 4ac:	015b8ab3          	add	s5,s7,s5
 4b0:	fff78793          	addi	a5,a5,-1
 4b4:	415585b3          	sub	a1,a1,s5
 4b8:	00f5fa33          	and	s4,a1,a5
 4bc:	000a0593          	mv	a1,s4
 4c0:	00098513          	mv	a0,s3
 4c4:	440000ef          	jal	ra,904 <_sbrk_r>
 4c8:	fff00793          	li	a5,-1
 4cc:	3cf50063          	beq	a0,a5,88c <_malloc_r+0x748>
 4d0:	41750533          	sub	a0,a0,s7
 4d4:	01450ab3          	add	s5,a0,s4
 4d8:	000c2583          	lw	a1,0(s8)
 4dc:	01792423          	sw	s7,8(s2)
 4e0:	001aea93          	ori	s5,s5,1
 4e4:	00ba05b3          	add	a1,s4,a1
 4e8:	00bc2023          	sw	a1,0(s8)
 4ec:	015ba223          	sw	s5,4(s7)
 4f0:	35240863          	beq	s0,s2,840 <_malloc_r+0x6fc>
 4f4:	00f00693          	li	a3,15
 4f8:	3566f863          	bgeu	a3,s6,848 <_malloc_r+0x704>
 4fc:	00442703          	lw	a4,4(s0)
 500:	ff4b0793          	addi	a5,s6,-12
 504:	ff87f793          	andi	a5,a5,-8
 508:	00177713          	andi	a4,a4,1
 50c:	00f76733          	or	a4,a4,a5
 510:	00e42223          	sw	a4,4(s0)
 514:	00500613          	li	a2,5
 518:	00f40733          	add	a4,s0,a5
 51c:	00c72223          	sw	a2,4(a4)
 520:	00c72423          	sw	a2,8(a4)
 524:	36f6ee63          	bltu	a3,a5,8a0 <_malloc_r+0x75c>
 528:	004baa83          	lw	s5,4(s7)
 52c:	000b8413          	mv	s0,s7
 530:	000117b7          	lui	a5,0x11
 534:	8887a703          	lw	a4,-1912(a5) # 10888 <__malloc_max_sbrked_mem>
 538:	00b77463          	bgeu	a4,a1,540 <_malloc_r+0x3fc>
 53c:	88b7a423          	sw	a1,-1912(a5)
 540:	000117b7          	lui	a5,0x11
 544:	8847a703          	lw	a4,-1916(a5) # 10884 <__malloc_max_total_mem>
 548:	1ab77663          	bgeu	a4,a1,6f4 <_malloc_r+0x5b0>
 54c:	88b7a223          	sw	a1,-1916(a5)
 550:	1a40006f          	j	6f4 <_malloc_r+0x5b0>
 554:	0014e713          	ori	a4,s1,1
 558:	00e42223          	sw	a4,4(s0)
 55c:	009404b3          	add	s1,s0,s1
 560:	00992423          	sw	s1,8(s2)
 564:	0017e793          	ori	a5,a5,1
 568:	00098513          	mv	a0,s3
 56c:	00f4a223          	sw	a5,4(s1)
 570:	390000ef          	jal	ra,900 <__malloc_unlock>
 574:	00840513          	addi	a0,s0,8
 578:	e09ff06f          	j	380 <_malloc_r+0x23c>
 57c:	00c42683          	lw	a3,12(s0)
 580:	00842603          	lw	a2,8(s0)
 584:	c41ff06f          	j	1c4 <_malloc_r+0x80>
 588:	00955793          	srli	a5,a0,0x9
 58c:	00400713          	li	a4,4
 590:	14f77263          	bgeu	a4,a5,6d4 <_malloc_r+0x590>
 594:	01400713          	li	a4,20
 598:	22f76a63          	bltu	a4,a5,7cc <_malloc_r+0x688>
 59c:	05c78693          	addi	a3,a5,92
 5a0:	05b78593          	addi	a1,a5,91
 5a4:	00369693          	slli	a3,a3,0x3
 5a8:	00d906b3          	add	a3,s2,a3
 5ac:	0006a783          	lw	a5,0(a3)
 5b0:	ff868693          	addi	a3,a3,-8
 5b4:	1cf68863          	beq	a3,a5,784 <_malloc_r+0x640>
 5b8:	0047a703          	lw	a4,4(a5)
 5bc:	ffc77713          	andi	a4,a4,-4
 5c0:	00e57663          	bgeu	a0,a4,5cc <_malloc_r+0x488>
 5c4:	0087a783          	lw	a5,8(a5)
 5c8:	fef698e3          	bne	a3,a5,5b8 <_malloc_r+0x474>
 5cc:	00c7a683          	lw	a3,12(a5)
 5d0:	00492703          	lw	a4,4(s2)
 5d4:	00d42623          	sw	a3,12(s0)
 5d8:	00f42423          	sw	a5,8(s0)
 5dc:	0086a423          	sw	s0,8(a3)
 5e0:	0087a623          	sw	s0,12(a5)
 5e4:	cf1ff06f          	j	2d4 <_malloc_r+0x190>
 5e8:	01400713          	li	a4,20
 5ec:	12f77663          	bgeu	a4,a5,718 <_malloc_r+0x5d4>
 5f0:	05400713          	li	a4,84
 5f4:	1ef76a63          	bltu	a4,a5,7e8 <_malloc_r+0x6a4>
 5f8:	00c4d793          	srli	a5,s1,0xc
 5fc:	06f78613          	addi	a2,a5,111
 600:	06e78513          	addi	a0,a5,110
 604:	00361693          	slli	a3,a2,0x3
 608:	c1dff06f          	j	224 <_malloc_r+0xe0>
 60c:	001e0e13          	addi	t3,t3,1
 610:	003e7793          	andi	a5,t3,3
 614:	00850513          	addi	a0,a0,8
 618:	10078e63          	beqz	a5,734 <_malloc_r+0x5f0>
 61c:	00c52783          	lw	a5,12(a0)
 620:	d09ff06f          	j	328 <_malloc_r+0x1e4>
 624:	00842603          	lw	a2,8(s0)
 628:	0014e593          	ori	a1,s1,1
 62c:	00b42223          	sw	a1,4(s0)
 630:	00f62623          	sw	a5,12(a2)
 634:	00c7a423          	sw	a2,8(a5)
 638:	009404b3          	add	s1,s0,s1
 63c:	00992a23          	sw	s1,20(s2)
 640:	00992823          	sw	s1,16(s2)
 644:	0016e793          	ori	a5,a3,1
 648:	0114a623          	sw	a7,12(s1)
 64c:	0114a423          	sw	a7,8(s1)
 650:	00f4a223          	sw	a5,4(s1)
 654:	00e40733          	add	a4,s0,a4
 658:	00098513          	mv	a0,s3
 65c:	00d72023          	sw	a3,0(a4)
 660:	2a0000ef          	jal	ra,900 <__malloc_unlock>
 664:	00840513          	addi	a0,s0,8
 668:	d19ff06f          	j	380 <_malloc_r+0x23c>
 66c:	0034d613          	srli	a2,s1,0x3
 670:	00848793          	addi	a5,s1,8
 674:	b29ff06f          	j	19c <_malloc_r+0x58>
 678:	00a40733          	add	a4,s0,a0
 67c:	00472783          	lw	a5,4(a4)
 680:	00098513          	mv	a0,s3
 684:	0017e793          	ori	a5,a5,1
 688:	00f72223          	sw	a5,4(a4)
 68c:	274000ef          	jal	ra,900 <__malloc_unlock>
 690:	00840513          	addi	a0,s0,8
 694:	cedff06f          	j	380 <_malloc_r+0x23c>
 698:	0014e713          	ori	a4,s1,1
 69c:	00e42223          	sw	a4,4(s0)
 6a0:	009404b3          	add	s1,s0,s1
 6a4:	00992a23          	sw	s1,20(s2)
 6a8:	00992823          	sw	s1,16(s2)
 6ac:	0017e713          	ori	a4,a5,1
 6b0:	0114a623          	sw	a7,12(s1)
 6b4:	0114a423          	sw	a7,8(s1)
 6b8:	00e4a223          	sw	a4,4(s1)
 6bc:	00a40533          	add	a0,s0,a0
 6c0:	00f52023          	sw	a5,0(a0)
 6c4:	00098513          	mv	a0,s3
 6c8:	238000ef          	jal	ra,900 <__malloc_unlock>
 6cc:	00840513          	addi	a0,s0,8
 6d0:	cb1ff06f          	j	380 <_malloc_r+0x23c>
 6d4:	00655793          	srli	a5,a0,0x6
 6d8:	03978693          	addi	a3,a5,57
 6dc:	03878593          	addi	a1,a5,56
 6e0:	00369693          	slli	a3,a3,0x3
 6e4:	ec5ff06f          	j	5a8 <_malloc_r+0x464>
 6e8:	11240e63          	beq	s0,s2,804 <_malloc_r+0x6c0>
 6ec:	00892403          	lw	s0,8(s2)
 6f0:	00442a83          	lw	s5,4(s0)
 6f4:	ffcafa93          	andi	s5,s5,-4
 6f8:	409a87b3          	sub	a5,s5,s1
 6fc:	009ae663          	bltu	s5,s1,708 <_malloc_r+0x5c4>
 700:	00f00713          	li	a4,15
 704:	e4f748e3          	blt	a4,a5,554 <_malloc_r+0x410>
 708:	00098513          	mv	a0,s3
 70c:	1f4000ef          	jal	ra,900 <__malloc_unlock>
 710:	00000513          	li	a0,0
 714:	c6dff06f          	j	380 <_malloc_r+0x23c>
 718:	05c78613          	addi	a2,a5,92
 71c:	05b78513          	addi	a0,a5,91
 720:	00361693          	slli	a3,a2,0x3
 724:	b01ff06f          	j	224 <_malloc_r+0xe0>
 728:	00832783          	lw	a5,8(t1)
 72c:	fff60613          	addi	a2,a2,-1
 730:	1c679263          	bne	a5,t1,8f4 <_malloc_r+0x7b0>
 734:	00367793          	andi	a5,a2,3
 738:	ff830313          	addi	t1,t1,-8
 73c:	fe0796e3          	bnez	a5,728 <_malloc_r+0x5e4>
 740:	00492703          	lw	a4,4(s2)
 744:	fff5c793          	not	a5,a1
 748:	00e7f7b3          	and	a5,a5,a4
 74c:	00f92223          	sw	a5,4(s2)
 750:	00159593          	slli	a1,a1,0x1
 754:	c8b7eee3          	bltu	a5,a1,3f0 <_malloc_r+0x2ac>
 758:	c8058ce3          	beqz	a1,3f0 <_malloc_r+0x2ac>
 75c:	00f5f733          	and	a4,a1,a5
 760:	00071a63          	bnez	a4,774 <_malloc_r+0x630>
 764:	00159593          	slli	a1,a1,0x1
 768:	00f5f733          	and	a4,a1,a5
 76c:	004e0e13          	addi	t3,t3,4
 770:	fe070ae3          	beqz	a4,764 <_malloc_r+0x620>
 774:	000e0613          	mv	a2,t3
 778:	b9dff06f          	j	314 <_malloc_r+0x1d0>
 77c:	010a8a93          	addi	s5,s5,16
 780:	cc1ff06f          	j	440 <_malloc_r+0x2fc>
 784:	00492503          	lw	a0,4(s2)
 788:	4025d593          	srai	a1,a1,0x2
 78c:	00100713          	li	a4,1
 790:	00b71733          	sll	a4,a4,a1
 794:	00a76733          	or	a4,a4,a0
 798:	00e92223          	sw	a4,4(s2)
 79c:	e39ff06f          	j	5d4 <_malloc_r+0x490>
 7a0:	015b85b3          	add	a1,s7,s5
 7a4:	40b005b3          	neg	a1,a1
 7a8:	01459593          	slli	a1,a1,0x14
 7ac:	0145da13          	srli	s4,a1,0x14
 7b0:	000a0593          	mv	a1,s4
 7b4:	00098513          	mv	a0,s3
 7b8:	14c000ef          	jal	ra,904 <_sbrk_r>
 7bc:	fff00793          	li	a5,-1
 7c0:	d0f518e3          	bne	a0,a5,4d0 <_malloc_r+0x38c>
 7c4:	00000a13          	li	s4,0
 7c8:	d11ff06f          	j	4d8 <_malloc_r+0x394>
 7cc:	05400713          	li	a4,84
 7d0:	08f76263          	bltu	a4,a5,854 <_malloc_r+0x710>
 7d4:	00c55793          	srli	a5,a0,0xc
 7d8:	06f78693          	addi	a3,a5,111
 7dc:	06e78593          	addi	a1,a5,110
 7e0:	00369693          	slli	a3,a3,0x3
 7e4:	dc5ff06f          	j	5a8 <_malloc_r+0x464>
 7e8:	15400713          	li	a4,340
 7ec:	08f76263          	bltu	a4,a5,870 <_malloc_r+0x72c>
 7f0:	00f4d793          	srli	a5,s1,0xf
 7f4:	07878613          	addi	a2,a5,120
 7f8:	07778513          	addi	a0,a5,119
 7fc:	00361693          	slli	a3,a2,0x3
 800:	a25ff06f          	j	224 <_malloc_r+0xe0>
 804:	00011c37          	lui	s8,0x11
 808:	85cc0c13          	addi	s8,s8,-1956 # 1085c <__malloc_current_mallinfo>
 80c:	000c2783          	lw	a5,0(s8)
 810:	00fa87b3          	add	a5,s5,a5
 814:	00fc2023          	sw	a5,0(s8)
 818:	c61ff06f          	j	478 <_malloc_r+0x334>
 81c:	014a1713          	slli	a4,s4,0x14
 820:	c4071ce3          	bnez	a4,478 <_malloc_r+0x334>
 824:	00892403          	lw	s0,8(s2)
 828:	015b0ab3          	add	s5,s6,s5
 82c:	001aea93          	ori	s5,s5,1
 830:	01542223          	sw	s5,4(s0)
 834:	cfdff06f          	j	530 <_malloc_r+0x3ec>
 838:	857ca823          	sw	s7,-1968(s9)
 83c:	c55ff06f          	j	490 <_malloc_r+0x34c>
 840:	000b8413          	mv	s0,s7
 844:	cedff06f          	j	530 <_malloc_r+0x3ec>
 848:	00100793          	li	a5,1
 84c:	00fba223          	sw	a5,4(s7)
 850:	eb9ff06f          	j	708 <_malloc_r+0x5c4>
 854:	15400713          	li	a4,340
 858:	06f76263          	bltu	a4,a5,8bc <_malloc_r+0x778>
 85c:	00f55793          	srli	a5,a0,0xf
 860:	07878693          	addi	a3,a5,120
 864:	07778593          	addi	a1,a5,119
 868:	00369693          	slli	a3,a3,0x3
 86c:	d3dff06f          	j	5a8 <_malloc_r+0x464>
 870:	55400713          	li	a4,1364
 874:	06f76263          	bltu	a4,a5,8d8 <_malloc_r+0x794>
 878:	0124d793          	srli	a5,s1,0x12
 87c:	07d78613          	addi	a2,a5,125
 880:	07c78513          	addi	a0,a5,124
 884:	00361693          	slli	a3,a2,0x3
 888:	99dff06f          	j	224 <_malloc_r+0xe0>
 88c:	ff8c8c93          	addi	s9,s9,-8
 890:	019a8ab3          	add	s5,s5,s9
 894:	417a8ab3          	sub	s5,s5,s7
 898:	00000a13          	li	s4,0
 89c:	c3dff06f          	j	4d8 <_malloc_r+0x394>
 8a0:	00840593          	addi	a1,s0,8
 8a4:	00098513          	mv	a0,s3
 8a8:	1fc000ef          	jal	ra,aa4 <_free_r>
 8ac:	00892403          	lw	s0,8(s2)
 8b0:	000c2583          	lw	a1,0(s8)
 8b4:	00442a83          	lw	s5,4(s0)
 8b8:	c79ff06f          	j	530 <_malloc_r+0x3ec>
 8bc:	55400713          	li	a4,1364
 8c0:	02f76463          	bltu	a4,a5,8e8 <_malloc_r+0x7a4>
 8c4:	01255793          	srli	a5,a0,0x12
 8c8:	07d78693          	addi	a3,a5,125
 8cc:	07c78593          	addi	a1,a5,124
 8d0:	00369693          	slli	a3,a3,0x3
 8d4:	cd5ff06f          	j	5a8 <_malloc_r+0x464>
 8d8:	3f800693          	li	a3,1016
 8dc:	07f00613          	li	a2,127
 8e0:	07e00513          	li	a0,126
 8e4:	941ff06f          	j	224 <_malloc_r+0xe0>
 8e8:	3f800693          	li	a3,1016
 8ec:	07e00593          	li	a1,126
 8f0:	cb9ff06f          	j	5a8 <_malloc_r+0x464>
 8f4:	00492783          	lw	a5,4(s2)
 8f8:	e59ff06f          	j	750 <_malloc_r+0x60c>

000008fc <__malloc_lock>:
__malloc_lock():
 8fc:	00008067          	ret

00000900 <__malloc_unlock>:
__malloc_unlock():
 900:	00008067          	ret

00000904 <_sbrk_r>:
_sbrk_r():
 904:	ff010113          	addi	sp,sp,-16
 908:	00812423          	sw	s0,8(sp)
 90c:	00912223          	sw	s1,4(sp)
 910:	00050413          	mv	s0,a0
 914:	000114b7          	lui	s1,0x11
 918:	00058513          	mv	a0,a1
 91c:	00112623          	sw	ra,12(sp)
 920:	8804a823          	sw	zero,-1904(s1) # 10890 <errno>
 924:	494000ef          	jal	ra,db8 <_sbrk>
 928:	fff00793          	li	a5,-1
 92c:	00f50c63          	beq	a0,a5,944 <_sbrk_r+0x40>
 930:	00c12083          	lw	ra,12(sp)
 934:	00812403          	lw	s0,8(sp)
 938:	00412483          	lw	s1,4(sp)
 93c:	01010113          	addi	sp,sp,16
 940:	00008067          	ret
 944:	8904a783          	lw	a5,-1904(s1)
 948:	fe0784e3          	beqz	a5,930 <_sbrk_r+0x2c>
 94c:	00c12083          	lw	ra,12(sp)
 950:	00f42023          	sw	a5,0(s0)
 954:	00812403          	lw	s0,8(sp)
 958:	00412483          	lw	s1,4(sp)
 95c:	01010113          	addi	sp,sp,16
 960:	00008067          	ret

00000964 <_malloc_trim_r>:
_malloc_trim_r():
 964:	fe010113          	addi	sp,sp,-32
 968:	01312623          	sw	s3,12(sp)
 96c:	000109b7          	lui	s3,0x10
 970:	00812c23          	sw	s0,24(sp)
 974:	00912a23          	sw	s1,20(sp)
 978:	01212823          	sw	s2,16(sp)
 97c:	01412423          	sw	s4,8(sp)
 980:	00112e23          	sw	ra,28(sp)
 984:	00058a13          	mv	s4,a1
 988:	00050913          	mv	s2,a0
 98c:	02098993          	addi	s3,s3,32 # 10020 <__malloc_av_>
 990:	f6dff0ef          	jal	ra,8fc <__malloc_lock>
 994:	0089a703          	lw	a4,8(s3)
 998:	000017b7          	lui	a5,0x1
 99c:	fef78413          	addi	s0,a5,-17 # fef <merge+0x18b>
 9a0:	00472483          	lw	s1,4(a4)
 9a4:	41440433          	sub	s0,s0,s4
 9a8:	ffc4f493          	andi	s1,s1,-4
 9ac:	00940433          	add	s0,s0,s1
 9b0:	00c45413          	srli	s0,s0,0xc
 9b4:	fff40413          	addi	s0,s0,-1
 9b8:	00c41413          	slli	s0,s0,0xc
 9bc:	00f44e63          	blt	s0,a5,9d8 <_malloc_trim_r+0x74>
 9c0:	00000593          	li	a1,0
 9c4:	00090513          	mv	a0,s2
 9c8:	f3dff0ef          	jal	ra,904 <_sbrk_r>
 9cc:	0089a783          	lw	a5,8(s3)
 9d0:	009787b3          	add	a5,a5,s1
 9d4:	02f50863          	beq	a0,a5,a04 <_malloc_trim_r+0xa0>
 9d8:	00090513          	mv	a0,s2
 9dc:	f25ff0ef          	jal	ra,900 <__malloc_unlock>
 9e0:	01c12083          	lw	ra,28(sp)
 9e4:	01812403          	lw	s0,24(sp)
 9e8:	01412483          	lw	s1,20(sp)
 9ec:	01012903          	lw	s2,16(sp)
 9f0:	00c12983          	lw	s3,12(sp)
 9f4:	00812a03          	lw	s4,8(sp)
 9f8:	00000513          	li	a0,0
 9fc:	02010113          	addi	sp,sp,32
 a00:	00008067          	ret
 a04:	408005b3          	neg	a1,s0
 a08:	00090513          	mv	a0,s2
 a0c:	ef9ff0ef          	jal	ra,904 <_sbrk_r>
 a10:	fff00793          	li	a5,-1
 a14:	04f50a63          	beq	a0,a5,a68 <_malloc_trim_r+0x104>
 a18:	000117b7          	lui	a5,0x11
 a1c:	85c78793          	addi	a5,a5,-1956 # 1085c <__malloc_current_mallinfo>
 a20:	0007a703          	lw	a4,0(a5)
 a24:	0089a683          	lw	a3,8(s3)
 a28:	408484b3          	sub	s1,s1,s0
 a2c:	0014e493          	ori	s1,s1,1
 a30:	40870433          	sub	s0,a4,s0
 a34:	00090513          	mv	a0,s2
 a38:	0096a223          	sw	s1,4(a3)
 a3c:	0087a023          	sw	s0,0(a5)
 a40:	ec1ff0ef          	jal	ra,900 <__malloc_unlock>
 a44:	01c12083          	lw	ra,28(sp)
 a48:	01812403          	lw	s0,24(sp)
 a4c:	01412483          	lw	s1,20(sp)
 a50:	01012903          	lw	s2,16(sp)
 a54:	00c12983          	lw	s3,12(sp)
 a58:	00812a03          	lw	s4,8(sp)
 a5c:	00100513          	li	a0,1
 a60:	02010113          	addi	sp,sp,32
 a64:	00008067          	ret
 a68:	00000593          	li	a1,0
 a6c:	00090513          	mv	a0,s2
 a70:	e95ff0ef          	jal	ra,904 <_sbrk_r>
 a74:	0089a703          	lw	a4,8(s3)
 a78:	00f00693          	li	a3,15
 a7c:	40e507b3          	sub	a5,a0,a4
 a80:	f4f6dce3          	bge	a3,a5,9d8 <_malloc_trim_r+0x74>
 a84:	000116b7          	lui	a3,0x11
 a88:	8506a683          	lw	a3,-1968(a3) # 10850 <__malloc_sbrk_base>
 a8c:	0017e793          	ori	a5,a5,1
 a90:	00f72223          	sw	a5,4(a4)
 a94:	40d50533          	sub	a0,a0,a3
 a98:	000116b7          	lui	a3,0x11
 a9c:	84a6ae23          	sw	a0,-1956(a3) # 1085c <__malloc_current_mallinfo>
 aa0:	f39ff06f          	j	9d8 <_malloc_trim_r+0x74>

00000aa4 <_free_r>:
_free_r():
 aa4:	12058a63          	beqz	a1,bd8 <_free_r+0x134>
 aa8:	ff010113          	addi	sp,sp,-16
 aac:	00812423          	sw	s0,8(sp)
 ab0:	00912223          	sw	s1,4(sp)
 ab4:	00058413          	mv	s0,a1
 ab8:	00050493          	mv	s1,a0
 abc:	00112623          	sw	ra,12(sp)
 ac0:	e3dff0ef          	jal	ra,8fc <__malloc_lock>
 ac4:	ffc42803          	lw	a6,-4(s0)
 ac8:	ff840713          	addi	a4,s0,-8
 acc:	000105b7          	lui	a1,0x10
 ad0:	ffe87793          	andi	a5,a6,-2
 ad4:	00f70633          	add	a2,a4,a5
 ad8:	02058593          	addi	a1,a1,32 # 10020 <__malloc_av_>
 adc:	00462683          	lw	a3,4(a2)
 ae0:	0085a503          	lw	a0,8(a1)
 ae4:	ffc6f693          	andi	a3,a3,-4
 ae8:	1ac50a63          	beq	a0,a2,c9c <_free_r+0x1f8>
 aec:	00d62223          	sw	a3,4(a2)
 af0:	00187813          	andi	a6,a6,1
 af4:	00d60533          	add	a0,a2,a3
 af8:	0a081063          	bnez	a6,b98 <_free_r+0xf4>
 afc:	ff842303          	lw	t1,-8(s0)
 b00:	00452803          	lw	a6,4(a0)
 b04:	00010537          	lui	a0,0x10
 b08:	40670733          	sub	a4,a4,t1
 b0c:	00872883          	lw	a7,8(a4)
 b10:	02850513          	addi	a0,a0,40 # 10028 <__malloc_av_+0x8>
 b14:	006787b3          	add	a5,a5,t1
 b18:	00187813          	andi	a6,a6,1
 b1c:	14a88063          	beq	a7,a0,c5c <_free_r+0x1b8>
 b20:	00c72303          	lw	t1,12(a4)
 b24:	0068a623          	sw	t1,12(a7)
 b28:	01132423          	sw	a7,8(t1)
 b2c:	1e080463          	beqz	a6,d14 <_free_r+0x270>
 b30:	0017e693          	ori	a3,a5,1
 b34:	00d72223          	sw	a3,4(a4)
 b38:	00f62023          	sw	a5,0(a2)
 b3c:	1ff00693          	li	a3,511
 b40:	0af6e863          	bltu	a3,a5,bf0 <_free_r+0x14c>
 b44:	ff87f693          	andi	a3,a5,-8
 b48:	00868693          	addi	a3,a3,8
 b4c:	0045a503          	lw	a0,4(a1)
 b50:	00d586b3          	add	a3,a1,a3
 b54:	0006a603          	lw	a2,0(a3)
 b58:	0057d813          	srli	a6,a5,0x5
 b5c:	00100793          	li	a5,1
 b60:	010797b3          	sll	a5,a5,a6
 b64:	00a7e7b3          	or	a5,a5,a0
 b68:	ff868513          	addi	a0,a3,-8
 b6c:	00a72623          	sw	a0,12(a4)
 b70:	00c72423          	sw	a2,8(a4)
 b74:	00f5a223          	sw	a5,4(a1)
 b78:	00e6a023          	sw	a4,0(a3)
 b7c:	00e62623          	sw	a4,12(a2)
 b80:	00812403          	lw	s0,8(sp)
 b84:	00c12083          	lw	ra,12(sp)
 b88:	00048513          	mv	a0,s1
 b8c:	00412483          	lw	s1,4(sp)
 b90:	01010113          	addi	sp,sp,16
 b94:	d6dff06f          	j	900 <__malloc_unlock>
 b98:	00452503          	lw	a0,4(a0)
 b9c:	00157513          	andi	a0,a0,1
 ba0:	02051e63          	bnez	a0,bdc <_free_r+0x138>
 ba4:	00010537          	lui	a0,0x10
 ba8:	00d787b3          	add	a5,a5,a3
 bac:	02850513          	addi	a0,a0,40 # 10028 <__malloc_av_+0x8>
 bb0:	00862683          	lw	a3,8(a2)
 bb4:	0017e893          	ori	a7,a5,1
 bb8:	00f70833          	add	a6,a4,a5
 bbc:	16a68863          	beq	a3,a0,d2c <_free_r+0x288>
 bc0:	00c62603          	lw	a2,12(a2)
 bc4:	00c6a623          	sw	a2,12(a3)
 bc8:	00d62423          	sw	a3,8(a2)
 bcc:	01172223          	sw	a7,4(a4)
 bd0:	00f82023          	sw	a5,0(a6)
 bd4:	f69ff06f          	j	b3c <_free_r+0x98>
 bd8:	00008067          	ret
 bdc:	0017e693          	ori	a3,a5,1
 be0:	fed42e23          	sw	a3,-4(s0)
 be4:	00f62023          	sw	a5,0(a2)
 be8:	1ff00693          	li	a3,511
 bec:	f4f6fce3          	bgeu	a3,a5,b44 <_free_r+0xa0>
 bf0:	0097d693          	srli	a3,a5,0x9
 bf4:	00400613          	li	a2,4
 bf8:	0ed66c63          	bltu	a2,a3,cf0 <_free_r+0x24c>
 bfc:	0067d693          	srli	a3,a5,0x6
 c00:	03968813          	addi	a6,a3,57
 c04:	03868613          	addi	a2,a3,56
 c08:	00381813          	slli	a6,a6,0x3
 c0c:	01058833          	add	a6,a1,a6
 c10:	00082683          	lw	a3,0(a6)
 c14:	ff880813          	addi	a6,a6,-8
 c18:	12d80863          	beq	a6,a3,d48 <_free_r+0x2a4>
 c1c:	0046a603          	lw	a2,4(a3)
 c20:	ffc67613          	andi	a2,a2,-4
 c24:	00c7f663          	bgeu	a5,a2,c30 <_free_r+0x18c>
 c28:	0086a683          	lw	a3,8(a3)
 c2c:	fed818e3          	bne	a6,a3,c1c <_free_r+0x178>
 c30:	00c6a803          	lw	a6,12(a3)
 c34:	01072623          	sw	a6,12(a4)
 c38:	00d72423          	sw	a3,8(a4)
 c3c:	00812403          	lw	s0,8(sp)
 c40:	00c12083          	lw	ra,12(sp)
 c44:	00e82423          	sw	a4,8(a6)
 c48:	00048513          	mv	a0,s1
 c4c:	00412483          	lw	s1,4(sp)
 c50:	00e6a623          	sw	a4,12(a3)
 c54:	01010113          	addi	sp,sp,16
 c58:	ca9ff06f          	j	900 <__malloc_unlock>
 c5c:	14081663          	bnez	a6,da8 <_free_r+0x304>
 c60:	00c62583          	lw	a1,12(a2)
 c64:	00862603          	lw	a2,8(a2)
 c68:	00f687b3          	add	a5,a3,a5
 c6c:	00812403          	lw	s0,8(sp)
 c70:	00b62623          	sw	a1,12(a2)
 c74:	00c5a423          	sw	a2,8(a1)
 c78:	0017e693          	ori	a3,a5,1
 c7c:	00c12083          	lw	ra,12(sp)
 c80:	00d72223          	sw	a3,4(a4)
 c84:	00048513          	mv	a0,s1
 c88:	00f70733          	add	a4,a4,a5
 c8c:	00412483          	lw	s1,4(sp)
 c90:	00f72023          	sw	a5,0(a4)
 c94:	01010113          	addi	sp,sp,16
 c98:	c69ff06f          	j	900 <__malloc_unlock>
 c9c:	00187813          	andi	a6,a6,1
 ca0:	00d787b3          	add	a5,a5,a3
 ca4:	02081063          	bnez	a6,cc4 <_free_r+0x220>
 ca8:	ff842503          	lw	a0,-8(s0)
 cac:	40a70733          	sub	a4,a4,a0
 cb0:	00c72683          	lw	a3,12(a4)
 cb4:	00872603          	lw	a2,8(a4)
 cb8:	00a787b3          	add	a5,a5,a0
 cbc:	00d62623          	sw	a3,12(a2)
 cc0:	00c6a423          	sw	a2,8(a3)
 cc4:	000116b7          	lui	a3,0x11
 cc8:	0017e613          	ori	a2,a5,1
 ccc:	8546a683          	lw	a3,-1964(a3) # 10854 <__malloc_trim_threshold>
 cd0:	00c72223          	sw	a2,4(a4)
 cd4:	00e5a423          	sw	a4,8(a1)
 cd8:	ead7e4e3          	bltu	a5,a3,b80 <_free_r+0xdc>
 cdc:	000117b7          	lui	a5,0x11
 ce0:	88c7a583          	lw	a1,-1908(a5) # 1088c <__malloc_top_pad>
 ce4:	00048513          	mv	a0,s1
 ce8:	c7dff0ef          	jal	ra,964 <_malloc_trim_r>
 cec:	e95ff06f          	j	b80 <_free_r+0xdc>
 cf0:	01400613          	li	a2,20
 cf4:	02d67463          	bgeu	a2,a3,d1c <_free_r+0x278>
 cf8:	05400613          	li	a2,84
 cfc:	06d66463          	bltu	a2,a3,d64 <_free_r+0x2c0>
 d00:	00c7d693          	srli	a3,a5,0xc
 d04:	06f68813          	addi	a6,a3,111
 d08:	06e68613          	addi	a2,a3,110
 d0c:	00381813          	slli	a6,a6,0x3
 d10:	efdff06f          	j	c0c <_free_r+0x168>
 d14:	00d787b3          	add	a5,a5,a3
 d18:	e99ff06f          	j	bb0 <_free_r+0x10c>
 d1c:	05c68813          	addi	a6,a3,92
 d20:	05b68613          	addi	a2,a3,91
 d24:	00381813          	slli	a6,a6,0x3
 d28:	ee5ff06f          	j	c0c <_free_r+0x168>
 d2c:	00e5aa23          	sw	a4,20(a1)
 d30:	00e5a823          	sw	a4,16(a1)
 d34:	00a72623          	sw	a0,12(a4)
 d38:	00a72423          	sw	a0,8(a4)
 d3c:	01172223          	sw	a7,4(a4)
 d40:	00f82023          	sw	a5,0(a6)
 d44:	e3dff06f          	j	b80 <_free_r+0xdc>
 d48:	0045a503          	lw	a0,4(a1)
 d4c:	40265613          	srai	a2,a2,0x2
 d50:	00100793          	li	a5,1
 d54:	00c79633          	sll	a2,a5,a2
 d58:	00a66633          	or	a2,a2,a0
 d5c:	00c5a223          	sw	a2,4(a1)
 d60:	ed5ff06f          	j	c34 <_free_r+0x190>
 d64:	15400613          	li	a2,340
 d68:	00d66c63          	bltu	a2,a3,d80 <_free_r+0x2dc>
 d6c:	00f7d693          	srli	a3,a5,0xf
 d70:	07868813          	addi	a6,a3,120
 d74:	07768613          	addi	a2,a3,119
 d78:	00381813          	slli	a6,a6,0x3
 d7c:	e91ff06f          	j	c0c <_free_r+0x168>
 d80:	55400613          	li	a2,1364
 d84:	00d66c63          	bltu	a2,a3,d9c <_free_r+0x2f8>
 d88:	0127d693          	srli	a3,a5,0x12
 d8c:	07d68813          	addi	a6,a3,125
 d90:	07c68613          	addi	a2,a3,124
 d94:	00381813          	slli	a6,a6,0x3
 d98:	e75ff06f          	j	c0c <_free_r+0x168>
 d9c:	3f800813          	li	a6,1016
 da0:	07e00613          	li	a2,126
 da4:	e69ff06f          	j	c0c <_free_r+0x168>
 da8:	0017e693          	ori	a3,a5,1
 dac:	00d72223          	sw	a3,4(a4)
 db0:	00f62023          	sw	a5,0(a2)
 db4:	dcdff06f          	j	b80 <_free_r+0xdc>

00000db8 <_sbrk>:
_sbrk():
 db8:	00011337          	lui	t1,0x11
 dbc:	89432783          	lw	a5,-1900(t1) # 10894 <heap_end.0>
 dc0:	ff010113          	addi	sp,sp,-16
 dc4:	00112623          	sw	ra,12(sp)
 dc8:	00050813          	mv	a6,a0
 dcc:	02079863          	bnez	a5,dfc <_sbrk+0x44>
 dd0:	00000513          	li	a0,0
 dd4:	00000593          	li	a1,0
 dd8:	00000613          	li	a2,0
 ddc:	00000693          	li	a3,0
 de0:	00000713          	li	a4,0
 de4:	0d600893          	li	a7,214
 de8:	00000073          	ecall
 dec:	fff00713          	li	a4,-1
 df0:	00050793          	mv	a5,a0
 df4:	04e50463          	beq	a0,a4,e3c <_sbrk+0x84>
 df8:	88a32a23          	sw	a0,-1900(t1)
 dfc:	00f80533          	add	a0,a6,a5
 e00:	00000593          	li	a1,0
 e04:	00000613          	li	a2,0
 e08:	00000693          	li	a3,0
 e0c:	00000713          	li	a4,0
 e10:	00000793          	li	a5,0
 e14:	0d600893          	li	a7,214
 e18:	00000073          	ecall
 e1c:	89432783          	lw	a5,-1900(t1)
 e20:	00f80833          	add	a6,a6,a5
 e24:	01051c63          	bne	a0,a6,e3c <_sbrk+0x84>
 e28:	00c12083          	lw	ra,12(sp)
 e2c:	88a32a23          	sw	a0,-1900(t1)
 e30:	00078513          	mv	a0,a5
 e34:	01010113          	addi	sp,sp,16
 e38:	00008067          	ret
 e3c:	01c000ef          	jal	ra,e58 <__errno>
 e40:	00c12083          	lw	ra,12(sp)
 e44:	00c00793          	li	a5,12
 e48:	00f52023          	sw	a5,0(a0)
 e4c:	fff00513          	li	a0,-1
 e50:	01010113          	addi	sp,sp,16
 e54:	00008067          	ret

00000e58 <__errno>:
__errno():
 e58:	000117b7          	lui	a5,0x11
 e5c:	8587a503          	lw	a0,-1960(a5) # 10858 <_impure_ptr>
 e60:	00008067          	ret

Disassembly of section .text.merge:

00000e64 <merge>:
merge():
C:\Users\Catalina\Documents\Universidad\1-2\FC2\Ensamblador\FC2practicasWS\pr4\Debug/../pr4.c:30
 * @param n total number of elements in the array
 */

extern void merge_sort ( int *a, int n, int l, int r ) ;
void merge(int *a, int l, int r, int n)
{
     e64:	fd010113          	addi	sp,sp,-48
     e68:	02112623          	sw	ra,44(sp)
     e6c:	02812423          	sw	s0,40(sp)
     e70:	03010413          	addi	s0,sp,48
     e74:	fca42e23          	sw	a0,-36(s0)
     e78:	fcb42c23          	sw	a1,-40(s0)
     e7c:	fcc42a23          	sw	a2,-44(s0)
     e80:	fcd42823          	sw	a3,-48(s0)
C:\Users\Catalina\Documents\Universidad\1-2\FC2\Ensamblador\FC2practicasWS\pr4\Debug/../pr4.c:31
    int *b = (int *)malloc(n * sizeof(int)); /* dynamic memory must be freed */
     e84:	fd042783          	lw	a5,-48(s0)
     e88:	00279793          	slli	a5,a5,0x2
     e8c:	00078513          	mv	a0,a5
     e90:	a94ff0ef          	jal	ra,124 <malloc>
     e94:	00050793          	mv	a5,a0
     e98:	fef42023          	sw	a5,-32(s0)
C:\Users\Catalina\Documents\Universidad\1-2\FC2\Ensamblador\FC2practicasWS\pr4\Debug/../pr4.c:33

		int c = l;
     e9c:	fd842783          	lw	a5,-40(s0)
     ea0:	fef42623          	sw	a5,-20(s0)
C:\Users\Catalina\Documents\Universidad\1-2\FC2\Ensamblador\FC2practicasWS\pr4\Debug/../pr4.c:35
		int p1, p2;
		p1 = l;
     ea4:	fd842783          	lw	a5,-40(s0)
     ea8:	fef42423          	sw	a5,-24(s0)
C:\Users\Catalina\Documents\Universidad\1-2\FC2\Ensamblador\FC2practicasWS\pr4\Debug/../pr4.c:36
		p2 = ((l + r) / 2) + 1;
     eac:	fd842703          	lw	a4,-40(s0)
     eb0:	fd442783          	lw	a5,-44(s0)
     eb4:	00f707b3          	add	a5,a4,a5
     eb8:	01f7d713          	srli	a4,a5,0x1f
     ebc:	00f707b3          	add	a5,a4,a5
     ec0:	4017d793          	srai	a5,a5,0x1
     ec4:	00178793          	addi	a5,a5,1
     ec8:	fef42223          	sw	a5,-28(s0)
C:\Users\Catalina\Documents\Universidad\1-2\FC2\Ensamblador\FC2practicasWS\pr4\Debug/../pr4.c:37
		while ((p1 < ((l + r) / 2) + 1) && (p2 < r + 1))
     ecc:	0ac0006f          	j	f78 <merge+0x114>
C:\Users\Catalina\Documents\Universidad\1-2\FC2\Ensamblador\FC2practicasWS\pr4\Debug/../pr4.c:39
		{
			if (a[p1] <= a[p2])
     ed0:	fe842783          	lw	a5,-24(s0)
     ed4:	00279793          	slli	a5,a5,0x2
     ed8:	fdc42703          	lw	a4,-36(s0)
     edc:	00f707b3          	add	a5,a4,a5
     ee0:	0007a703          	lw	a4,0(a5)
     ee4:	fe442783          	lw	a5,-28(s0)
     ee8:	00279793          	slli	a5,a5,0x2
     eec:	fdc42683          	lw	a3,-36(s0)
     ef0:	00f687b3          	add	a5,a3,a5
     ef4:	0007a783          	lw	a5,0(a5)
     ef8:	04e7c263          	blt	a5,a4,f3c <merge+0xd8>
C:\Users\Catalina\Documents\Universidad\1-2\FC2\Ensamblador\FC2practicasWS\pr4\Debug/../pr4.c:41
			{
				b[c++] = a[p1];
     efc:	fe842783          	lw	a5,-24(s0)
     f00:	00279793          	slli	a5,a5,0x2
     f04:	fdc42703          	lw	a4,-36(s0)
     f08:	00f70733          	add	a4,a4,a5
     f0c:	fec42783          	lw	a5,-20(s0)
     f10:	00178693          	addi	a3,a5,1
     f14:	fed42623          	sw	a3,-20(s0)
     f18:	00279793          	slli	a5,a5,0x2
     f1c:	fe042683          	lw	a3,-32(s0)
     f20:	00f687b3          	add	a5,a3,a5
     f24:	00072703          	lw	a4,0(a4)
     f28:	00e7a023          	sw	a4,0(a5)
C:\Users\Catalina\Documents\Universidad\1-2\FC2\Ensamblador\FC2practicasWS\pr4\Debug/../pr4.c:42
				p1++;
     f2c:	fe842783          	lw	a5,-24(s0)
     f30:	00178793          	addi	a5,a5,1
     f34:	fef42423          	sw	a5,-24(s0)
     f38:	0400006f          	j	f78 <merge+0x114>
C:\Users\Catalina\Documents\Universidad\1-2\FC2\Ensamblador\FC2practicasWS\pr4\Debug/../pr4.c:46
			}
			else
			{
				b[c++] = a[p2];
     f3c:	fe442783          	lw	a5,-28(s0)
     f40:	00279793          	slli	a5,a5,0x2
     f44:	fdc42703          	lw	a4,-36(s0)
     f48:	00f70733          	add	a4,a4,a5
     f4c:	fec42783          	lw	a5,-20(s0)
     f50:	00178693          	addi	a3,a5,1
     f54:	fed42623          	sw	a3,-20(s0)
     f58:	00279793          	slli	a5,a5,0x2
     f5c:	fe042683          	lw	a3,-32(s0)
     f60:	00f687b3          	add	a5,a3,a5
     f64:	00072703          	lw	a4,0(a4)
     f68:	00e7a023          	sw	a4,0(a5)
C:\Users\Catalina\Documents\Universidad\1-2\FC2\Ensamblador\FC2practicasWS\pr4\Debug/../pr4.c:47
				p2++;
     f6c:	fe442783          	lw	a5,-28(s0)
     f70:	00178793          	addi	a5,a5,1
     f74:	fef42223          	sw	a5,-28(s0)
C:\Users\Catalina\Documents\Universidad\1-2\FC2\Ensamblador\FC2practicasWS\pr4\Debug/../pr4.c:37
		while ((p1 < ((l + r) / 2) + 1) && (p2 < r + 1))
     f78:	fd842703          	lw	a4,-40(s0)
     f7c:	fd442783          	lw	a5,-44(s0)
     f80:	00f707b3          	add	a5,a4,a5
     f84:	01f7d713          	srli	a4,a5,0x1f
     f88:	00f707b3          	add	a5,a4,a5
     f8c:	4017d793          	srai	a5,a5,0x1
     f90:	00078713          	mv	a4,a5
     f94:	fe842783          	lw	a5,-24(s0)
     f98:	00f74863          	blt	a4,a5,fa8 <merge+0x144>
C:\Users\Catalina\Documents\Universidad\1-2\FC2\Ensamblador\FC2practicasWS\pr4\Debug/../pr4.c:37 (discriminator 1)
     f9c:	fd442703          	lw	a4,-44(s0)
     fa0:	fe442783          	lw	a5,-28(s0)
     fa4:	f2f756e3          	bge	a4,a5,ed0 <merge+0x6c>
C:\Users\Catalina\Documents\Universidad\1-2\FC2\Ensamblador\FC2practicasWS\pr4\Debug/../pr4.c:51
			}
		}

		if (p2 == r + 1)
     fa8:	fd442783          	lw	a5,-44(s0)
     fac:	00178793          	addi	a5,a5,1
     fb0:	fe442703          	lw	a4,-28(s0)
     fb4:	0af71463          	bne	a4,a5,105c <merge+0x1f8>
C:\Users\Catalina\Documents\Universidad\1-2\FC2\Ensamblador\FC2practicasWS\pr4\Debug/../pr4.c:53
		{
			while ((p1 < ((l + r) / 2) + 1))
     fb8:	0400006f          	j	ff8 <merge+0x194>
C:\Users\Catalina\Documents\Universidad\1-2\FC2\Ensamblador\FC2practicasWS\pr4\Debug/../pr4.c:55
			{
				b[c++] = a[p1];
     fbc:	fe842783          	lw	a5,-24(s0)
     fc0:	00279793          	slli	a5,a5,0x2
     fc4:	fdc42703          	lw	a4,-36(s0)
     fc8:	00f70733          	add	a4,a4,a5
     fcc:	fec42783          	lw	a5,-20(s0)
     fd0:	00178693          	addi	a3,a5,1
     fd4:	fed42623          	sw	a3,-20(s0)
     fd8:	00279793          	slli	a5,a5,0x2
     fdc:	fe042683          	lw	a3,-32(s0)
     fe0:	00f687b3          	add	a5,a3,a5
     fe4:	00072703          	lw	a4,0(a4)
     fe8:	00e7a023          	sw	a4,0(a5)
C:\Users\Catalina\Documents\Universidad\1-2\FC2\Ensamblador\FC2practicasWS\pr4\Debug/../pr4.c:56
				p1++;
     fec:	fe842783          	lw	a5,-24(s0)
     ff0:	00178793          	addi	a5,a5,1
     ff4:	fef42423          	sw	a5,-24(s0)
C:\Users\Catalina\Documents\Universidad\1-2\FC2\Ensamblador\FC2practicasWS\pr4\Debug/../pr4.c:53
			while ((p1 < ((l + r) / 2) + 1))
     ff8:	fd842703          	lw	a4,-40(s0)
     ffc:	fd442783          	lw	a5,-44(s0)
    1000:	00f707b3          	add	a5,a4,a5
    1004:	01f7d713          	srli	a4,a5,0x1f
    1008:	00f707b3          	add	a5,a4,a5
    100c:	4017d793          	srai	a5,a5,0x1
    1010:	00078713          	mv	a4,a5
    1014:	fe842783          	lw	a5,-24(s0)
    1018:	faf752e3          	bge	a4,a5,fbc <merge+0x158>
    101c:	04c0006f          	j	1068 <merge+0x204>
C:\Users\Catalina\Documents\Universidad\1-2\FC2\Ensamblador\FC2practicasWS\pr4\Debug/../pr4.c:63
		}
		else
		{
			while ((p2 < r + 1))
			{
				b[c++] = a[p2];
    1020:	fe442783          	lw	a5,-28(s0)
    1024:	00279793          	slli	a5,a5,0x2
    1028:	fdc42703          	lw	a4,-36(s0)
    102c:	00f70733          	add	a4,a4,a5
    1030:	fec42783          	lw	a5,-20(s0)
    1034:	00178693          	addi	a3,a5,1
    1038:	fed42623          	sw	a3,-20(s0)
    103c:	00279793          	slli	a5,a5,0x2
    1040:	fe042683          	lw	a3,-32(s0)
    1044:	00f687b3          	add	a5,a3,a5
    1048:	00072703          	lw	a4,0(a4)
    104c:	00e7a023          	sw	a4,0(a5)
C:\Users\Catalina\Documents\Universidad\1-2\FC2\Ensamblador\FC2practicasWS\pr4\Debug/../pr4.c:64
				p2++;
    1050:	fe442783          	lw	a5,-28(s0)
    1054:	00178793          	addi	a5,a5,1
    1058:	fef42223          	sw	a5,-28(s0)
C:\Users\Catalina\Documents\Universidad\1-2\FC2\Ensamblador\FC2practicasWS\pr4\Debug/../pr4.c:61
			while ((p2 < r + 1))
    105c:	fd442703          	lw	a4,-44(s0)
    1060:	fe442783          	lw	a5,-28(s0)
    1064:	faf75ee3          	bge	a4,a5,1020 <merge+0x1bc>
C:\Users\Catalina\Documents\Universidad\1-2\FC2\Ensamblador\FC2practicasWS\pr4\Debug/../pr4.c:68
			}
		}

		for (c = l; c < r + 1; c++) a[c] = b[c];
    1068:	fd842783          	lw	a5,-40(s0)
    106c:	fef42623          	sw	a5,-20(s0)
    1070:	0380006f          	j	10a8 <merge+0x244>
C:\Users\Catalina\Documents\Universidad\1-2\FC2\Ensamblador\FC2practicasWS\pr4\Debug/../pr4.c:68 (discriminator 3)
    1074:	fec42783          	lw	a5,-20(s0)
    1078:	00279793          	slli	a5,a5,0x2
    107c:	fe042703          	lw	a4,-32(s0)
    1080:	00f70733          	add	a4,a4,a5
    1084:	fec42783          	lw	a5,-20(s0)
    1088:	00279793          	slli	a5,a5,0x2
    108c:	fdc42683          	lw	a3,-36(s0)
    1090:	00f687b3          	add	a5,a3,a5
    1094:	00072703          	lw	a4,0(a4)
    1098:	00e7a023          	sw	a4,0(a5)
    109c:	fec42783          	lw	a5,-20(s0)
    10a0:	00178793          	addi	a5,a5,1
    10a4:	fef42623          	sw	a5,-20(s0)
C:\Users\Catalina\Documents\Universidad\1-2\FC2\Ensamblador\FC2practicasWS\pr4\Debug/../pr4.c:68 (discriminator 1)
    10a8:	fd442703          	lw	a4,-44(s0)
    10ac:	fec42783          	lw	a5,-20(s0)
    10b0:	fcf752e3          	bge	a4,a5,1074 <merge+0x210>
C:\Users\Catalina\Documents\Universidad\1-2\FC2\Ensamblador\FC2practicasWS\pr4\Debug/../pr4.c:70

}
    10b4:	00000013          	nop
    10b8:	00000013          	nop
    10bc:	02c12083          	lw	ra,44(sp)
    10c0:	02812403          	lw	s0,40(sp)
    10c4:	03010113          	addi	sp,sp,48
    10c8:	00008067          	ret
