
pr1_lab.elf:     file format elf32-littleriscv
pr1_lab.elf
architecture: riscv:rv32, flags 0x00000112:
EXEC_P, HAS_SYMS, D_PAGED
start address 0x00000000

Program Header:
    LOAD off    0x00001000 vaddr 0x00000000 paddr 0x00000000 align 2**12
         filesz 0x00000044 memsz 0x00000044 flags r-x
    LOAD off    0x00002000 vaddr 0x00010000 paddr 0x00010000 align 2**12
         filesz 0x00000008 memsz 0x0000000c flags rw-

Sections:
Idx Name              Size      VMA       LMA       File off  Algn  Flags
  0 .text             00000044  00000000  00000000  00001000  2**2  CONTENTS, ALLOC, LOAD, READONLY, CODE
  1 .data             00000008  00010000  00010000  00002000  2**0  CONTENTS, ALLOC, LOAD, DATA
  2 .bss              00000004  00010008  00010008  00002008  2**0  ALLOC
  3 .riscv.attributes 0000001f  00000000  00000000  00002008  2**0  CONTENTS, READONLY
  4 .debug_line       0000008d  00000000  00000000  00002027  2**0  CONTENTS, READONLY, DEBUGGING, OCTETS
  5 .debug_info       00000026  00000000  00000000  000020b4  2**0  CONTENTS, READONLY, DEBUGGING, OCTETS
  6 .debug_abbrev     00000014  00000000  00000000  000020da  2**0  CONTENTS, READONLY, DEBUGGING, OCTETS
  7 .debug_aranges    00000020  00000000  00000000  000020f0  2**3  CONTENTS, READONLY, DEBUGGING, OCTETS
  8 .debug_str        00000074  00000000  00000000  00002110  2**0  CONTENTS, READONLY, DEBUGGING, OCTETS
SYMBOL TABLE:
00000000 l    d  .text	00000000 .text
00010000 l    d  .data	00000000 .data
00010008 l    d  .bss	00000000 .bss
00000000 l    d  .riscv.attributes	00000000 .riscv.attributes
00000000 l    d  .debug_line	00000000 .debug_line
00000000 l    d  .debug_info	00000000 .debug_info
00000000 l    d  .debug_abbrev	00000000 .debug_abbrev
00000000 l    d  .debug_aranges	00000000 .debug_aranges
00000000 l    d  .debug_str	00000000 .debug_str
00000000 l    df *ABS*	00000000 ./pr1_lab.o
00010000 l       .data	00000000 a
00010004 l       .data	00000000 b
00010008 l       .bss	00000000 multiplicacion
00000028 l       .text	00000000 for
00000038 l       .text	00000000 end_for
00000040 l       .text	00000000 end
00000000 g       .text	00000000 main



Disassembly of section .text:

00000000 <main>:
main():
C:\Users\Catalina\Documents\Universidad\1-2\FC2\Ensamblador\FC2practicasWS\pr1_lab\Debug/../pr1_lab.asm:33
.bss
	multiplicacion: .space 4

.text
main:
	la t0, a	//	t0 = A
   0:	00010297          	auipc	t0,0x10
   4:	00028293          	mv	t0,t0
C:\Users\Catalina\Documents\Universidad\1-2\FC2\Ensamblador\FC2practicasWS\pr1_lab\Debug/../pr1_lab.asm:34
	lw t4, 0(t0)
   8:	0002ae83          	lw	t4,0(t0) # 10000 <a>
C:\Users\Catalina\Documents\Universidad\1-2\FC2\Ensamblador\FC2practicasWS\pr1_lab\Debug/../pr1_lab.asm:35
	la t1, b	//	t1 = B
   c:	00010317          	auipc	t1,0x10
  10:	ff830313          	addi	t1,t1,-8 # 10004 <b>
C:\Users\Catalina\Documents\Universidad\1-2\FC2\Ensamblador\FC2practicasWS\pr1_lab\Debug/../pr1_lab.asm:36
	lw t5, 0(t1)
  14:	00032f03          	lw	t5,0(t1)
C:\Users\Catalina\Documents\Universidad\1-2\FC2\Ensamblador\FC2practicasWS\pr1_lab\Debug/../pr1_lab.asm:37
	li t2, 0	//	t2 = i
  18:	00000393          	li	t2,0
C:\Users\Catalina\Documents\Universidad\1-2\FC2\Ensamblador\FC2practicasWS\pr1_lab\Debug/../pr1_lab.asm:38
	li t3, 0 	//	t3 = multiplicacion
  1c:	00000e13          	li	t3,0
C:\Users\Catalina\Documents\Universidad\1-2\FC2\Ensamblador\FC2practicasWS\pr1_lab\Debug/../pr1_lab.asm:39
	la t6, multiplicacion
  20:	00010f97          	auipc	t6,0x10
  24:	fe8f8f93          	addi	t6,t6,-24 # 10008 <multiplicacion>

00000028 <for>:
for():
C:\Users\Catalina\Documents\Universidad\1-2\FC2\Ensamblador\FC2practicasWS\pr1_lab\Debug/../pr1_lab.asm:42

for:
	bge t2, t4, end_for		//si condicion contraria saltar al end for
  28:	01d3d863          	bge	t2,t4,38 <end_for>
C:\Users\Catalina\Documents\Universidad\1-2\FC2\Ensamblador\FC2practicasWS\pr1_lab\Debug/../pr1_lab.asm:43
	add t3, t3, t5			//mult+=b
  2c:	01ee0e33          	add	t3,t3,t5
C:\Users\Catalina\Documents\Universidad\1-2\FC2\Ensamblador\FC2practicasWS\pr1_lab\Debug/../pr1_lab.asm:44
	addi t2, t2, 1			// incrementar indice
  30:	00138393          	addi	t2,t2,1
C:\Users\Catalina\Documents\Universidad\1-2\FC2\Ensamblador\FC2practicasWS\pr1_lab\Debug/../pr1_lab.asm:45
	j for
  34:	ff5ff06f          	j	28 <for>

00000038 <end_for>:
end_for():
C:\Users\Catalina\Documents\Universidad\1-2\FC2\Ensamblador\FC2practicasWS\pr1_lab\Debug/../pr1_lab.asm:48

end_for:
	sw t3, 0(t6)
  38:	01cfa023          	sw	t3,0(t6)
C:\Users\Catalina\Documents\Universidad\1-2\FC2\Ensamblador\FC2practicasWS\pr1_lab\Debug/../pr1_lab.asm:49
	j end
  3c:	0040006f          	j	40 <end>

00000040 <end>:
end():
C:\Users\Catalina\Documents\Universidad\1-2\FC2\Ensamblador\FC2practicasWS\pr1_lab\Debug/../pr1_lab.asm:51
end:
	j .
  40:	0000006f          	j	40 <end>
