
pr1_lab.elf:     file format elf32-littleriscv
pr1_lab.elf
architecture: riscv:rv32, flags 0x00000112:
EXEC_P, HAS_SYMS, D_PAGED
start address 0x00000000

Program Header:
    LOAD off    0x00001000 vaddr 0x00000000 paddr 0x00000000 align 2**12
         filesz 0x0000005c memsz 0x0000005c flags r-x
    LOAD off    0x00002000 vaddr 0x00010000 paddr 0x00010000 align 2**12
         filesz 0x00000008 memsz 0x0000000c flags rw-

Sections:
Idx Name              Size      VMA       LMA       File off  Algn  Flags
  0 .text             0000005c  00000000  00000000  00001000  2**2  CONTENTS, ALLOC, LOAD, READONLY, CODE
  1 .data             00000008  00010000  00010000  00002000  2**0  CONTENTS, ALLOC, LOAD, DATA
  2 .bss              00000004  00010008  00010008  00002008  2**0  ALLOC
  3 .riscv.attributes 0000001f  00000000  00000000  00002008  2**0  CONTENTS, READONLY
  4 .debug_line       000000b1  00000000  00000000  00002027  2**0  CONTENTS, READONLY, DEBUGGING, OCTETS
  5 .debug_info       00000026  00000000  00000000  000020d8  2**0  CONTENTS, READONLY, DEBUGGING, OCTETS
  6 .debug_abbrev     00000014  00000000  00000000  000020fe  2**0  CONTENTS, READONLY, DEBUGGING, OCTETS
  7 .debug_aranges    00000020  00000000  00000000  00002118  2**3  CONTENTS, READONLY, DEBUGGING, OCTETS
  8 .debug_str        00000074  00000000  00000000  00002138  2**0  CONTENTS, READONLY, DEBUGGING, OCTETS
SYMBOL TABLE:
00000000 l    d  .text	00000000 .text
00010000 l    d  .data	00000000 .data
00010008 l    d  .bss	00000000 .bss
00000000 l    d  .riscv.attributes	00000000 .riscv.attributes
00000000 l    d  .debug_line	00000000 .debug_line
00000000 l    d  .debug_info	00000000 .debug_info
00000000 l    d  .debug_abbrev	00000000 .debug_abbrev
00000000 l    d  .debug_aranges	00000000 .debug_aranges
00000000 l    d  .debug_str	00000000 .debug_str
00000000 l    df *ABS*	00000000 ./pr1_lab.o
00000007 l       *ABS*	00000000 N
00010000 l       .data	00000000 a
00010004 l       .data	00000000 b
00010008 l       .bss	00000000 res
0000002c l       .text	00000000 for
0000004c l       .text	00000000 end_for
00000034 l       .text	00000000 if
0000003c l       .text	00000000 end_if
00000058 l       .text	00000000 end
00000000 g       .text	00000000 main



Disassembly of section .text:

00000000 <main>:
main():
C:\Users\Catalina\Documents\Universidad\1-2\FC2\Ensamblador\FC2practicasWS\pr1_lab\Debug/../pr1_lab.asm:28
.bss
	res: .space 4

.text
main:
	li t0, -4 //t0=i
   0:	ffc00293          	li	t0,-4
C:\Users\Catalina\Documents\Universidad\1-2\FC2\Ensamblador\FC2practicasWS\pr1_lab\Debug/../pr1_lab.asm:29
	li t1, 0 //res=t1
   4:	00000313          	li	t1,0
C:\Users\Catalina\Documents\Universidad\1-2\FC2\Ensamblador\FC2practicasWS\pr1_lab\Debug/../pr1_lab.asm:30
	li t2, 2
   8:	00200393          	li	t2,2
C:\Users\Catalina\Documents\Universidad\1-2\FC2\Ensamblador\FC2practicasWS\pr1_lab\Debug/../pr1_lab.asm:31
	la t3, a
   c:	00010e17          	auipc	t3,0x10
  10:	ff4e0e13          	addi	t3,t3,-12 # 10000 <a>
C:\Users\Catalina\Documents\Universidad\1-2\FC2\Ensamblador\FC2practicasWS\pr1_lab\Debug/../pr1_lab.asm:32
	la t4, b
  14:	00010e97          	auipc	t4,0x10
  18:	ff0e8e93          	addi	t4,t4,-16 # 10004 <b>
C:\Users\Catalina\Documents\Universidad\1-2\FC2\Ensamblador\FC2practicasWS\pr1_lab\Debug/../pr1_lab.asm:33
	lw t3, 0(t3) //t3=a
  1c:	000e2e03          	lw	t3,0(t3)
C:\Users\Catalina\Documents\Universidad\1-2\FC2\Ensamblador\FC2practicasWS\pr1_lab\Debug/../pr1_lab.asm:34
	lw t4, 0(t4) //t4=b
  20:	000eae83          	lw	t4,0(t4)
C:\Users\Catalina\Documents\Universidad\1-2\FC2\Ensamblador\FC2practicasWS\pr1_lab\Debug/../pr1_lab.asm:35
	li t5, N //t5=N
  24:	00700f13          	li	t5,7
C:\Users\Catalina\Documents\Universidad\1-2\FC2\Ensamblador\FC2practicasWS\pr1_lab\Debug/../pr1_lab.asm:36
	li t6, 0 //t6 = abs(i)
  28:	00000f93          	li	t6,0

0000002c <for>:
for():
C:\Users\Catalina\Documents\Universidad\1-2\FC2\Ensamblador\FC2practicasWS\pr1_lab\Debug/../pr1_lab.asm:38
for:
	bge t0, t5, end_for
  2c:	03e2d063          	bge	t0,t5,4c <end_for>
C:\Users\Catalina\Documents\Universidad\1-2\FC2\Ensamblador\FC2practicasWS\pr1_lab\Debug/../pr1_lab.asm:39
	add t6, t0, x0
  30:	00028fb3          	add	t6,t0,zero

00000034 <if>:
if():
C:\Users\Catalina\Documents\Universidad\1-2\FC2\Ensamblador\FC2practicasWS\pr1_lab\Debug/../pr1_lab.asm:41
	if:
	bge t0, x0,end_if
  34:	0002d463          	bgez	t0,3c <end_if>
C:\Users\Catalina\Documents\Universidad\1-2\FC2\Ensamblador\FC2practicasWS\pr1_lab\Debug/../pr1_lab.asm:42
		sub t6, zero, t6
  38:	41f00fb3          	neg	t6,t6

0000003c <end_if>:
end_if():
C:\Users\Catalina\Documents\Universidad\1-2\FC2\Ensamblador\FC2practicasWS\pr1_lab\Debug/../pr1_lab.asm:44
	end_if:
	mul t6, t6, t2
  3c:	027f8fb3          	mul	t6,t6,t2
C:\Users\Catalina\Documents\Universidad\1-2\FC2\Ensamblador\FC2practicasWS\pr1_lab\Debug/../pr1_lab.asm:45
	add t1, t1, t6
  40:	01f30333          	add	t1,t1,t6
C:\Users\Catalina\Documents\Universidad\1-2\FC2\Ensamblador\FC2practicasWS\pr1_lab\Debug/../pr1_lab.asm:46
	addi t0,t0, 1
  44:	00128293          	addi	t0,t0,1
C:\Users\Catalina\Documents\Universidad\1-2\FC2\Ensamblador\FC2practicasWS\pr1_lab\Debug/../pr1_lab.asm:47
	j for
  48:	fe5ff06f          	j	2c <for>

0000004c <end_for>:
end_for():
C:\Users\Catalina\Documents\Universidad\1-2\FC2\Ensamblador\FC2practicasWS\pr1_lab\Debug/../pr1_lab.asm:49
end_for:
	la t2, res
  4c:	00010397          	auipc	t2,0x10
  50:	fbc38393          	addi	t2,t2,-68 # 10008 <res>
C:\Users\Catalina\Documents\Universidad\1-2\FC2\Ensamblador\FC2practicasWS\pr1_lab\Debug/../pr1_lab.asm:50
	sw t1, 0(t2)
  54:	0063a023          	sw	t1,0(t2)

00000058 <end>:
end():
C:\Users\Catalina\Documents\Universidad\1-2\FC2\Ensamblador\FC2practicasWS\pr1_lab\Debug/../pr1_lab.asm:52
end:
	j end
  58:	0000006f          	j	58 <end>
