
ej11.elf:     file format elf32-littleriscv
ej11.elf
architecture: riscv:rv32, flags 0x00000112:
EXEC_P, HAS_SYMS, D_PAGED
start address 0x00000000

Program Header:
    LOAD off    0x00001000 vaddr 0x00000000 paddr 0x00000000 align 2**12
         filesz 0x00000060 memsz 0x00000060 flags r-x
    LOAD off    0x00000000 vaddr 0x00010000 paddr 0x00010000 align 2**12
         filesz 0x00000000 memsz 0x00000030 flags rw-

Sections:
Idx Name              Size      VMA       LMA       File off  Algn  Flags
  0 .text             00000060  00000000  00000000  00001000  2**2  CONTENTS, ALLOC, LOAD, READONLY, CODE
  1 .bss              00000030  00010000  00010000  00002000  2**0  ALLOC
  2 .riscv.attributes 0000001f  00000000  00000000  00001060  2**0  CONTENTS, READONLY
  3 .debug_line       000000c0  00000000  00000000  0000107f  2**0  CONTENTS, READONLY, DEBUGGING, OCTETS
  4 .debug_info       00000026  00000000  00000000  0000113f  2**0  CONTENTS, READONLY, DEBUGGING, OCTETS
  5 .debug_abbrev     00000014  00000000  00000000  00001165  2**0  CONTENTS, READONLY, DEBUGGING, OCTETS
  6 .debug_aranges    00000020  00000000  00000000  00001180  2**3  CONTENTS, READONLY, DEBUGGING, OCTETS
  7 .debug_str        0000006e  00000000  00000000  000011a0  2**0  CONTENTS, READONLY, DEBUGGING, OCTETS
SYMBOL TABLE:
00000000 l    d  .text	00000000 .text
00010000 l    d  .bss	00000000 .bss
00000000 l    d  .riscv.attributes	00000000 .riscv.attributes
00000000 l    d  .debug_line	00000000 .debug_line
00000000 l    d  .debug_info	00000000 .debug_info
00000000 l    d  .debug_abbrev	00000000 .debug_abbrev
00000000 l    d  .debug_aranges	00000000 .debug_aranges
00000000 l    d  .debug_str	00000000 .debug_str
00000000 l    df *ABS*	00000000 ./ej11.o
0000000c l       *ABS*	00000000 n
00010000 l       .bss	00000000 v
00000030 l       .text	00000000 for
0000005c l       .text	00000000 fin
00000000 g       .text	00000000 main



Disassembly of section .text:

00000000 <main>:
main():
C:\Users\Catalina\Documents\Universidad\1-2\FC2\Ensamblador\FC2problemasWS\ej11\Debug/../ej11.asm:30
.equ n,12
.bss
v:  .space 48
.text
main:
    la   t1,v       # t1=@base de v
   0:	00010317          	auipc	t1,0x10
   4:	00030313          	mv	t1,t1
C:\Users\Catalina\Documents\Universidad\1-2\FC2\Ensamblador\FC2problemasWS\ej11\Debug/../ej11.asm:31
    mv   t0,zero
   8:	00000293          	li	t0,0
C:\Users\Catalina\Documents\Universidad\1-2\FC2\Ensamblador\FC2problemasWS\ej11\Debug/../ej11.asm:32
    sw   t0,0(t1)   # V[0] = 0
   c:	00532023          	sw	t0,0(t1) # 10000 <v>
C:\Users\Catalina\Documents\Universidad\1-2\FC2\Ensamblador\FC2problemasWS\ej11\Debug/../ej11.asm:33
    addi t0,t0,1    # i=1
  10:	00128293          	addi	t0,t0,1
C:\Users\Catalina\Documents\Universidad\1-2\FC2\Ensamblador\FC2problemasWS\ej11\Debug/../ej11.asm:34
    slli t0,t0,2    # i*4
  14:	00229293          	slli	t0,t0,0x2
C:\Users\Catalina\Documents\Universidad\1-2\FC2\Ensamblador\FC2problemasWS\ej11\Debug/../ej11.asm:35
    add  t0, t0,t1  # t0=@efectiva de i=1
  18:	006282b3          	add	t0,t0,t1
C:\Users\Catalina\Documents\Universidad\1-2\FC2\Ensamblador\FC2problemasWS\ej11\Debug/../ej11.asm:36
    addi t2,zero,1  # t2=1
  1c:	00100393          	li	t2,1
C:\Users\Catalina\Documents\Universidad\1-2\FC2\Ensamblador\FC2problemasWS\ej11\Debug/../ej11.asm:37
    sw   t2,0(t0)   # v[1]=1
  20:	0072a023          	sw	t2,0(t0)
C:\Users\Catalina\Documents\Universidad\1-2\FC2\Ensamblador\FC2problemasWS\ej11\Debug/../ej11.asm:38
    mv   t0,zero    # i=0
  24:	00000293          	li	t0,0
C:\Users\Catalina\Documents\Universidad\1-2\FC2\Ensamblador\FC2problemasWS\ej11\Debug/../ej11.asm:39
    li   t3,n
  28:	00c00e13          	li	t3,12
C:\Users\Catalina\Documents\Universidad\1-2\FC2\Ensamblador\FC2problemasWS\ej11\Debug/../ej11.asm:40
    add  t3,t3,-2   # t3=N-2 luego t3=10
  2c:	ffee0e13          	addi	t3,t3,-2

00000030 <for>:
for():
C:\Users\Catalina\Documents\Universidad\1-2\FC2\Ensamblador\FC2problemasWS\ej11\Debug/../ej11.asm:42
for:
    bge  t0,t3,fin
  30:	03c2d663          	bge	t0,t3,5c <fin>
C:\Users\Catalina\Documents\Universidad\1-2\FC2\Ensamblador\FC2problemasWS\ej11\Debug/../ej11.asm:43
    slli t2,t0,2    # i*4
  34:	00229393          	slli	t2,t0,0x2
C:\Users\Catalina\Documents\Universidad\1-2\FC2\Ensamblador\FC2problemasWS\ej11\Debug/../ej11.asm:44
    add  t4,t1,t2
  38:	00730eb3          	add	t4,t1,t2
C:\Users\Catalina\Documents\Universidad\1-2\FC2\Ensamblador\FC2problemasWS\ej11\Debug/../ej11.asm:45
    lw   t5,0(t4)
  3c:	000eaf03          	lw	t5,0(t4)
C:\Users\Catalina\Documents\Universidad\1-2\FC2\Ensamblador\FC2problemasWS\ej11\Debug/../ej11.asm:46
    addi t4,t4,4
  40:	004e8e93          	addi	t4,t4,4
C:\Users\Catalina\Documents\Universidad\1-2\FC2\Ensamblador\FC2problemasWS\ej11\Debug/../ej11.asm:47
    lw   t6,0(t4)
  44:	000eaf83          	lw	t6,0(t4)
C:\Users\Catalina\Documents\Universidad\1-2\FC2\Ensamblador\FC2problemasWS\ej11\Debug/../ej11.asm:48
    add  t6,t6,t5
  48:	01ef8fb3          	add	t6,t6,t5
C:\Users\Catalina\Documents\Universidad\1-2\FC2\Ensamblador\FC2problemasWS\ej11\Debug/../ej11.asm:49
    addi t4,t4,4
  4c:	004e8e93          	addi	t4,t4,4
C:\Users\Catalina\Documents\Universidad\1-2\FC2\Ensamblador\FC2problemasWS\ej11\Debug/../ej11.asm:50
    sw   t6,0(t4)
  50:	01fea023          	sw	t6,0(t4)
C:\Users\Catalina\Documents\Universidad\1-2\FC2\Ensamblador\FC2problemasWS\ej11\Debug/../ej11.asm:51
    addi t0,t0,1
  54:	00128293          	addi	t0,t0,1
C:\Users\Catalina\Documents\Universidad\1-2\FC2\Ensamblador\FC2problemasWS\ej11\Debug/../ej11.asm:52
    j   for
  58:	fd9ff06f          	j	30 <for>

0000005c <fin>:
fin():
C:\Users\Catalina\Documents\Universidad\1-2\FC2\Ensamblador\FC2problemasWS\ej11\Debug/../ej11.asm:54
fin:
    j .
  5c:	0000006f          	j	5c <fin>
