Copyright 1986-2022 Xilinx, Inc. All Rights Reserved. Copyright 2022-2023 Advanced Micro Devices, Inc. All Rights Reserved.
---------------------------------------------------------------------------------------------------------------------------------------------
| Tool Version : Vivado v.2023.1 (win64) Build 3865809 Sun May  7 15:05:29 MDT 2023
| Date         : Sun Oct  8 23:18:16 2023
| Host         : LAPTOP-4M9TT6CT running 64-bit major release  (build 9200)
| Command      : report_control_sets -verbose -file sintesis_cerrojo_control_sets_placed.rpt
| Design       : sintesis_cerrojo
| Device       : xc7a35t
---------------------------------------------------------------------------------------------------------------------------------------------

Control Set Information

Table of Contents
-----------------
1. Summary
2. Histogram
3. Flip-Flop Distribution
4. Detailed Control Set Information

1. Summary
----------

+----------------------------------------------------------+-------+
|                          Status                          | Count |
+----------------------------------------------------------+-------+
| Total control sets                                       |     5 |
|    Minimum number of control sets                        |     5 |
|    Addition due to synthesis replication                 |     0 |
|    Addition due to physical synthesis replication        |     0 |
| Unused register locations in slices containing registers |    16 |
+----------------------------------------------------------+-------+
* Control sets can be merged at opt_design using control_set_merge or merge_equivalent_drivers
** Run report_qor_suggestions for automated merging and remapping suggestions


2. Histogram
------------

+--------------------+-------+
|       Fanout       | Count |
+--------------------+-------+
| Total control sets |     5 |
| >= 0 to < 4        |     0 |
| >= 4 to < 6        |     3 |
| >= 6 to < 8        |     0 |
| >= 8 to < 10       |     1 |
| >= 10 to < 12      |     0 |
| >= 12 to < 14      |     0 |
| >= 14 to < 16      |     0 |
| >= 16              |     1 |
+--------------------+-------+
* Control sets can be remapped at either synth_design or opt_design


3. Flip-Flop Distribution
-------------------------

+--------------+-----------------------+------------------------+-----------------+--------------+
| Clock Enable | Synchronous Set/Reset | Asynchronous Set/Reset | Total Registers | Total Slices |
+--------------+-----------------------+------------------------+-----------------+--------------+
| No           | No                    | No                     |              12 |            3 |
| No           | No                    | Yes                    |               4 |            1 |
| No           | Yes                   | No                     |               0 |            0 |
| Yes          | No                    | No                     |               0 |            0 |
| Yes          | No                    | Yes                    |              24 |            6 |
| Yes          | Yes                   | No                     |               0 |            0 |
+--------------+-----------------------+------------------------+-----------------+--------------+


4. Detailed Control Set Information
-----------------------------------

+-----------------------------+---------------------------------------------------------------+------------------+------------------+----------------+--------------+
|         Clock Signal        |                         Enable Signal                         | Set/Reset Signal | Slice Load Count | Bel Load Count | Bels / Slice |
+-----------------------------+---------------------------------------------------------------+------------------+------------------+----------------+--------------+
|  cerrojoInstance/SIG_ESTADO |                                                               |                  |                1 |              4 |         4.00 |
|  clk_IBUF_BUFG              |                                                               | rst_IBUF         |                1 |              4 |         4.00 |
|  clk_IBUF_BUFG              | debouncerInstance/FSM_sequential_controller.state_reg[0]_0[0] | rst_IBUF         |                1 |              4 |         4.00 |
|  debouncerInstance/E[0]     |                                                               |                  |                2 |              8 |         4.00 |
|  clk_IBUF_BUFG              | debouncerInstance/timer.count[0]_i_1_n_0                      | rst_IBUF         |                5 |             20 |         4.00 |
+-----------------------------+---------------------------------------------------------------+------------------+------------------+----------------+--------------+


