
ej09.elf:     file format elf32-littleriscv
ej09.elf
architecture: riscv:rv32, flags 0x00000112:
EXEC_P, HAS_SYMS, D_PAGED
start address 0x00000000

Program Header:
    LOAD off    0x00001000 vaddr 0x00000000 paddr 0x00000000 align 2**12
         filesz 0x00000034 memsz 0x00000034 flags r-x
    LOAD off    0x00002000 vaddr 0x00010000 paddr 0x00010000 align 2**12
         filesz 0x00000028 memsz 0x00000028 flags rw-

Sections:
Idx Name              Size      VMA       LMA       File off  Algn  Flags
  0 .text             00000034  00000000  00000000  00001000  2**2  CONTENTS, ALLOC, LOAD, READONLY, CODE
  1 .data             00000028  00010000  00010000  00002000  2**0  CONTENTS, ALLOC, LOAD, DATA
  2 .riscv.attributes 0000001f  00000000  00000000  00002028  2**0  CONTENTS, READONLY
  3 .debug_line       0000007e  00000000  00000000  00002047  2**0  CONTENTS, READONLY, DEBUGGING, OCTETS
  4 .debug_info       00000026  00000000  00000000  000020c5  2**0  CONTENTS, READONLY, DEBUGGING, OCTETS
  5 .debug_abbrev     00000014  00000000  00000000  000020eb  2**0  CONTENTS, READONLY, DEBUGGING, OCTETS
  6 .debug_aranges    00000020  00000000  00000000  00002100  2**3  CONTENTS, READONLY, DEBUGGING, OCTETS
  7 .debug_str        00000069  00000000  00000000  00002120  2**0  CONTENTS, READONLY, DEBUGGING, OCTETS
SYMBOL TABLE:
00000000 l    d  .text	00000000 .text
00010000 l    d  .data	00000000 .data
00000000 l    d  .riscv.attributes	00000000 .riscv.attributes
00000000 l    d  .debug_line	00000000 .debug_line
00000000 l    d  .debug_info	00000000 .debug_info
00000000 l    d  .debug_abbrev	00000000 .debug_abbrev
00000000 l    d  .debug_aranges	00000000 .debug_aranges
00000000 l    d  .debug_str	00000000 .debug_str
00000000 l    df *ABS*	00000000 ./ej09.o
0000000a l       *ABS*	00000000 n
00010000 l       .data	00000000 v
00000008 l       .text	00000000 for
00000030 l       .text	00000000 fin
00000000 g       .text	00000000 main



Disassembly of section .text:

00000000 <main>:
main():
C:\Users\Catalina\Documents\Universidad\1-2\FC2\Ensamblador\Problemas\ej09\Debug/../ej09.asm:29
.data
v:  .word 12,1,-2,15,-8,4,-31,8,8,25

.text
main:
    li   s1,n       # s1=n
   0:	00a00493          	li	s1,10
C:\Users\Catalina\Documents\Universidad\1-2\FC2\Ensamblador\Problemas\ej09\Debug/../ej09.asm:30
    mv   s2, zero   # s2 es i
   4:	00000913          	li	s2,0

00000008 <for>:
for():
C:\Users\Catalina\Documents\Universidad\1-2\FC2\Ensamblador\Problemas\ej09\Debug/../ej09.asm:32
for:
    beq  s2,s1, fin
   8:	02990463          	beq	s2,s1,30 <fin>
C:\Users\Catalina\Documents\Universidad\1-2\FC2\Ensamblador\Problemas\ej09\Debug/../ej09.asm:33
    la   t1,v       # t1=@base de v
   c:	00010317          	auipc	t1,0x10
  10:	ff430313          	addi	t1,t1,-12 # 10000 <v>
C:\Users\Catalina\Documents\Universidad\1-2\FC2\Ensamblador\Problemas\ej09\Debug/../ej09.asm:34
    slli t3,s2,2    # i*4
  14:	00291e13          	slli	t3,s2,0x2
C:\Users\Catalina\Documents\Universidad\1-2\FC2\Ensamblador\Problemas\ej09\Debug/../ej09.asm:35
    add  t2,t1,t3   # t2=@efectiva de v[i]
  18:	01c303b3          	add	t2,t1,t3
C:\Users\Catalina\Documents\Universidad\1-2\FC2\Ensamblador\Problemas\ej09\Debug/../ej09.asm:36
    lw   s3,0(t2)
  1c:	0003a983          	lw	s3,0(t2)
C:\Users\Catalina\Documents\Universidad\1-2\FC2\Ensamblador\Problemas\ej09\Debug/../ej09.asm:37
    addi s3,s3,1
  20:	00198993          	addi	s3,s3,1
C:\Users\Catalina\Documents\Universidad\1-2\FC2\Ensamblador\Problemas\ej09\Debug/../ej09.asm:38
    sw   s3,0(t2)
  24:	0133a023          	sw	s3,0(t2)
C:\Users\Catalina\Documents\Universidad\1-2\FC2\Ensamblador\Problemas\ej09\Debug/../ej09.asm:39
    addi s2,s2,1    # i=i+1
  28:	00190913          	addi	s2,s2,1
C:\Users\Catalina\Documents\Universidad\1-2\FC2\Ensamblador\Problemas\ej09\Debug/../ej09.asm:40
    j    for
  2c:	fddff06f          	j	8 <for>

00000030 <fin>:
fin():
C:\Users\Catalina\Documents\Universidad\1-2\FC2\Ensamblador\Problemas\ej09\Debug/../ej09.asm:42
fin:
    j .
  30:	0000006f          	j	30 <fin>
