
ej02.elf:     file format elf32-littleriscv
ej02.elf
architecture: riscv:rv32, flags 0x00000112:
EXEC_P, HAS_SYMS, D_PAGED
start address 0x00000000

Program Header:
    LOAD off    0x00001000 vaddr 0x00000000 paddr 0x00000000 align 2**12
         filesz 0x00000030 memsz 0x00000030 flags r-x
    LOAD off    0x00002000 vaddr 0x00010000 paddr 0x00010000 align 2**12
         filesz 0x00000008 memsz 0x00000008 flags rw-

Sections:
Idx Name              Size      VMA       LMA       File off  Algn  Flags
  0 .text             00000030  00000000  00000000  00001000  2**2  CONTENTS, ALLOC, LOAD, READONLY, CODE
  1 .data             00000008  00010000  00010000  00002000  2**0  CONTENTS, ALLOC, LOAD, DATA
  2 .riscv.attributes 0000001f  00000000  00000000  00002008  2**0  CONTENTS, READONLY
  3 .debug_line       00000072  00000000  00000000  00002027  2**0  CONTENTS, READONLY, DEBUGGING, OCTETS
  4 .debug_info       00000026  00000000  00000000  00002099  2**0  CONTENTS, READONLY, DEBUGGING, OCTETS
  5 .debug_abbrev     00000014  00000000  00000000  000020bf  2**0  CONTENTS, READONLY, DEBUGGING, OCTETS
  6 .debug_aranges    00000020  00000000  00000000  000020d8  2**3  CONTENTS, READONLY, DEBUGGING, OCTETS
  7 .debug_str        0000008a  00000000  00000000  000020f8  2**0  CONTENTS, READONLY, DEBUGGING, OCTETS
SYMBOL TABLE:
00000000 l    d  .text	00000000 .text
00010000 l    d  .data	00000000 .data
00000000 l    d  .riscv.attributes	00000000 .riscv.attributes
00000000 l    d  .debug_line	00000000 .debug_line
00000000 l    d  .debug_info	00000000 .debug_info
00000000 l    d  .debug_abbrev	00000000 .debug_abbrev
00000000 l    d  .debug_aranges	00000000 .debug_aranges
00000000 l    d  .debug_str	00000000 .debug_str
00000000 l    df *ABS*	00000000 ./ej02.o
00010000 l       .data	00000000 x
00010004 l       .data	00000000 y
0000002c l       .text	00000000 fin
00000000 g       .text	00000000 main



Disassembly of section .text:

00000000 <main>:
main():
C:\Users\Catalina\Documents\Universidad\1-2\FC2\Ensamblador\FC2problemasWS.zip_expanded\FC2problemasWS\ej02\Debug/../ej02.asm:28
x:  .word 10        	# declara una variable 32 bits de valor 10
y:  .word 5

	.text               # sección de instrucciones
main:
    la   t0,x       	# pseudo instrucción t0=@x
   0:	00010297          	auipc	t0,0x10
   4:	00028293          	mv	t0,t0
C:\Users\Catalina\Documents\Universidad\1-2\FC2\Ensamblador\FC2problemasWS.zip_expanded\FC2problemasWS\ej02\Debug/../ej02.asm:29
    la   t1,y       	# pseudo instrucción t1=@y
   8:	00010317          	auipc	t1,0x10
   c:	ffc30313          	addi	t1,t1,-4 # 10004 <y>
C:\Users\Catalina\Documents\Universidad\1-2\FC2\Ensamblador\FC2problemasWS.zip_expanded\FC2problemasWS\ej02\Debug/../ej02.asm:30
    lw   s1,0(t0)   	# s1 = 10
  10:	0002a483          	lw	s1,0(t0) # 10000 <x>
C:\Users\Catalina\Documents\Universidad\1-2\FC2\Ensamblador\FC2problemasWS.zip_expanded\FC2problemasWS\ej02\Debug/../ej02.asm:31
    lw   s2,0(t1)   	# s2=5
  14:	00032903          	lw	s2,0(t1)
C:\Users\Catalina\Documents\Universidad\1-2\FC2\Ensamblador\FC2problemasWS.zip_expanded\FC2problemasWS\ej02\Debug/../ej02.asm:32
    blt  s1,s2, fin 	# condición inversa  s1<s2
  18:	0124ca63          	blt	s1,s2,2c <fin>
C:\Users\Catalina\Documents\Universidad\1-2\FC2\Ensamblador\FC2problemasWS.zip_expanded\FC2problemasWS\ej02\Debug/../ej02.asm:33
    addi s1,s1,2    	# x=x+2
  1c:	00248493          	addi	s1,s1,2
C:\Users\Catalina\Documents\Universidad\1-2\FC2\Ensamblador\FC2problemasWS.zip_expanded\FC2problemasWS\ej02\Debug/../ej02.asm:34
    addi s2,s2,-2   	# y=y-2
  20:	ffe90913          	addi	s2,s2,-2
C:\Users\Catalina\Documents\Universidad\1-2\FC2\Ensamblador\FC2problemasWS.zip_expanded\FC2problemasWS\ej02\Debug/../ej02.asm:35
    sw   s1,0(t0)
  24:	0092a023          	sw	s1,0(t0)
C:\Users\Catalina\Documents\Universidad\1-2\FC2\Ensamblador\FC2problemasWS.zip_expanded\FC2problemasWS\ej02\Debug/../ej02.asm:36
    sw   s2,0(t1)
  28:	01232023          	sw	s2,0(t1)

0000002c <fin>:
fin():
C:\Users\Catalina\Documents\Universidad\1-2\FC2\Ensamblador\FC2problemasWS.zip_expanded\FC2problemasWS\ej02\Debug/../ej02.asm:38
fin:
    j .             	# última instrucción que se ejecuta
  2c:	0000006f          	j	2c <fin>
