14:54:52 **** Build of configuration Debug for project lab11 ****
cs-make all 
'Building file: ../bootloader.asm'
'Invoking: ARM Sourcery Windows GCC Assembler'
arm-none-eabi-gcc -x assembler-with-cpp -I"..\..\BSP\include" -Wall -Wa,-adhlns="bootloader.o.lst" -c -fmessage-length=0 -MMD -MP -MF"bootloader.d" -MT"bootloader.d" -mcpu=arm7tdmi -g3 -gdwarf-2 -o "bootloader.o" "../bootloader.asm"
'Finished building: ../bootloader.asm'
' '
'Building file: ../lab11.c'
'Invoking: ARM Sourcery Windows GCC C Compiler'
arm-none-eabi-gcc -I"..\..\BSP\include" -O0 -Wall -Wa,-adhlns="lab11.o.lst" -c -fmessage-length=0 -mapcs-frame -MMD -MP -MF"lab11.d" -MT"lab11.d" -mcpu=arm7tdmi -g3 -gdwarf-2 -o "lab11.o" "../lab11.c"
../lab11.c:27:6: warning: return type of 'main' is not 'int'
'Finished building: ../lab11.c'
' '
'Building target: lab11.elf'
'Invoking: ARM Sourcery Windows GCC C Linker'
arm-none-eabi-gcc -T"../lab11.ld" -nostartfiles -L../../BSP/Debug -Wl,-Map,lab11.map -mcpu=arm7tdmi -g3 -gdwarf-2 -o "lab11.elf"  ./bootloader.o ./lab11.o   -lBSP
./lab11.o: In function `main':
C:\Users\Catalina\Documents\Universidad\3-1\PSyD\PSyD\labs\lab11\Debug/../lab11.c:31: undefined reference to `sys_init'
C:\Users\Catalina\Documents\Universidad\3-1\PSyD\PSyD\labs\lab11\Debug/../lab11.c:33: undefined reference to `rtc_init'
C:\Users\Catalina\Documents\Universidad\3-1\PSyD\PSyD\labs\lab11\Debug/../lab11.c:37: undefined reference to `rtc_gettime'
C:\Users\Catalina\Documents\Universidad\3-1\PSyD\PSyD\labs\lab11\Debug/../lab11.c:69: undefined reference to `rtc_puttime'
C:\Users\Catalina\Documents\Universidad\3-1\PSyD\PSyD\labs\lab11\Debug/../lab11.c:74: undefined reference to `rtc_open'
C:\Users\Catalina\Documents\Universidad\3-1\PSyD\PSyD\labs\lab11\Debug/../lab11.c:83: undefined reference to `rtc_gettime'
collect2: ld returned 1 exit status
cs-make: *** [lab11.elf] Error 1

14:54:53 Build Finished (took 1s.509ms)

