
ej15.elf:     file format elf32-littleriscv
ej15.elf
architecture: riscv:rv32, flags 0x00000112:
EXEC_P, HAS_SYMS, D_PAGED
start address 0x00000000

Program Header:
    LOAD off    0x00001000 vaddr 0x00000000 paddr 0x00000000 align 2**12
         filesz 0x0000004c memsz 0x0000004c flags r-x
    LOAD off    0x00002000 vaddr 0x00010000 paddr 0x00010000 align 2**12
         filesz 0x00000008 memsz 0x00000008 flags rw-

Sections:
Idx Name              Size      VMA       LMA       File off  Algn  Flags
  0 .text             0000004c  00000000  00000000  00001000  2**2  CONTENTS, ALLOC, LOAD, READONLY, CODE
  1 .data             00000008  00010000  00010000  00002000  2**0  CONTENTS, ALLOC, LOAD, DATA
  2 .riscv.attributes 0000001f  00000000  00000000  00002008  2**0  CONTENTS, READONLY
  3 .debug_line       00000096  00000000  00000000  00002027  2**0  CONTENTS, READONLY, DEBUGGING, OCTETS
  4 .debug_info       00000026  00000000  00000000  000020bd  2**0  CONTENTS, READONLY, DEBUGGING, OCTETS
  5 .debug_abbrev     00000014  00000000  00000000  000020e3  2**0  CONTENTS, READONLY, DEBUGGING, OCTETS
  6 .debug_aranges    00000020  00000000  00000000  000020f8  2**3  CONTENTS, READONLY, DEBUGGING, OCTETS
  7 .debug_str        0000006e  00000000  00000000  00002118  2**0  CONTENTS, READONLY, DEBUGGING, OCTETS
SYMBOL TABLE:
00000000 l    d  .text	00000000 .text
00010000 l    d  .data	00000000 .data
00000000 l    d  .riscv.attributes	00000000 .riscv.attributes
00000000 l    d  .debug_line	00000000 .debug_line
00000000 l    d  .debug_info	00000000 .debug_info
00000000 l    d  .debug_abbrev	00000000 .debug_abbrev
00000000 l    d  .debug_aranges	00000000 .debug_aranges
00000000 l    d  .debug_str	00000000 .debug_str
00000000 l    df *ABS*	00000000 ./ej15.o
00010000 l       .data	00000000 a
00010004 l       .data	00000000 b
00000020 l       .text	00000000 swamp
0000001c l       .text	00000000 fin
00000000 g       .text	00000000 main
00020000 g       *ABS*	00000000 _stack



Disassembly of section .text:

00000000 <main>:
main():
C:\Users\Catalina\Documents\Universidad\1-2\FC2\Ensamblador\FC2problemasWS\ej15\Debug/../ej15.asm:23
a:  .word 10
b:  .word 15

.text
main:
    la sp,_stack    # iniciación de la pila
   0:	00020117          	auipc	sp,0x20
   4:	00010113          	mv	sp,sp
C:\Users\Catalina\Documents\Universidad\1-2\FC2\Ensamblador\FC2problemasWS\ej15\Debug/../ej15.asm:24
    la a0,a         # paso de parámetros
   8:	00010517          	auipc	a0,0x10
   c:	ff850513          	addi	a0,a0,-8 # 10000 <a>
C:\Users\Catalina\Documents\Universidad\1-2\FC2\Ensamblador\FC2problemasWS\ej15\Debug/../ej15.asm:25
    la a1,b
  10:	00010597          	auipc	a1,0x10
  14:	ff458593          	addi	a1,a1,-12 # 10004 <b>
C:\Users\Catalina\Documents\Universidad\1-2\FC2\Ensamblador\FC2problemasWS\ej15\Debug/../ej15.asm:26
    jal swamp       # jal=call, salto a subrutina
  18:	008000ef          	jal	ra,20 <swamp>

0000001c <fin>:
fin():
C:\Users\Catalina\Documents\Universidad\1-2\FC2\Ensamblador\FC2problemasWS\ej15\Debug/../ej15.asm:28
fin:
    j .
  1c:	0000006f          	j	1c <fin>

00000020 <swamp>:
swamp():
C:\Users\Catalina\Documents\Universidad\1-2\FC2\Ensamblador\FC2problemasWS\ej15\Debug/../ej15.asm:32

swamp:
    #prologo
    addi sp,sp,-8   # es sr hoja, no hay que guardar el
  20:	ff810113          	addi	sp,sp,-8 # 1fff8 <b+0xfff4>
C:\Users\Catalina\Documents\Universidad\1-2\FC2\Ensamblador\FC2problemasWS\ej15\Debug/../ej15.asm:36
                    # registro de retorno ra

    #cuerpo
    sw s1,0(sp)
  24:	00912023          	sw	s1,0(sp)
C:\Users\Catalina\Documents\Universidad\1-2\FC2\Ensamblador\FC2problemasWS\ej15\Debug/../ej15.asm:37
    sw s2,4(sp)
  28:	01212223          	sw	s2,4(sp)
C:\Users\Catalina\Documents\Universidad\1-2\FC2\Ensamblador\FC2problemasWS\ej15\Debug/../ej15.asm:38
    lw s1,0(a0)
  2c:	00052483          	lw	s1,0(a0)
C:\Users\Catalina\Documents\Universidad\1-2\FC2\Ensamblador\FC2problemasWS\ej15\Debug/../ej15.asm:39
    lw s2,0(a1)
  30:	0005a903          	lw	s2,0(a1)
C:\Users\Catalina\Documents\Universidad\1-2\FC2\Ensamblador\FC2problemasWS\ej15\Debug/../ej15.asm:40
    sw s1,0(a1)
  34:	0095a023          	sw	s1,0(a1)
C:\Users\Catalina\Documents\Universidad\1-2\FC2\Ensamblador\FC2problemasWS\ej15\Debug/../ej15.asm:41
    sw s2,0(a0)
  38:	01252023          	sw	s2,0(a0)
C:\Users\Catalina\Documents\Universidad\1-2\FC2\Ensamblador\FC2problemasWS\ej15\Debug/../ej15.asm:44

    #epilogo
    lw s1,0(sp)
  3c:	00012483          	lw	s1,0(sp)
C:\Users\Catalina\Documents\Universidad\1-2\FC2\Ensamblador\FC2problemasWS\ej15\Debug/../ej15.asm:45
    lw s2,4(sp)
  40:	00412903          	lw	s2,4(sp)
C:\Users\Catalina\Documents\Universidad\1-2\FC2\Ensamblador\FC2problemasWS\ej15\Debug/../ej15.asm:46
    addi sp,sp,8
  44:	00810113          	addi	sp,sp,8
C:\Users\Catalina\Documents\Universidad\1-2\FC2\Ensamblador\FC2problemasWS\ej15\Debug/../ej15.asm:47
    jr ra           # también ret
  48:	00008067          	ret
