
pr2_b.elf:     file format elf32-littleriscv
pr2_b.elf
architecture: riscv:rv32, flags 0x00000112:
EXEC_P, HAS_SYMS, D_PAGED
start address 0x00000000

Program Header:
    LOAD off    0x00001000 vaddr 0x00000000 paddr 0x00000000 align 2**12
         filesz 0x0000008c memsz 0x0000008c flags r-x
    LOAD off    0x00002000 vaddr 0x00010000 paddr 0x00010000 align 2**12
         filesz 0x00000020 memsz 0x00000048 flags rw-

Sections:
Idx Name              Size      VMA       LMA       File off  Algn  Flags
  0 .text             0000008c  00000000  00000000  00001000  2**2  CONTENTS, ALLOC, LOAD, READONLY, CODE
  1 .data             00000020  00010000  00010000  00002000  2**0  CONTENTS, ALLOC, LOAD, DATA
  2 .bss              00000028  00010020  00010020  00002020  2**0  ALLOC
  3 .riscv.attributes 0000001f  00000000  00000000  00002020  2**0  CONTENTS, READONLY
  4 .debug_line       000000f1  00000000  00000000  0000203f  2**0  CONTENTS, READONLY, DEBUGGING, OCTETS
  5 .debug_info       00000026  00000000  00000000  00002130  2**0  CONTENTS, READONLY, DEBUGGING, OCTETS
  6 .debug_abbrev     00000014  00000000  00000000  00002156  2**0  CONTENTS, READONLY, DEBUGGING, OCTETS
  7 .debug_aranges    00000020  00000000  00000000  00002170  2**3  CONTENTS, READONLY, DEBUGGING, OCTETS
  8 .debug_str        00000070  00000000  00000000  00002190  2**0  CONTENTS, READONLY, DEBUGGING, OCTETS
SYMBOL TABLE:
00000000 l    d  .text	00000000 .text
00010000 l    d  .data	00000000 .data
00010020 l    d  .bss	00000000 .bss
00000000 l    d  .riscv.attributes	00000000 .riscv.attributes
00000000 l    d  .debug_line	00000000 .debug_line
00000000 l    d  .debug_info	00000000 .debug_info
00000000 l    d  .debug_abbrev	00000000 .debug_abbrev
00000000 l    d  .debug_aranges	00000000 .debug_aranges
00000000 l    d  .debug_str	00000000 .debug_str
00000000 l    df *ABS*	00000000 ./pr2_b.o
00000008 l       *ABS*	00000000 N
00010000 l       *ABS*	00000000 INT_MAX
00010000 l       .data	00000000 V
00010020 l       .bss	00000000 W
00010040 l       .bss	00000000 min
00010044 l       .bss	00000000 ind
0000002c l       .text	00000000 for_j
00000088 l       .text	00000000 e_for_j
0000003c l       .text	00000000 for_i
00000064 l       .text	00000000 e_for_i
0000004c l       .text	00000000 if
0000005c l       .text	00000000 end_if
00000088 l       .text	00000000 fin
00000000 g       .text	00000000 main



Disassembly of section .text:

00000000 <main>:
main():
C:\Users\Catalina\Documents\Universidad\1-2\FC2\Ensamblador\FC2practicasWS\pr2_b\Debug/../pr2_b.asm:47
min: .space 4
ind: .space 4

.text
main:
	li t0, 0			//t0=j
   0:	00000293          	li	t0,0
C:\Users\Catalina\Documents\Universidad\1-2\FC2\Ensamblador\FC2practicasWS\pr2_b\Debug/../pr2_b.asm:48
	li t1, N			//t1=N(8)
   4:	00800313          	li	t1,8
C:\Users\Catalina\Documents\Universidad\1-2\FC2\Ensamblador\FC2practicasWS\pr2_b\Debug/../pr2_b.asm:49
	li t2, INT_MAX		//t2=INT_MAX
   8:	000103b7          	lui	t2,0x10
C:\Users\Catalina\Documents\Universidad\1-2\FC2\Ensamblador\FC2practicasWS\pr2_b\Debug/../pr2_b.asm:50
	la t3, V			//t3=@V
   c:	00010e17          	auipc	t3,0x10
  10:	ff4e0e13          	addi	t3,t3,-12 # 10000 <INT_MAX>
C:\Users\Catalina\Documents\Universidad\1-2\FC2\Ensamblador\FC2practicasWS\pr2_b\Debug/../pr2_b.asm:51
	la t4, W			//t4=@W
  14:	00010e97          	auipc	t4,0x10
  18:	00ce8e93          	addi	t4,t4,12 # 10020 <W>
C:\Users\Catalina\Documents\Universidad\1-2\FC2\Ensamblador\FC2practicasWS\pr2_b\Debug/../pr2_b.asm:52
	la t5, min			//t5=@min
  1c:	00010f17          	auipc	t5,0x10
  20:	024f0f13          	addi	t5,t5,36 # 10040 <min>
C:\Users\Catalina\Documents\Universidad\1-2\FC2\Ensamblador\FC2practicasWS\pr2_b\Debug/../pr2_b.asm:53
	la t6, ind			//t6=@ind
  24:	00010f97          	auipc	t6,0x10
  28:	020f8f93          	addi	t6,t6,32 # 10044 <ind>

0000002c <for_j>:
for_j():
C:\Users\Catalina\Documents\Universidad\1-2\FC2\Ensamblador\FC2practicasWS\pr2_b\Debug/../pr2_b.asm:58

	//i=s2

for_j:
	bge t0, t1, e_for_j
  2c:	0462de63          	bge	t0,t1,88 <e_for_j>
C:\Users\Catalina\Documents\Universidad\1-2\FC2\Ensamblador\FC2practicasWS\pr2_b\Debug/../pr2_b.asm:59
	mv s1, t2
  30:	00038493          	mv	s1,t2
C:\Users\Catalina\Documents\Universidad\1-2\FC2\Ensamblador\FC2practicasWS\pr2_b\Debug/../pr2_b.asm:60
	sw s1, 0(t5)    	//min=INT_MAX
  34:	009f2023          	sw	s1,0(t5)
C:\Users\Catalina\Documents\Universidad\1-2\FC2\Ensamblador\FC2practicasWS\pr2_b\Debug/../pr2_b.asm:61
	li s2, 0        	//s2=i=0
  38:	00000913          	li	s2,0

0000003c <for_i>:
for_i():
C:\Users\Catalina\Documents\Universidad\1-2\FC2\Ensamblador\FC2practicasWS\pr2_b\Debug/../pr2_b.asm:64

	for_i:
	bge s2, t1, e_for_i
  3c:	02695463          	bge	s2,t1,64 <e_for_i>
C:\Users\Catalina\Documents\Universidad\1-2\FC2\Ensamblador\FC2practicasWS\pr2_b\Debug/../pr2_b.asm:65
	slli s3, s2, 2   	// desplazamiento
  40:	00291993          	slli	s3,s2,0x2
C:\Users\Catalina\Documents\Universidad\1-2\FC2\Ensamblador\FC2practicasWS\pr2_b\Debug/../pr2_b.asm:66
	add s3, s3, t3   	// direccion
  44:	01c989b3          	add	s3,s3,t3
C:\Users\Catalina\Documents\Universidad\1-2\FC2\Ensamblador\FC2practicasWS\pr2_b\Debug/../pr2_b.asm:67
	lw s3, 0(s3)     	// s3= V[i]
  48:	0009a983          	lw	s3,0(s3)

0000004c <if>:
if():
C:\Users\Catalina\Documents\Universidad\1-2\FC2\Ensamblador\FC2practicasWS\pr2_b\Debug/../pr2_b.asm:70

		if:
		bge s3, s1, end_if //salta si s3 = v[i] >= s1 = min
  4c:	0099d863          	bge	s3,s1,5c <end_if>
C:\Users\Catalina\Documents\Universidad\1-2\FC2\Ensamblador\FC2practicasWS\pr2_b\Debug/../pr2_b.asm:71
		mv s1, s3
  50:	00098493          	mv	s1,s3
C:\Users\Catalina\Documents\Universidad\1-2\FC2\Ensamblador\FC2practicasWS\pr2_b\Debug/../pr2_b.asm:72
		sw s1, 0(t5)     //min=V[i]
  54:	009f2023          	sw	s1,0(t5)
C:\Users\Catalina\Documents\Universidad\1-2\FC2\Ensamblador\FC2practicasWS\pr2_b\Debug/../pr2_b.asm:73
		sw s2, 0(t6)     //ind=i
  58:	012fa023          	sw	s2,0(t6)

0000005c <end_if>:
end_if():
C:\Users\Catalina\Documents\Universidad\1-2\FC2\Ensamblador\FC2practicasWS\pr2_b\Debug/../pr2_b.asm:75
		end_if:
	addi s2, s2, 1    	//i++
  5c:	00190913          	addi	s2,s2,1
C:\Users\Catalina\Documents\Universidad\1-2\FC2\Ensamblador\FC2practicasWS\pr2_b\Debug/../pr2_b.asm:76
	j for_i
  60:	fddff06f          	j	3c <for_i>

00000064 <e_for_i>:
e_for_i():
C:\Users\Catalina\Documents\Universidad\1-2\FC2\Ensamblador\FC2practicasWS\pr2_b\Debug/../pr2_b.asm:81

	e_for_i:

	//W[j]=V[index]
	slli s4, t0, 2    //s4=desplazamiento
  64:	00229a13          	slli	s4,t0,0x2
C:\Users\Catalina\Documents\Universidad\1-2\FC2\Ensamblador\FC2practicasWS\pr2_b\Debug/../pr2_b.asm:82
	add s4, s4, t4    //s4=dirección elemento a colocar
  68:	01da0a33          	add	s4,s4,t4
C:\Users\Catalina\Documents\Universidad\1-2\FC2\Ensamblador\FC2practicasWS\pr2_b\Debug/../pr2_b.asm:83
	sw s1, 0(s4)      //W[j]=V[ind]
  6c:	009a2023          	sw	s1,0(s4)
C:\Users\Catalina\Documents\Universidad\1-2\FC2\Ensamblador\FC2practicasWS\pr2_b\Debug/../pr2_b.asm:86

	//V[index]=INT_MAX
	lw s5, 0(t6)      //s5=ind
  70:	000faa83          	lw	s5,0(t6)
C:\Users\Catalina\Documents\Universidad\1-2\FC2\Ensamblador\FC2practicasWS\pr2_b\Debug/../pr2_b.asm:87
	slli s5, s5, 2    //desplazamiento
  74:	002a9a93          	slli	s5,s5,0x2
C:\Users\Catalina\Documents\Universidad\1-2\FC2\Ensamblador\FC2practicasWS\pr2_b\Debug/../pr2_b.asm:88
	add s5, s5, t3    //direccion
  78:	01ca8ab3          	add	s5,s5,t3
C:\Users\Catalina\Documents\Universidad\1-2\FC2\Ensamblador\FC2practicasWS\pr2_b\Debug/../pr2_b.asm:89
	sw t2, 0(s5)      //V[index]=INT_MAX
  7c:	007aa023          	sw	t2,0(s5)
C:\Users\Catalina\Documents\Universidad\1-2\FC2\Ensamblador\FC2practicasWS\pr2_b\Debug/../pr2_b.asm:92

	//j++ y jump
	addi t0,t0,1
  80:	00128293          	addi	t0,t0,1
C:\Users\Catalina\Documents\Universidad\1-2\FC2\Ensamblador\FC2practicasWS\pr2_b\Debug/../pr2_b.asm:93
	j for_j
  84:	fa9ff06f          	j	2c <for_j>

00000088 <e_for_j>:
e_for_j():
C:\Users\Catalina\Documents\Universidad\1-2\FC2\Ensamblador\FC2practicasWS\pr2_b\Debug/../pr2_b.asm:95
e_for_j:
fin: j .
  88:	0000006f          	j	88 <e_for_j>
