09:25:50 **** Build of configuration Debug for project ej03 ****
make all 
'Building file: ../ej03.asm'
'Invoking: GNU RISC-V Cross Assembler'
riscv64-unknown-elf-gcc -march=rv32im -mabi=ilp32 -msmall-data-limit=8 -mno-save-restore -O0 -fmessage-length=0 -fsigned-char -ffunction-sections -fdata-sections  -g3 -x assembler-with-cpp -MMD -MP -MF"ej03.d" -MT"ej03.o" -c -o "ej03.o" "../ej03.asm"
'Finished building: ../ej03.asm'
' '
'Building target: ej03.elf'
'Invoking: GNU RISC-V Cross C Linker'
riscv64-unknown-elf-gcc -march=rv32im -mabi=ilp32 -msmall-data-limit=8 -mno-save-restore -O0 -fmessage-length=0 -fsigned-char -ffunction-sections -fdata-sections  -g3 -T "C:\Users\Catalina\Documents\Universidad\1-2\FC2\Ensamblador\FC2problemasWS\ej03\ldscript.ld" -nostartfiles -Xlinker --gc-sections -Wl,-Map,"ej03.map" -o "ej03.elf"  ./ej03.o   
'Finished building target: ej03.elf'
' '
'Invoking: GNU RISC-V Cross Create Flash Image'
riscv64-unknown-elf-objcopy -O ihex "ej03.elf"  "ej03.hex"
'Finished building: ej03.hex'
' '
'Invoking: GNU RISC-V Cross Create Listing'
riscv64-unknown-elf-objdump --source --all-headers --demangle --disassemble --line-numbers --wide "ej03.elf" > "ej03.lst"
'Finished building: ej03.lst'
' '
'Invoking: GNU RISC-V Cross Print Size'
riscv64-unknown-elf-size --format=berkeley "ej03.elf"
   text	   data	    bss	    dec	    hex	filename
     60	      8	      0	     68	     44	ej03.elf
'Finished building: ej03.siz'
' '
09:26:43 **** Incremental Build of configuration Debug for project ej03 ****
make all 
'Invoking: GNU RISC-V Cross Print Size'
riscv64-unknown-elf-size --format=berkeley "ej03.elf"
   text	   data	    bss	    dec	    hex	filename
     60	      8	      0	     68	     44	ej03.elf
'Finished building: ej03.siz'
' '
