
ej13.elf:     file format elf32-littleriscv
ej13.elf
architecture: riscv:rv32, flags 0x00000112:
EXEC_P, HAS_SYMS, D_PAGED
start address 0x00000000

Program Header:
    LOAD off    0x00001000 vaddr 0x00000000 paddr 0x00000000 align 2**12
         filesz 0x00000068 memsz 0x00000068 flags r-x
    LOAD off    0x00002000 vaddr 0x00010000 paddr 0x00010000 align 2**12
         filesz 0x00000050 memsz 0x00000078 flags rw-

Sections:
Idx Name              Size      VMA       LMA       File off  Algn  Flags
  0 .text             00000068  00000000  00000000  00001000  2**2  CONTENTS, ALLOC, LOAD, READONLY, CODE
  1 .data             00000050  00010000  00010000  00002000  2**0  CONTENTS, ALLOC, LOAD, DATA
  2 .bss              00000028  00010050  00010050  00002050  2**0  ALLOC
  3 .riscv.attributes 0000001f  00000000  00000000  00002050  2**0  CONTENTS, READONLY
  4 .debug_line       000000c0  00000000  00000000  0000206f  2**0  CONTENTS, READONLY, DEBUGGING, OCTETS
  5 .debug_info       00000026  00000000  00000000  0000212f  2**0  CONTENTS, READONLY, DEBUGGING, OCTETS
  6 .debug_abbrev     00000014  00000000  00000000  00002155  2**0  CONTENTS, READONLY, DEBUGGING, OCTETS
  7 .debug_aranges    00000020  00000000  00000000  00002170  2**3  CONTENTS, READONLY, DEBUGGING, OCTETS
  8 .debug_str        0000006e  00000000  00000000  00002190  2**0  CONTENTS, READONLY, DEBUGGING, OCTETS
SYMBOL TABLE:
00000000 l    d  .text	00000000 .text
00010000 l    d  .data	00000000 .data
00010050 l    d  .bss	00000000 .bss
00000000 l    d  .riscv.attributes	00000000 .riscv.attributes
00000000 l    d  .debug_line	00000000 .debug_line
00000000 l    d  .debug_info	00000000 .debug_info
00000000 l    d  .debug_abbrev	00000000 .debug_abbrev
00000000 l    d  .debug_aranges	00000000 .debug_aranges
00000000 l    d  .debug_str	00000000 .debug_str
00000000 l    df *ABS*	00000000 ./ej13.o
0000000a l       *ABS*	00000000 n
00010000 l       .data	00000000 A
00010028 l       .data	00000000 B
00010050 l       .bss	00000000 C
00000008 l       .text	00000000 for
00000064 l       .text	00000000 fin_for
00000048 l       .text	00000000 store
00000000 g       .text	00000000 main



Disassembly of section .text:

00000000 <main>:
main():
C:\Users\Catalina\Documents\Universidad\1-2\FC2\Ensamblador\FC2problemasWS\ej13\Debug/../ej13.asm:38
.bss
C:      .space 40 #2,4,6,8,10,12,14,16,18,20

.text
main:
    li   t1,n       # t1=n=10
   0:	00a00313          	li	t1,10
C:\Users\Catalina\Documents\Universidad\1-2\FC2\Ensamblador\FC2problemasWS\ej13\Debug/../ej13.asm:39
    mv   t2,zero    # t2 es i
   4:	00000393          	li	t2,0

00000008 <for>:
for():
C:\Users\Catalina\Documents\Universidad\1-2\FC2\Ensamblador\FC2problemasWS\ej13\Debug/../ej13.asm:41
for:
    bge  t2,t1, fin_for
   8:	0463de63          	bge	t2,t1,64 <fin_for>
C:\Users\Catalina\Documents\Universidad\1-2\FC2\Ensamblador\FC2problemasWS\ej13\Debug/../ej13.asm:42
    la   t3,A       # t3 =@base A
   c:	00010e17          	auipc	t3,0x10
  10:	ff4e0e13          	addi	t3,t3,-12 # 10000 <A>
C:\Users\Catalina\Documents\Universidad\1-2\FC2\Ensamblador\FC2problemasWS\ej13\Debug/../ej13.asm:43
    slli t4,t2,2    # i*4
  14:	00239e93          	slli	t4,t2,0x2
C:\Users\Catalina\Documents\Universidad\1-2\FC2\Ensamblador\FC2problemasWS\ej13\Debug/../ej13.asm:44
    add  t4, t4,t3  # @efectiva de i
  18:	01ce8eb3          	add	t4,t4,t3
C:\Users\Catalina\Documents\Universidad\1-2\FC2\Ensamblador\FC2problemasWS\ej13\Debug/../ej13.asm:45
    lw   s1,0(t4)   # s1=A[i]
  1c:	000ea483          	lw	s1,0(t4)
C:\Users\Catalina\Documents\Universidad\1-2\FC2\Ensamblador\FC2problemasWS\ej13\Debug/../ej13.asm:46
    la   t3,B       # t3 =@base de B
  20:	00010e17          	auipc	t3,0x10
  24:	008e0e13          	addi	t3,t3,8 # 10028 <B>
C:\Users\Catalina\Documents\Universidad\1-2\FC2\Ensamblador\FC2problemasWS\ej13\Debug/../ej13.asm:47
    li   t4,9       # t4=9
  28:	00900e93          	li	t4,9
C:\Users\Catalina\Documents\Universidad\1-2\FC2\Ensamblador\FC2problemasWS\ej13\Debug/../ej13.asm:48
    sub  t4,t4,t2   # t4=9-i
  2c:	407e8eb3          	sub	t4,t4,t2
C:\Users\Catalina\Documents\Universidad\1-2\FC2\Ensamblador\FC2problemasWS\ej13\Debug/../ej13.asm:49
    slli t4,t4,2
  30:	002e9e93          	slli	t4,t4,0x2
C:\Users\Catalina\Documents\Universidad\1-2\FC2\Ensamblador\FC2problemasWS\ej13\Debug/../ej13.asm:50
    add  t4,t4,t3
  34:	01ce8eb3          	add	t4,t4,t3
C:\Users\Catalina\Documents\Universidad\1-2\FC2\Ensamblador\FC2problemasWS\ej13\Debug/../ej13.asm:51
    lw   s2,0(t4)
  38:	000ea903          	lw	s2,0(t4)
C:\Users\Catalina\Documents\Universidad\1-2\FC2\Ensamblador\FC2problemasWS\ej13\Debug/../ej13.asm:52
    add  s1,s1,s2
  3c:	012484b3          	add	s1,s1,s2
C:\Users\Catalina\Documents\Universidad\1-2\FC2\Ensamblador\FC2problemasWS\ej13\Debug/../ej13.asm:53
    bge  s1,zero, store
  40:	0004d463          	bgez	s1,48 <store>
C:\Users\Catalina\Documents\Universidad\1-2\FC2\Ensamblador\FC2problemasWS\ej13\Debug/../ej13.asm:54
    sub  s1,zero,s1 # negativo
  44:	409004b3          	neg	s1,s1

00000048 <store>:
store():
C:\Users\Catalina\Documents\Universidad\1-2\FC2\Ensamblador\FC2problemasWS\ej13\Debug/../ej13.asm:56
store:
    la   t3,C
  48:	00010e17          	auipc	t3,0x10
  4c:	008e0e13          	addi	t3,t3,8 # 10050 <C>
C:\Users\Catalina\Documents\Universidad\1-2\FC2\Ensamblador\FC2problemasWS\ej13\Debug/../ej13.asm:57
    slli t4,t2,2    # i*4
  50:	00239e93          	slli	t4,t2,0x2
C:\Users\Catalina\Documents\Universidad\1-2\FC2\Ensamblador\FC2problemasWS\ej13\Debug/../ej13.asm:58
    add  t4, t4,t3  # @efectiva de i
  54:	01ce8eb3          	add	t4,t4,t3
C:\Users\Catalina\Documents\Universidad\1-2\FC2\Ensamblador\FC2problemasWS\ej13\Debug/../ej13.asm:59
    sw   s1,0(t4)
  58:	009ea023          	sw	s1,0(t4)
C:\Users\Catalina\Documents\Universidad\1-2\FC2\Ensamblador\FC2problemasWS\ej13\Debug/../ej13.asm:60
    addi t2,t2,1
  5c:	00138393          	addi	t2,t2,1
C:\Users\Catalina\Documents\Universidad\1-2\FC2\Ensamblador\FC2problemasWS\ej13\Debug/../ej13.asm:61
    j    for
  60:	fa9ff06f          	j	8 <for>

00000064 <fin_for>:
fin_for():
C:\Users\Catalina\Documents\Universidad\1-2\FC2\Ensamblador\FC2problemasWS\ej13\Debug/../ej13.asm:63
fin_for:
    j .
  64:	0000006f          	j	64 <fin_for>
